{"D:\\Career\\Qafzly\\src\\controllers\\admin.controller.ts": {"path":"D:\\Career\\Qafzly\\src\\controllers\\admin.controller.ts","statementMap":{"0":{"start":{"line":2,"column":0},"end":{"line":2,"column":53}},"1":{"start":{"line":3,"column":0},"end":{"line":3,"column":51}},"2":{"start":{"line":4,"column":0},"end":{"line":4,"column":58}},"3":{"start":{"line":6,"column":13},"end":{"line":15,"column":3}},"4":{"start":{"line":7,"column":50},"end":{"line":7,"column":66}},"5":{"start":{"line":8,"column":19},"end":{"line":8,"column":86}},"6":{"start":{"line":9,"column":4},"end":{"line":14,"column":7}},"7":{"start":{"line":17,"column":13},"end":{"line":20,"column":3}},"8":{"start":{"line":18,"column":17},"end":{"line":18,"column":72}},"9":{"start":{"line":19,"column":4},"end":{"line":19,"column":65}},"10":{"start":{"line":22,"column":13},"end":{"line":25,"column":3}},"11":{"start":{"line":23,"column":17},"end":{"line":23,"column":83}},"12":{"start":{"line":24,"column":4},"end":{"line":24,"column":60}},"13":{"start":{"line":27,"column":13},"end":{"line":30,"column":3}},"14":{"start":{"line":28,"column":17},"end":{"line":28,"column":91}},"15":{"start":{"line":29,"column":4},"end":{"line":29,"column":60}},"16":{"start":{"line":32,"column":13},"end":{"line":35,"column":3}},"17":{"start":{"line":33,"column":17},"end":{"line":33,"column":73}},"18":{"start":{"line":34,"column":4},"end":{"line":34,"column":60}},"19":{"start":{"line":37,"column":13},"end":{"line":40,"column":3}},"20":{"start":{"line":38,"column":17},"end":{"line":38,"column":88}},"21":{"start":{"line":39,"column":4},"end":{"line":39,"column":64}}},"fnMap":{"0":{"name":"(anonymous_6)","decl":{"start":{"line":6,"column":38},"end":{"line":6,"column":43}},"loc":{"start":{"line":6,"column":76},"end":{"line":15,"column":1}}},"1":{"name":"(anonymous_7)","decl":{"start":{"line":17,"column":36},"end":{"line":17,"column":41}},"loc":{"start":{"line":17,"column":74},"end":{"line":20,"column":1}}},"2":{"name":"(anonymous_8)","decl":{"start":{"line":22,"column":39},"end":{"line":22,"column":44}},"loc":{"start":{"line":22,"column":77},"end":{"line":25,"column":1}}},"3":{"name":"(anonymous_9)","decl":{"start":{"line":27,"column":40},"end":{"line":27,"column":45}},"loc":{"start":{"line":27,"column":78},"end":{"line":30,"column":1}}},"4":{"name":"(anonymous_10)","decl":{"start":{"line":32,"column":41},"end":{"line":32,"column":46}},"loc":{"start":{"line":32,"column":79},"end":{"line":35,"column":1}}},"5":{"name":"(anonymous_11)","decl":{"start":{"line":37,"column":39},"end":{"line":37,"column":44}},"loc":{"start":{"line":37,"column":77},"end":{"line":40,"column":1}}}},"branchMap":{},"s":{"0":0,"1":0,"2":0,"3":0,"4":0,"5":0,"6":0,"7":0,"8":0,"9":0,"10":0,"11":0,"12":0,"13":0,"14":0,"15":0,"16":0,"17":0,"18":0,"19":0,"20":0,"21":0},"f":{"0":0,"1":0,"2":0,"3":0,"4":0,"5":0},"b":{}}
,"D:\\Career\\Qafzly\\src\\controllers\\auth.controller.ts": {"path":"D:\\Career\\Qafzly\\src\\controllers\\auth.controller.ts","statementMap":{"0":{"start":{"line":2,"column":0},"end":{"line":2,"column":53}},"1":{"start":{"line":3,"column":0},"end":{"line":3,"column":51}},"2":{"start":{"line":4,"column":0},"end":{"line":4,"column":56}},"3":{"start":{"line":6,"column":13},"end":{"line":9,"column":3}},"4":{"start":{"line":7,"column":19},"end":{"line":7,"column":55}},"5":{"start":{"line":8,"column":4},"end":{"line":8,"column":66}},"6":{"start":{"line":11,"column":13},"end":{"line":15,"column":3}},"7":{"start":{"line":12,"column":32},"end":{"line":12,"column":40}},"8":{"start":{"line":13,"column":19},"end":{"line":13,"column":59}},"9":{"start":{"line":14,"column":4},"end":{"line":14,"column":66}},"10":{"start":{"line":17,"column":13},"end":{"line":21,"column":3}},"11":{"start":{"line":18,"column":29},"end":{"line":18,"column":37}},"12":{"start":{"line":19,"column":19},"end":{"line":19,"column":63}},"13":{"start":{"line":20,"column":4},"end":{"line":20,"column":64}},"14":{"start":{"line":23,"column":13},"end":{"line":27,"column":3}},"15":{"start":{"line":24,"column":24},"end":{"line":24,"column":40}},"16":{"start":{"line":25,"column":19},"end":{"line":25,"column":51}},"17":{"start":{"line":26,"column":4},"end":{"line":26,"column":66}},"18":{"start":{"line":29,"column":13},"end":{"line":33,"column":3}},"19":{"start":{"line":30,"column":22},"end":{"line":30,"column":30}},"20":{"start":{"line":31,"column":19},"end":{"line":31,"column":58}},"21":{"start":{"line":32,"column":4},"end":{"line":32,"column":104}},"22":{"start":{"line":35,"column":13},"end":{"line":39,"column":3}},"23":{"start":{"line":36,"column":35},"end":{"line":36,"column":43}},"24":{"start":{"line":37,"column":19},"end":{"line":37,"column":70}},"25":{"start":{"line":38,"column":4},"end":{"line":38,"column":71}}},"fnMap":{"0":{"name":"(anonymous_6)","decl":{"start":{"line":6,"column":37},"end":{"line":6,"column":42}},"loc":{"start":{"line":6,"column":75},"end":{"line":9,"column":1}}},"1":{"name":"(anonymous_7)","decl":{"start":{"line":11,"column":34},"end":{"line":11,"column":39}},"loc":{"start":{"line":11,"column":72},"end":{"line":15,"column":1}}},"2":{"name":"(anonymous_8)","decl":{"start":{"line":17,"column":36},"end":{"line":17,"column":41}},"loc":{"start":{"line":17,"column":74},"end":{"line":21,"column":1}}},"3":{"name":"(anonymous_9)","decl":{"start":{"line":23,"column":35},"end":{"line":23,"column":40}},"loc":{"start":{"line":23,"column":73},"end":{"line":27,"column":1}}},"4":{"name":"(anonymous_10)","decl":{"start":{"line":29,"column":43},"end":{"line":29,"column":48}},"loc":{"start":{"line":29,"column":81},"end":{"line":33,"column":1}}},"5":{"name":"(anonymous_11)","decl":{"start":{"line":35,"column":42},"end":{"line":35,"column":47}},"loc":{"start":{"line":35,"column":80},"end":{"line":39,"column":1}}}},"branchMap":{},"s":{"0":0,"1":0,"2":0,"3":0,"4":0,"5":0,"6":0,"7":0,"8":0,"9":0,"10":0,"11":0,"12":0,"13":0,"14":0,"15":0,"16":0,"17":0,"18":0,"19":0,"20":0,"21":0,"22":0,"23":0,"24":0,"25":0},"f":{"0":0,"1":0,"2":0,"3":0,"4":0,"5":0},"b":{}}
,"D:\\Career\\Qafzly\\src\\controllers\\bossBattle.controller.ts": {"path":"D:\\Career\\Qafzly\\src\\controllers\\bossBattle.controller.ts","statementMap":{"0":{"start":{"line":2,"column":0},"end":{"line":2,"column":53}},"1":{"start":{"line":3,"column":0},"end":{"line":3,"column":51}},"2":{"start":{"line":4,"column":0},"end":{"line":4,"column":68}},"3":{"start":{"line":6,"column":13},"end":{"line":10,"column":3}},"4":{"start":{"line":7,"column":25},"end":{"line":7,"column":35}},"5":{"start":{"line":8,"column":23},"end":{"line":8,"column":95}},"6":{"start":{"line":9,"column":4},"end":{"line":9,"column":70}},"7":{"start":{"line":12,"column":13},"end":{"line":15,"column":3}},"8":{"start":{"line":13,"column":23},"end":{"line":13,"column":106}},"9":{"start":{"line":14,"column":4},"end":{"line":14,"column":70}},"10":{"start":{"line":17,"column":13},"end":{"line":20,"column":3}},"11":{"start":{"line":18,"column":4},"end":{"line":18,"column":76}},"12":{"start":{"line":19,"column":4},"end":{"line":19,"column":62}},"13":{"start":{"line":22,"column":13},"end":{"line":27,"column":3}},"14":{"start":{"line":23,"column":25},"end":{"line":23,"column":35}},"15":{"start":{"line":24,"column":20},"end":{"line":24,"column":44}},"16":{"start":{"line":25,"column":19},"end":{"line":25,"column":86}},"17":{"start":{"line":26,"column":4},"end":{"line":26,"column":64}},"18":{"start":{"line":29,"column":13},"end":{"line":34,"column":3}},"19":{"start":{"line":30,"column":25},"end":{"line":30,"column":35}},"20":{"start":{"line":31,"column":20},"end":{"line":31,"column":43}},"21":{"start":{"line":32,"column":19},"end":{"line":32,"column":107}},"22":{"start":{"line":33,"column":4},"end":{"line":33,"column":63}}},"fnMap":{"0":{"name":"(anonymous_6)","decl":{"start":{"line":6,"column":45},"end":{"line":6,"column":50}},"loc":{"start":{"line":6,"column":83},"end":{"line":10,"column":1}}},"1":{"name":"(anonymous_7)","decl":{"start":{"line":12,"column":45},"end":{"line":12,"column":50}},"loc":{"start":{"line":12,"column":83},"end":{"line":15,"column":1}}},"2":{"name":"(anonymous_8)","decl":{"start":{"line":17,"column":45},"end":{"line":17,"column":50}},"loc":{"start":{"line":17,"column":83},"end":{"line":20,"column":1}}},"3":{"name":"(anonymous_9)","decl":{"start":{"line":22,"column":42},"end":{"line":22,"column":47}},"loc":{"start":{"line":22,"column":80},"end":{"line":27,"column":1}}},"4":{"name":"(anonymous_10)","decl":{"start":{"line":29,"column":45},"end":{"line":29,"column":50}},"loc":{"start":{"line":29,"column":83},"end":{"line":34,"column":1}}}},"branchMap":{},"s":{"0":0,"1":0,"2":0,"3":0,"4":0,"5":0,"6":0,"7":0,"8":0,"9":0,"10":0,"11":0,"12":0,"13":0,"14":0,"15":0,"16":0,"17":0,"18":0,"19":0,"20":0,"21":0,"22":0},"f":{"0":0,"1":0,"2":0,"3":0,"4":0},"b":{}}
,"D:\\Career\\Qafzly\\src\\controllers\\category.controller.ts": {"path":"D:\\Career\\Qafzly\\src\\controllers\\category.controller.ts","statementMap":{"0":{"start":{"line":2,"column":0},"end":{"line":2,"column":53}},"1":{"start":{"line":3,"column":0},"end":{"line":3,"column":51}},"2":{"start":{"line":4,"column":0},"end":{"line":4,"column":64}},"3":{"start":{"line":6,"column":13},"end":{"line":9,"column":3}},"4":{"start":{"line":7,"column":21},"end":{"line":7,"column":67}},"5":{"start":{"line":8,"column":4},"end":{"line":8,"column":69}},"6":{"start":{"line":11,"column":13},"end":{"line":20,"column":3}},"7":{"start":{"line":12,"column":46},"end":{"line":12,"column":62}},"8":{"start":{"line":13,"column":19},"end":{"line":13,"column":90}},"9":{"start":{"line":14,"column":4},"end":{"line":19,"column":7}},"10":{"start":{"line":22,"column":13},"end":{"line":25,"column":3}},"11":{"start":{"line":23,"column":21},"end":{"line":23,"column":83}},"12":{"start":{"line":24,"column":4},"end":{"line":24,"column":61}},"13":{"start":{"line":27,"column":13},"end":{"line":30,"column":3}},"14":{"start":{"line":28,"column":21},"end":{"line":28,"column":94}},"15":{"start":{"line":29,"column":4},"end":{"line":29,"column":63}},"16":{"start":{"line":32,"column":13},"end":{"line":35,"column":3}},"17":{"start":{"line":33,"column":4},"end":{"line":33,"column":66}},"18":{"start":{"line":34,"column":4},"end":{"line":34,"column":57}}},"fnMap":{"0":{"name":"(anonymous_6)","decl":{"start":{"line":6,"column":43},"end":{"line":6,"column":48}},"loc":{"start":{"line":6,"column":81},"end":{"line":9,"column":1}}},"1":{"name":"(anonymous_7)","decl":{"start":{"line":11,"column":43},"end":{"line":11,"column":48}},"loc":{"start":{"line":11,"column":81},"end":{"line":20,"column":1}}},"2":{"name":"(anonymous_8)","decl":{"start":{"line":22,"column":40},"end":{"line":22,"column":45}},"loc":{"start":{"line":22,"column":78},"end":{"line":25,"column":1}}},"3":{"name":"(anonymous_9)","decl":{"start":{"line":27,"column":43},"end":{"line":27,"column":48}},"loc":{"start":{"line":27,"column":81},"end":{"line":30,"column":1}}},"4":{"name":"(anonymous_10)","decl":{"start":{"line":32,"column":43},"end":{"line":32,"column":48}},"loc":{"start":{"line":32,"column":81},"end":{"line":35,"column":1}}}},"branchMap":{},"s":{"0":0,"1":0,"2":0,"3":0,"4":0,"5":0,"6":0,"7":0,"8":0,"9":0,"10":0,"11":0,"12":0,"13":0,"14":0,"15":0,"16":0,"17":0,"18":0},"f":{"0":0,"1":0,"2":0,"3":0,"4":0},"b":{}}
,"D:\\Career\\Qafzly\\src\\controllers\\enrollment.controller.ts": {"path":"D:\\Career\\Qafzly\\src\\controllers\\enrollment.controller.ts","statementMap":{"0":{"start":{"line":2,"column":0},"end":{"line":2,"column":53}},"1":{"start":{"line":3,"column":0},"end":{"line":3,"column":51}},"2":{"start":{"line":4,"column":0},"end":{"line":4,"column":68}},"3":{"start":{"line":6,"column":13},"end":{"line":11,"column":3}},"4":{"start":{"line":7,"column":20},"end":{"line":7,"column":43}},"5":{"start":{"line":8,"column":23},"end":{"line":8,"column":33}},"6":{"start":{"line":9,"column":23},"end":{"line":9,"column":85}},"7":{"start":{"line":10,"column":4},"end":{"line":10,"column":75}},"8":{"start":{"line":13,"column":13},"end":{"line":18,"column":3}},"9":{"start":{"line":14,"column":20},"end":{"line":14,"column":43}},"10":{"start":{"line":15,"column":23},"end":{"line":15,"column":33}},"11":{"start":{"line":16,"column":23},"end":{"line":16,"column":87}},"12":{"start":{"line":17,"column":4},"end":{"line":17,"column":75}},"13":{"start":{"line":20,"column":13},"end":{"line":30,"column":3}},"14":{"start":{"line":21,"column":20},"end":{"line":21,"column":43}},"15":{"start":{"line":22,"column":28},"end":{"line":22,"column":44}},"16":{"start":{"line":23,"column":19},"end":{"line":23,"column":87}},"17":{"start":{"line":24,"column":4},"end":{"line":29,"column":7}},"18":{"start":{"line":32,"column":13},"end":{"line":42,"column":3}},"19":{"start":{"line":33,"column":23},"end":{"line":33,"column":33}},"20":{"start":{"line":34,"column":28},"end":{"line":34,"column":44}},"21":{"start":{"line":35,"column":19},"end":{"line":35,"column":99}},"22":{"start":{"line":36,"column":4},"end":{"line":41,"column":7}}},"fnMap":{"0":{"name":"(anonymous_6)","decl":{"start":{"line":6,"column":35},"end":{"line":6,"column":40}},"loc":{"start":{"line":6,"column":73},"end":{"line":11,"column":1}}},"1":{"name":"(anonymous_7)","decl":{"start":{"line":13,"column":37},"end":{"line":13,"column":42}},"loc":{"start":{"line":13,"column":75},"end":{"line":18,"column":1}}},"2":{"name":"(anonymous_8)","decl":{"start":{"line":20,"column":42},"end":{"line":20,"column":47}},"loc":{"start":{"line":20,"column":80},"end":{"line":30,"column":1}}},"3":{"name":"(anonymous_9)","decl":{"start":{"line":32,"column":44},"end":{"line":32,"column":49}},"loc":{"start":{"line":32,"column":82},"end":{"line":42,"column":1}}}},"branchMap":{},"s":{"0":0,"1":0,"2":0,"3":0,"4":0,"5":0,"6":0,"7":0,"8":0,"9":0,"10":0,"11":0,"12":0,"13":0,"14":0,"15":0,"16":0,"17":0,"18":0,"19":0,"20":0,"21":0,"22":0},"f":{"0":0,"1":0,"2":0,"3":0},"b":{}}
,"D:\\Career\\Qafzly\\src\\controllers\\forum.controller.ts": {"path":"D:\\Career\\Qafzly\\src\\controllers\\forum.controller.ts","statementMap":{"0":{"start":{"line":2,"column":0},"end":{"line":2,"column":53}},"1":{"start":{"line":3,"column":0},"end":{"line":3,"column":51}},"2":{"start":{"line":4,"column":0},"end":{"line":4,"column":45}},"3":{"start":{"line":5,"column":0},"end":{"line":5,"column":58}},"4":{"start":{"line":7,"column":13},"end":{"line":15,"column":3}},"5":{"start":{"line":8,"column":19},"end":{"line":8,"column":63}},"6":{"start":{"line":9,"column":4},"end":{"line":14,"column":7}},"7":{"start":{"line":17,"column":13},"end":{"line":21,"column":3}},"8":{"start":{"line":18,"column":20},"end":{"line":18,"column":43}},"9":{"start":{"line":19,"column":17},"end":{"line":19,"column":64}},"10":{"start":{"line":20,"column":4},"end":{"line":20,"column":65}},"11":{"start":{"line":23,"column":13},"end":{"line":28,"column":3}},"12":{"start":{"line":24,"column":20},"end":{"line":24,"column":44}},"13":{"start":{"line":25,"column":21},"end":{"line":25,"column":55}},"14":{"start":{"line":26,"column":17},"end":{"line":26,"column":91}},"15":{"start":{"line":27,"column":4},"end":{"line":27,"column":63}},"16":{"start":{"line":30,"column":13},"end":{"line":38,"column":3}},"17":{"start":{"line":31,"column":19},"end":{"line":31,"column":58}},"18":{"start":{"line":32,"column":4},"end":{"line":37,"column":7}},"19":{"start":{"line":40,"column":13},"end":{"line":45,"column":3}},"20":{"start":{"line":41,"column":20},"end":{"line":41,"column":43}},"21":{"start":{"line":42,"column":21},"end":{"line":42,"column":54}},"22":{"start":{"line":43,"column":17},"end":{"line":43,"column":100}},"23":{"start":{"line":44,"column":4},"end":{"line":44,"column":65}},"24":{"start":{"line":47,"column":13},"end":{"line":52,"column":3}},"25":{"start":{"line":48,"column":20},"end":{"line":48,"column":43}},"26":{"start":{"line":49,"column":21},"end":{"line":49,"column":54}},"27":{"start":{"line":50,"column":4},"end":{"line":50,"column":78}},"28":{"start":{"line":51,"column":4},"end":{"line":51,"column":63}},"29":{"start":{"line":54,"column":13},"end":{"line":58,"column":3}},"30":{"start":{"line":55,"column":20},"end":{"line":55,"column":43}},"31":{"start":{"line":56,"column":20},"end":{"line":56,"column":98}},"32":{"start":{"line":57,"column":4},"end":{"line":57,"column":68}},"33":{"start":{"line":60,"column":13},"end":{"line":68,"column":3}},"34":{"start":{"line":61,"column":19},"end":{"line":61,"column":91}},"35":{"start":{"line":62,"column":4},"end":{"line":67,"column":7}},"36":{"start":{"line":70,"column":13},"end":{"line":75,"column":3}},"37":{"start":{"line":71,"column":20},"end":{"line":71,"column":43}},"38":{"start":{"line":72,"column":21},"end":{"line":72,"column":54}},"39":{"start":{"line":73,"column":20},"end":{"line":73,"column":106}},"40":{"start":{"line":74,"column":4},"end":{"line":74,"column":68}},"41":{"start":{"line":77,"column":13},"end":{"line":82,"column":3}},"42":{"start":{"line":78,"column":20},"end":{"line":78,"column":43}},"43":{"start":{"line":79,"column":21},"end":{"line":79,"column":54}},"44":{"start":{"line":80,"column":4},"end":{"line":80,"column":81}},"45":{"start":{"line":81,"column":4},"end":{"line":81,"column":63}},"46":{"start":{"line":84,"column":13},"end":{"line":88,"column":3}},"47":{"start":{"line":85,"column":20},"end":{"line":85,"column":43}},"48":{"start":{"line":86,"column":4},"end":{"line":86,"column":74}},"49":{"start":{"line":87,"column":4},"end":{"line":87,"column":59}},"50":{"start":{"line":90,"column":13},"end":{"line":94,"column":3}},"51":{"start":{"line":91,"column":20},"end":{"line":91,"column":43}},"52":{"start":{"line":92,"column":4},"end":{"line":92,"column":75}},"53":{"start":{"line":93,"column":4},"end":{"line":93,"column":59}},"54":{"start":{"line":96,"column":13},"end":{"line":100,"column":3}},"55":{"start":{"line":97,"column":20},"end":{"line":97,"column":43}},"56":{"start":{"line":98,"column":4},"end":{"line":98,"column":77}},"57":{"start":{"line":99,"column":4},"end":{"line":99,"column":59}},"58":{"start":{"line":102,"column":13},"end":{"line":106,"column":3}},"59":{"start":{"line":103,"column":20},"end":{"line":103,"column":43}},"60":{"start":{"line":104,"column":4},"end":{"line":104,"column":78}},"61":{"start":{"line":105,"column":4},"end":{"line":105,"column":59}},"62":{"start":{"line":108,"column":13},"end":{"line":112,"column":3}},"63":{"start":{"line":109,"column":20},"end":{"line":109,"column":43}},"64":{"start":{"line":110,"column":17},"end":{"line":110,"column":105}},"65":{"start":{"line":111,"column":4},"end":{"line":111,"column":68}},"66":{"start":{"line":114,"column":13},"end":{"line":124,"column":3}},"67":{"start":{"line":115,"column":33},"end":{"line":115,"column":49}},"68":{"start":{"line":116,"column":4},"end":{"line":116,"column":57}},"69":{"start":{"line":116,"column":12},"end":{"line":116,"column":57}},"70":{"start":{"line":117,"column":19},"end":{"line":117,"column":64}},"71":{"start":{"line":118,"column":4},"end":{"line":123,"column":7}}},"fnMap":{"0":{"name":"(anonymous_6)","decl":{"start":{"line":7,"column":43},"end":{"line":7,"column":48}},"loc":{"start":{"line":7,"column":81},"end":{"line":15,"column":1}}},"1":{"name":"(anonymous_7)","decl":{"start":{"line":17,"column":39},"end":{"line":17,"column":44}},"loc":{"start":{"line":17,"column":77},"end":{"line":21,"column":1}}},"2":{"name":"(anonymous_8)","decl":{"start":{"line":23,"column":36},"end":{"line":23,"column":41}},"loc":{"start":{"line":23,"column":74},"end":{"line":28,"column":1}}},"3":{"name":"(anonymous_9)","decl":{"start":{"line":30,"column":38},"end":{"line":30,"column":43}},"loc":{"start":{"line":30,"column":76},"end":{"line":38,"column":1}}},"4":{"name":"(anonymous_10)","decl":{"start":{"line":40,"column":39},"end":{"line":40,"column":44}},"loc":{"start":{"line":40,"column":77},"end":{"line":45,"column":1}}},"5":{"name":"(anonymous_11)","decl":{"start":{"line":47,"column":39},"end":{"line":47,"column":44}},"loc":{"start":{"line":47,"column":77},"end":{"line":52,"column":1}}},"6":{"name":"(anonymous_12)","decl":{"start":{"line":54,"column":39},"end":{"line":54,"column":44}},"loc":{"start":{"line":54,"column":77},"end":{"line":58,"column":1}}},"7":{"name":"(anonymous_13)","decl":{"start":{"line":60,"column":40},"end":{"line":60,"column":45}},"loc":{"start":{"line":60,"column":78},"end":{"line":68,"column":1}}},"8":{"name":"(anonymous_14)","decl":{"start":{"line":70,"column":42},"end":{"line":70,"column":47}},"loc":{"start":{"line":70,"column":80},"end":{"line":75,"column":1}}},"9":{"name":"(anonymous_15)","decl":{"start":{"line":77,"column":42},"end":{"line":77,"column":47}},"loc":{"start":{"line":77,"column":80},"end":{"line":82,"column":1}}},"10":{"name":"(anonymous_16)","decl":{"start":{"line":84,"column":39},"end":{"line":84,"column":44}},"loc":{"start":{"line":84,"column":77},"end":{"line":88,"column":1}}},"11":{"name":"(anonymous_17)","decl":{"start":{"line":90,"column":41},"end":{"line":90,"column":46}},"loc":{"start":{"line":90,"column":79},"end":{"line":94,"column":1}}},"12":{"name":"(anonymous_18)","decl":{"start":{"line":96,"column":42},"end":{"line":96,"column":47}},"loc":{"start":{"line":96,"column":80},"end":{"line":100,"column":1}}},"13":{"name":"(anonymous_19)","decl":{"start":{"line":102,"column":44},"end":{"line":102,"column":49}},"loc":{"start":{"line":102,"column":82},"end":{"line":106,"column":1}}},"14":{"name":"(anonymous_20)","decl":{"start":{"line":108,"column":43},"end":{"line":108,"column":48}},"loc":{"start":{"line":108,"column":81},"end":{"line":112,"column":1}}},"15":{"name":"(anonymous_21)","decl":{"start":{"line":114,"column":40},"end":{"line":114,"column":45}},"loc":{"start":{"line":114,"column":78},"end":{"line":124,"column":1}}}},"branchMap":{"0":{"loc":{"start":{"line":116,"column":4},"end":{"line":116,"column":57}},"type":"if","locations":[{"start":{"line":116,"column":4},"end":{"line":116,"column":57}},{"start":{},"end":{}}]}},"s":{"0":0,"1":0,"2":0,"3":0,"4":0,"5":0,"6":0,"7":0,"8":0,"9":0,"10":0,"11":0,"12":0,"13":0,"14":0,"15":0,"16":0,"17":0,"18":0,"19":0,"20":0,"21":0,"22":0,"23":0,"24":0,"25":0,"26":0,"27":0,"28":0,"29":0,"30":0,"31":0,"32":0,"33":0,"34":0,"35":0,"36":0,"37":0,"38":0,"39":0,"40":0,"41":0,"42":0,"43":0,"44":0,"45":0,"46":0,"47":0,"48":0,"49":0,"50":0,"51":0,"52":0,"53":0,"54":0,"55":0,"56":0,"57":0,"58":0,"59":0,"60":0,"61":0,"62":0,"63":0,"64":0,"65":0,"66":0,"67":0,"68":0,"69":0,"70":0,"71":0},"f":{"0":0,"1":0,"2":0,"3":0,"4":0,"5":0,"6":0,"7":0,"8":0,"9":0,"10":0,"11":0,"12":0,"13":0,"14":0,"15":0},"b":{"0":[0,0]}}
,"D:\\Career\\Qafzly\\src\\controllers\\gamification.controller.ts": {"path":"D:\\Career\\Qafzly\\src\\controllers\\gamification.controller.ts","statementMap":{"0":{"start":{"line":2,"column":0},"end":{"line":2,"column":53}},"1":{"start":{"line":3,"column":0},"end":{"line":3,"column":51}},"2":{"start":{"line":4,"column":0},"end":{"line":4,"column":72}},"3":{"start":{"line":6,"column":13},"end":{"line":10,"column":3}},"4":{"start":{"line":7,"column":20},"end":{"line":7,"column":43}},"5":{"start":{"line":8,"column":20},"end":{"line":8,"column":64}},"6":{"start":{"line":9,"column":4},"end":{"line":9,"column":63}},"7":{"start":{"line":12,"column":13},"end":{"line":16,"column":3}},"8":{"start":{"line":13,"column":19},"end":{"line":13,"column":36}},"9":{"start":{"line":14,"column":20},"end":{"line":14,"column":74}},"10":{"start":{"line":15,"column":4},"end":{"line":15,"column":63}},"11":{"start":{"line":18,"column":13},"end":{"line":28,"column":3}},"12":{"start":{"line":19,"column":20},"end":{"line":19,"column":43}},"13":{"start":{"line":20,"column":28},"end":{"line":20,"column":44}},"14":{"start":{"line":21,"column":19},"end":{"line":21,"column":78}},"15":{"start":{"line":22,"column":4},"end":{"line":27,"column":7}},"16":{"start":{"line":30,"column":13},"end":{"line":33,"column":3}},"17":{"start":{"line":31,"column":19},"end":{"line":31,"column":56}},"18":{"start":{"line":32,"column":4},"end":{"line":32,"column":59}},"19":{"start":{"line":35,"column":13},"end":{"line":38,"column":3}},"20":{"start":{"line":36,"column":19},"end":{"line":36,"column":56}},"21":{"start":{"line":37,"column":4},"end":{"line":37,"column":60}},"22":{"start":{"line":40,"column":13},"end":{"line":44,"column":3}},"23":{"start":{"line":41,"column":20},"end":{"line":41,"column":43}},"24":{"start":{"line":42,"column":19},"end":{"line":42,"column":66}},"25":{"start":{"line":43,"column":4},"end":{"line":43,"column":51}},"26":{"start":{"line":46,"column":13},"end":{"line":50,"column":3}},"27":{"start":{"line":47,"column":19},"end":{"line":47,"column":36}},"28":{"start":{"line":48,"column":19},"end":{"line":48,"column":76}},"29":{"start":{"line":49,"column":4},"end":{"line":49,"column":59}},"30":{"start":{"line":52,"column":13},"end":{"line":61,"column":3}},"31":{"start":{"line":53,"column":43},"end":{"line":53,"column":59}},"32":{"start":{"line":54,"column":19},"end":{"line":54,"column":87}},"33":{"start":{"line":55,"column":4},"end":{"line":60,"column":7}},"34":{"start":{"line":63,"column":13},"end":{"line":67,"column":3}},"35":{"start":{"line":64,"column":20},"end":{"line":64,"column":43}},"36":{"start":{"line":65,"column":19},"end":{"line":65,"column":62}},"37":{"start":{"line":66,"column":4},"end":{"line":66,"column":60}},"38":{"start":{"line":69,"column":13},"end":{"line":73,"column":3}},"39":{"start":{"line":70,"column":20},"end":{"line":70,"column":43}},"40":{"start":{"line":71,"column":19},"end":{"line":71,"column":67}},"41":{"start":{"line":72,"column":4},"end":{"line":72,"column":59}},"42":{"start":{"line":75,"column":13},"end":{"line":80,"column":3}},"43":{"start":{"line":76,"column":20},"end":{"line":76,"column":43}},"44":{"start":{"line":77,"column":24},"end":{"line":77,"column":34}},"45":{"start":{"line":78,"column":19},"end":{"line":78,"column":90}},"46":{"start":{"line":79,"column":4},"end":{"line":79,"column":60}},"47":{"start":{"line":82,"column":13},"end":{"line":86,"column":3}},"48":{"start":{"line":83,"column":20},"end":{"line":83,"column":43}},"49":{"start":{"line":84,"column":19},"end":{"line":84,"column":65}},"50":{"start":{"line":85,"column":4},"end":{"line":85,"column":69}}},"fnMap":{"0":{"name":"(anonymous_6)","decl":{"start":{"line":6,"column":41},"end":{"line":6,"column":46}},"loc":{"start":{"line":6,"column":79},"end":{"line":10,"column":1}}},"1":{"name":"(anonymous_7)","decl":{"start":{"line":12,"column":43},"end":{"line":12,"column":48}},"loc":{"start":{"line":12,"column":81},"end":{"line":16,"column":1}}},"2":{"name":"(anonymous_8)","decl":{"start":{"line":18,"column":41},"end":{"line":18,"column":46}},"loc":{"start":{"line":18,"column":79},"end":{"line":28,"column":1}}},"3":{"name":"(anonymous_9)","decl":{"start":{"line":30,"column":38},"end":{"line":30,"column":43}},"loc":{"start":{"line":30,"column":76},"end":{"line":33,"column":1}}},"4":{"name":"(anonymous_10)","decl":{"start":{"line":35,"column":38},"end":{"line":35,"column":43}},"loc":{"start":{"line":35,"column":76},"end":{"line":38,"column":1}}},"5":{"name":"(anonymous_11)","decl":{"start":{"line":40,"column":40},"end":{"line":40,"column":45}},"loc":{"start":{"line":40,"column":78},"end":{"line":44,"column":1}}},"6":{"name":"(anonymous_12)","decl":{"start":{"line":46,"column":42},"end":{"line":46,"column":47}},"loc":{"start":{"line":46,"column":80},"end":{"line":50,"column":1}}},"7":{"name":"(anonymous_13)","decl":{"start":{"line":52,"column":43},"end":{"line":52,"column":48}},"loc":{"start":{"line":52,"column":81},"end":{"line":61,"column":1}}},"8":{"name":"(anonymous_14)","decl":{"start":{"line":63,"column":40},"end":{"line":63,"column":45}},"loc":{"start":{"line":63,"column":78},"end":{"line":67,"column":1}}},"9":{"name":"(anonymous_15)","decl":{"start":{"line":69,"column":43},"end":{"line":69,"column":48}},"loc":{"start":{"line":69,"column":81},"end":{"line":73,"column":1}}},"10":{"name":"(anonymous_16)","decl":{"start":{"line":75,"column":47},"end":{"line":75,"column":52}},"loc":{"start":{"line":75,"column":85},"end":{"line":80,"column":1}}},"11":{"name":"(anonymous_17)","decl":{"start":{"line":82,"column":41},"end":{"line":82,"column":46}},"loc":{"start":{"line":82,"column":79},"end":{"line":86,"column":1}}}},"branchMap":{},"s":{"0":0,"1":0,"2":0,"3":0,"4":0,"5":0,"6":0,"7":0,"8":0,"9":0,"10":0,"11":0,"12":0,"13":0,"14":0,"15":0,"16":0,"17":0,"18":0,"19":0,"20":0,"21":0,"22":0,"23":0,"24":0,"25":0,"26":0,"27":0,"28":0,"29":0,"30":0,"31":0,"32":0,"33":0,"34":0,"35":0,"36":0,"37":0,"38":0,"39":0,"40":0,"41":0,"42":0,"43":0,"44":0,"45":0,"46":0,"47":0,"48":0,"49":0,"50":0},"f":{"0":0,"1":0,"2":0,"3":0,"4":0,"5":0,"6":0,"7":0,"8":0,"9":0,"10":0,"11":0},"b":{}}
,"D:\\Career\\Qafzly\\src\\controllers\\lesson.controller.ts": {"path":"D:\\Career\\Qafzly\\src\\controllers\\lesson.controller.ts","statementMap":{"0":{"start":{"line":2,"column":0},"end":{"line":2,"column":53}},"1":{"start":{"line":3,"column":0},"end":{"line":3,"column":51}},"2":{"start":{"line":4,"column":0},"end":{"line":4,"column":45}},"3":{"start":{"line":5,"column":0},"end":{"line":5,"column":60}},"4":{"start":{"line":6,"column":0},"end":{"line":6,"column":54}},"5":{"start":{"line":7,"column":0},"end":{"line":7,"column":65}},"6":{"start":{"line":9,"column":13},"end":{"line":13,"column":3}},"7":{"start":{"line":10,"column":21},"end":{"line":10,"column":49}},"8":{"start":{"line":11,"column":20},"end":{"line":11,"column":61}},"9":{"start":{"line":12,"column":4},"end":{"line":12,"column":59}},"10":{"start":{"line":15,"column":13},"end":{"line":19,"column":3}},"11":{"start":{"line":16,"column":20},"end":{"line":16,"column":44}},"12":{"start":{"line":17,"column":19},"end":{"line":17,"column":87}},"13":{"start":{"line":18,"column":4},"end":{"line":18,"column":57}},"14":{"start":{"line":21,"column":13},"end":{"line":24,"column":3}},"15":{"start":{"line":22,"column":19},"end":{"line":22,"column":61}},"16":{"start":{"line":23,"column":4},"end":{"line":23,"column":59}},"17":{"start":{"line":26,"column":13},"end":{"line":29,"column":3}},"18":{"start":{"line":27,"column":19},"end":{"line":27,"column":88}},"19":{"start":{"line":28,"column":4},"end":{"line":28,"column":59}},"20":{"start":{"line":31,"column":13},"end":{"line":34,"column":3}},"21":{"start":{"line":32,"column":4},"end":{"line":32,"column":62}},"22":{"start":{"line":33,"column":4},"end":{"line":33,"column":55}},"23":{"start":{"line":36,"column":13},"end":{"line":40,"column":3}},"24":{"start":{"line":37,"column":20},"end":{"line":37,"column":43}},"25":{"start":{"line":38,"column":19},"end":{"line":38,"column":93}},"26":{"start":{"line":39,"column":4},"end":{"line":39,"column":55}},"27":{"start":{"line":42,"column":13},"end":{"line":46,"column":3}},"28":{"start":{"line":43,"column":20},"end":{"line":43,"column":43}},"29":{"start":{"line":44,"column":19},"end":{"line":44,"column":86}},"30":{"start":{"line":45,"column":4},"end":{"line":45,"column":53}},"31":{"start":{"line":48,"column":13},"end":{"line":53,"column":3}},"32":{"start":{"line":49,"column":18},"end":{"line":49,"column":34}},"33":{"start":{"line":50,"column":4},"end":{"line":50,"column":59}},"34":{"start":{"line":50,"column":15},"end":{"line":50,"column":59}},"35":{"start":{"line":51,"column":19},"end":{"line":51,"column":110}},"36":{"start":{"line":52,"column":4},"end":{"line":52,"column":63}},"37":{"start":{"line":55,"column":13},"end":{"line":58,"column":3}},"38":{"start":{"line":56,"column":4},"end":{"line":56,"column":62}},"39":{"start":{"line":57,"column":4},"end":{"line":57,"column":55}},"40":{"start":{"line":60,"column":13},"end":{"line":64,"column":3}},"41":{"start":{"line":61,"column":20},"end":{"line":61,"column":43}},"42":{"start":{"line":62,"column":19},"end":{"line":62,"column":93}},"43":{"start":{"line":63,"column":4},"end":{"line":63,"column":55}}},"fnMap":{"0":{"name":"(anonymous_6)","decl":{"start":{"line":9,"column":40},"end":{"line":9,"column":45}},"loc":{"start":{"line":9,"column":78},"end":{"line":13,"column":1}}},"1":{"name":"(anonymous_7)","decl":{"start":{"line":15,"column":38},"end":{"line":15,"column":43}},"loc":{"start":{"line":15,"column":76},"end":{"line":19,"column":1}}},"2":{"name":"(anonymous_8)","decl":{"start":{"line":21,"column":41},"end":{"line":21,"column":46}},"loc":{"start":{"line":21,"column":79},"end":{"line":24,"column":1}}},"3":{"name":"(anonymous_9)","decl":{"start":{"line":26,"column":41},"end":{"line":26,"column":46}},"loc":{"start":{"line":26,"column":79},"end":{"line":29,"column":1}}},"4":{"name":"(anonymous_10)","decl":{"start":{"line":31,"column":41},"end":{"line":31,"column":46}},"loc":{"start":{"line":31,"column":79},"end":{"line":34,"column":1}}},"5":{"name":"(anonymous_11)","decl":{"start":{"line":36,"column":42},"end":{"line":36,"column":47}},"loc":{"start":{"line":36,"column":80},"end":{"line":40,"column":1}}},"6":{"name":"(anonymous_12)","decl":{"start":{"line":42,"column":38},"end":{"line":42,"column":43}},"loc":{"start":{"line":42,"column":76},"end":{"line":46,"column":1}}},"7":{"name":"(anonymous_13)","decl":{"start":{"line":48,"column":38},"end":{"line":48,"column":43}},"loc":{"start":{"line":48,"column":76},"end":{"line":53,"column":1}}},"8":{"name":"(anonymous_14)","decl":{"start":{"line":55,"column":38},"end":{"line":55,"column":43}},"loc":{"start":{"line":55,"column":76},"end":{"line":58,"column":1}}},"9":{"name":"(anonymous_15)","decl":{"start":{"line":60,"column":46},"end":{"line":60,"column":51}},"loc":{"start":{"line":60,"column":84},"end":{"line":64,"column":1}}}},"branchMap":{"0":{"loc":{"start":{"line":50,"column":4},"end":{"line":50,"column":59}},"type":"if","locations":[{"start":{"line":50,"column":4},"end":{"line":50,"column":59}},{"start":{},"end":{}}]}},"s":{"0":0,"1":0,"2":0,"3":0,"4":0,"5":0,"6":0,"7":0,"8":0,"9":0,"10":0,"11":0,"12":0,"13":0,"14":0,"15":0,"16":0,"17":0,"18":0,"19":0,"20":0,"21":0,"22":0,"23":0,"24":0,"25":0,"26":0,"27":0,"28":0,"29":0,"30":0,"31":0,"32":0,"33":0,"34":0,"35":0,"36":0,"37":0,"38":0,"39":0,"40":0,"41":0,"42":0,"43":0},"f":{"0":0,"1":0,"2":0,"3":0,"4":0,"5":0,"6":0,"7":0,"8":0,"9":0},"b":{"0":[0,0]}}
,"D:\\Career\\Qafzly\\src\\controllers\\moderation.controller.ts": {"path":"D:\\Career\\Qafzly\\src\\controllers\\moderation.controller.ts","statementMap":{"0":{"start":{"line":2,"column":0},"end":{"line":2,"column":53}},"1":{"start":{"line":3,"column":0},"end":{"line":3,"column":51}},"2":{"start":{"line":4,"column":0},"end":{"line":4,"column":68}},"3":{"start":{"line":6,"column":13},"end":{"line":9,"column":3}},"4":{"start":{"line":7,"column":4},"end":{"line":7,"column":64}},"5":{"start":{"line":8,"column":4},"end":{"line":8,"column":59}},"6":{"start":{"line":11,"column":13},"end":{"line":14,"column":3}},"7":{"start":{"line":12,"column":4},"end":{"line":12,"column":66}},"8":{"start":{"line":13,"column":4},"end":{"line":13,"column":59}},"9":{"start":{"line":16,"column":13},"end":{"line":19,"column":3}},"10":{"start":{"line":17,"column":4},"end":{"line":17,"column":67}},"11":{"start":{"line":18,"column":4},"end":{"line":18,"column":59}},"12":{"start":{"line":21,"column":13},"end":{"line":24,"column":3}},"13":{"start":{"line":22,"column":4},"end":{"line":22,"column":69}},"14":{"start":{"line":23,"column":4},"end":{"line":23,"column":59}},"15":{"start":{"line":26,"column":13},"end":{"line":34,"column":3}},"16":{"start":{"line":27,"column":19},"end":{"line":27,"column":65}},"17":{"start":{"line":28,"column":4},"end":{"line":33,"column":7}},"18":{"start":{"line":36,"column":13},"end":{"line":39,"column":3}},"19":{"start":{"line":37,"column":4},"end":{"line":37,"column":95}},"20":{"start":{"line":38,"column":4},"end":{"line":38,"column":59}}},"fnMap":{"0":{"name":"(anonymous_6)","decl":{"start":{"line":6,"column":37},"end":{"line":6,"column":42}},"loc":{"start":{"line":6,"column":75},"end":{"line":9,"column":1}}},"1":{"name":"(anonymous_7)","decl":{"start":{"line":11,"column":39},"end":{"line":11,"column":44}},"loc":{"start":{"line":11,"column":77},"end":{"line":14,"column":1}}},"2":{"name":"(anonymous_8)","decl":{"start":{"line":16,"column":40},"end":{"line":16,"column":45}},"loc":{"start":{"line":16,"column":78},"end":{"line":19,"column":1}}},"3":{"name":"(anonymous_9)","decl":{"start":{"line":21,"column":42},"end":{"line":21,"column":47}},"loc":{"start":{"line":21,"column":80},"end":{"line":24,"column":1}}},"4":{"name":"(anonymous_10)","decl":{"start":{"line":26,"column":40},"end":{"line":26,"column":45}},"loc":{"start":{"line":26,"column":78},"end":{"line":34,"column":1}}},"5":{"name":"(anonymous_11)","decl":{"start":{"line":36,"column":42},"end":{"line":36,"column":47}},"loc":{"start":{"line":36,"column":80},"end":{"line":39,"column":1}}}},"branchMap":{},"s":{"0":0,"1":0,"2":0,"3":0,"4":0,"5":0,"6":0,"7":0,"8":0,"9":0,"10":0,"11":0,"12":0,"13":0,"14":0,"15":0,"16":0,"17":0,"18":0,"19":0,"20":0},"f":{"0":0,"1":0,"2":0,"3":0,"4":0,"5":0},"b":{}}
,"D:\\Career\\Qafzly\\src\\controllers\\module.controller.ts": {"path":"D:\\Career\\Qafzly\\src\\controllers\\module.controller.ts","statementMap":{"0":{"start":{"line":2,"column":0},"end":{"line":2,"column":53}},"1":{"start":{"line":3,"column":0},"end":{"line":3,"column":51}},"2":{"start":{"line":4,"column":0},"end":{"line":4,"column":60}},"3":{"start":{"line":6,"column":13},"end":{"line":9,"column":3}},"4":{"start":{"line":7,"column":19},"end":{"line":7,"column":61}},"5":{"start":{"line":8,"column":4},"end":{"line":8,"column":66}},"6":{"start":{"line":11,"column":13},"end":{"line":21,"column":3}},"7":{"start":{"line":12,"column":49},"end":{"line":12,"column":65}},"8":{"start":{"line":13,"column":21},"end":{"line":13,"column":55}},"9":{"start":{"line":14,"column":19},"end":{"line":14,"column":103}},"10":{"start":{"line":15,"column":4},"end":{"line":20,"column":7}},"11":{"start":{"line":23,"column":13},"end":{"line":27,"column":3}},"12":{"start":{"line":24,"column":21},"end":{"line":24,"column":55}},"13":{"start":{"line":25,"column":19},"end":{"line":25,"column":88}},"14":{"start":{"line":26,"column":4},"end":{"line":26,"column":58}},"15":{"start":{"line":29,"column":13},"end":{"line":32,"column":3}},"16":{"start":{"line":30,"column":19},"end":{"line":30,"column":88}},"17":{"start":{"line":31,"column":4},"end":{"line":31,"column":60}},"18":{"start":{"line":34,"column":13},"end":{"line":37,"column":3}},"19":{"start":{"line":35,"column":4},"end":{"line":35,"column":62}},"20":{"start":{"line":36,"column":4},"end":{"line":36,"column":56}}},"fnMap":{"0":{"name":"(anonymous_6)","decl":{"start":{"line":6,"column":41},"end":{"line":6,"column":46}},"loc":{"start":{"line":6,"column":79},"end":{"line":9,"column":1}}},"1":{"name":"(anonymous_7)","decl":{"start":{"line":11,"column":40},"end":{"line":11,"column":45}},"loc":{"start":{"line":11,"column":78},"end":{"line":21,"column":1}}},"2":{"name":"(anonymous_8)","decl":{"start":{"line":23,"column":38},"end":{"line":23,"column":43}},"loc":{"start":{"line":23,"column":76},"end":{"line":27,"column":1}}},"3":{"name":"(anonymous_9)","decl":{"start":{"line":29,"column":41},"end":{"line":29,"column":46}},"loc":{"start":{"line":29,"column":79},"end":{"line":32,"column":1}}},"4":{"name":"(anonymous_10)","decl":{"start":{"line":34,"column":41},"end":{"line":34,"column":46}},"loc":{"start":{"line":34,"column":79},"end":{"line":37,"column":1}}}},"branchMap":{},"s":{"0":0,"1":0,"2":0,"3":0,"4":0,"5":0,"6":0,"7":0,"8":0,"9":0,"10":0,"11":0,"12":0,"13":0,"14":0,"15":0,"16":0,"17":0,"18":0,"19":0,"20":0},"f":{"0":0,"1":0,"2":0,"3":0,"4":0},"b":{}}
,"D:\\Career\\Qafzly\\src\\controllers\\notification.controller.ts": {"path":"D:\\Career\\Qafzly\\src\\controllers\\notification.controller.ts","statementMap":{"0":{"start":{"line":2,"column":0},"end":{"line":2,"column":53}},"1":{"start":{"line":3,"column":0},"end":{"line":3,"column":51}},"2":{"start":{"line":4,"column":0},"end":{"line":4,"column":72}},"3":{"start":{"line":6,"column":13},"end":{"line":20,"column":3}},"4":{"start":{"line":7,"column":20},"end":{"line":7,"column":43}},"5":{"start":{"line":8,"column":67},"end":{"line":8,"column":83}},"6":{"start":{"line":9,"column":19},"end":{"line":12,"column":null}},"7":{"start":{"line":14,"column":4},"end":{"line":19,"column":7}},"8":{"start":{"line":22,"column":13},"end":{"line":26,"column":3}},"9":{"start":{"line":23,"column":20},"end":{"line":23,"column":43}},"10":{"start":{"line":24,"column":18},"end":{"line":24,"column":66}},"11":{"start":{"line":25,"column":4},"end":{"line":25,"column":74}},"12":{"start":{"line":28,"column":13},"end":{"line":32,"column":3}},"13":{"start":{"line":29,"column":20},"end":{"line":29,"column":43}},"14":{"start":{"line":30,"column":25},"end":{"line":30,"column":96}},"15":{"start":{"line":31,"column":4},"end":{"line":31,"column":74}},"16":{"start":{"line":34,"column":13},"end":{"line":38,"column":3}},"17":{"start":{"line":35,"column":20},"end":{"line":35,"column":43}},"18":{"start":{"line":36,"column":18},"end":{"line":36,"column":65}},"19":{"start":{"line":37,"column":4},"end":{"line":37,"column":79}},"20":{"start":{"line":40,"column":13},"end":{"line":44,"column":3}},"21":{"start":{"line":41,"column":20},"end":{"line":41,"column":43}},"22":{"start":{"line":42,"column":4},"end":{"line":42,"column":84}},"23":{"start":{"line":43,"column":4},"end":{"line":43,"column":57}},"24":{"start":{"line":46,"column":13},"end":{"line":50,"column":3}},"25":{"start":{"line":47,"column":20},"end":{"line":47,"column":43}},"26":{"start":{"line":48,"column":19},"end":{"line":48,"column":77}},"27":{"start":{"line":49,"column":4},"end":{"line":49,"column":60}},"28":{"start":{"line":52,"column":13},"end":{"line":56,"column":3}},"29":{"start":{"line":53,"column":20},"end":{"line":53,"column":43}},"30":{"start":{"line":54,"column":4},"end":{"line":54,"column":82}},"31":{"start":{"line":55,"column":4},"end":{"line":55,"column":64}},"32":{"start":{"line":58,"column":13},"end":{"line":66,"column":3}},"33":{"start":{"line":59,"column":88},"end":{"line":59,"column":96}},"34":{"start":{"line":60,"column":22},"end":{"line":60,"column":45}},"35":{"start":{"line":61,"column":18},"end":{"line":63,"column":null}},"36":{"start":{"line":65,"column":4},"end":{"line":65,"column":64}},"37":{"start":{"line":68,"column":13},"end":{"line":72,"column":3}},"38":{"start":{"line":69,"column":20},"end":{"line":69,"column":43}},"39":{"start":{"line":70,"column":25},"end":{"line":70,"column":105}},"40":{"start":{"line":71,"column":4},"end":{"line":71,"column":67}},"41":{"start":{"line":74,"column":13},"end":{"line":78,"column":3}},"42":{"start":{"line":75,"column":20},"end":{"line":75,"column":43}},"43":{"start":{"line":76,"column":25},"end":{"line":76,"column":105}},"44":{"start":{"line":77,"column":4},"end":{"line":77,"column":67}}},"fnMap":{"0":{"name":"(anonymous_6)","decl":{"start":{"line":6,"column":46},"end":{"line":6,"column":51}},"loc":{"start":{"line":6,"column":84},"end":{"line":20,"column":1}}},"1":{"name":"(anonymous_7)","decl":{"start":{"line":22,"column":43},"end":{"line":22,"column":48}},"loc":{"start":{"line":22,"column":81},"end":{"line":26,"column":1}}},"2":{"name":"(anonymous_8)","decl":{"start":{"line":28,"column":39},"end":{"line":28,"column":44}},"loc":{"start":{"line":28,"column":77},"end":{"line":32,"column":1}}},"3":{"name":"(anonymous_9)","decl":{"start":{"line":34,"column":42},"end":{"line":34,"column":47}},"loc":{"start":{"line":34,"column":80},"end":{"line":38,"column":1}}},"4":{"name":"(anonymous_10)","decl":{"start":{"line":40,"column":47},"end":{"line":40,"column":52}},"loc":{"start":{"line":40,"column":85},"end":{"line":44,"column":1}}},"5":{"name":"(anonymous_11)","decl":{"start":{"line":46,"column":43},"end":{"line":46,"column":48}},"loc":{"start":{"line":46,"column":81},"end":{"line":50,"column":1}}},"6":{"name":"(anonymous_12)","decl":{"start":{"line":52,"column":45},"end":{"line":52,"column":50}},"loc":{"start":{"line":52,"column":83},"end":{"line":56,"column":1}}},"7":{"name":"(anonymous_13)","decl":{"start":{"line":58,"column":51},"end":{"line":58,"column":56}},"loc":{"start":{"line":58,"column":89},"end":{"line":66,"column":1}}},"8":{"name":"(anonymous_14)","decl":{"start":{"line":68,"column":48},"end":{"line":68,"column":53}},"loc":{"start":{"line":68,"column":86},"end":{"line":72,"column":1}}},"9":{"name":"(anonymous_15)","decl":{"start":{"line":74,"column":48},"end":{"line":74,"column":53}},"loc":{"start":{"line":74,"column":86},"end":{"line":78,"column":1}}}},"branchMap":{},"s":{"0":0,"1":0,"2":0,"3":0,"4":0,"5":0,"6":0,"7":0,"8":0,"9":0,"10":0,"11":0,"12":0,"13":0,"14":0,"15":0,"16":0,"17":0,"18":0,"19":0,"20":0,"21":0,"22":0,"23":0,"24":0,"25":0,"26":0,"27":0,"28":0,"29":0,"30":0,"31":0,"32":0,"33":0,"34":0,"35":0,"36":0,"37":0,"38":0,"39":0,"40":0,"41":0,"42":0,"43":0,"44":0},"f":{"0":0,"1":0,"2":0,"3":0,"4":0,"5":0,"6":0,"7":0,"8":0,"9":0},"b":{}}
,"D:\\Career\\Qafzly\\src\\controllers\\parent.controller.ts": {"path":"D:\\Career\\Qafzly\\src\\controllers\\parent.controller.ts","statementMap":{"0":{"start":{"line":2,"column":0},"end":{"line":2,"column":53}},"1":{"start":{"line":3,"column":0},"end":{"line":3,"column":51}},"2":{"start":{"line":4,"column":0},"end":{"line":4,"column":60}},"3":{"start":{"line":6,"column":13},"end":{"line":11,"column":3}},"4":{"start":{"line":7,"column":26},"end":{"line":7,"column":49}},"5":{"start":{"line":8,"column":24},"end":{"line":8,"column":32}},"6":{"start":{"line":9,"column":18},"end":{"line":9,"column":69}},"7":{"start":{"line":10,"column":4},"end":{"line":10,"column":62}},"8":{"start":{"line":13,"column":13},"end":{"line":18,"column":3}},"9":{"start":{"line":14,"column":26},"end":{"line":14,"column":49}},"10":{"start":{"line":15,"column":20},"end":{"line":15,"column":38}},"11":{"start":{"line":16,"column":4},"end":{"line":16,"column":71}},"12":{"start":{"line":17,"column":4},"end":{"line":17,"column":57}},"13":{"start":{"line":20,"column":13},"end":{"line":24,"column":3}},"14":{"start":{"line":21,"column":26},"end":{"line":21,"column":49}},"15":{"start":{"line":22,"column":21},"end":{"line":22,"column":67}},"16":{"start":{"line":23,"column":4},"end":{"line":23,"column":61}},"17":{"start":{"line":26,"column":13},"end":{"line":31,"column":3}},"18":{"start":{"line":27,"column":26},"end":{"line":27,"column":49}},"19":{"start":{"line":28,"column":20},"end":{"line":28,"column":38}},"20":{"start":{"line":29,"column":21},"end":{"line":29,"column":92}},"21":{"start":{"line":30,"column":4},"end":{"line":30,"column":64}},"22":{"start":{"line":33,"column":13},"end":{"line":38,"column":3}},"23":{"start":{"line":34,"column":26},"end":{"line":34,"column":49}},"24":{"start":{"line":35,"column":20},"end":{"line":35,"column":38}},"25":{"start":{"line":36,"column":24},"end":{"line":36,"column":98}},"26":{"start":{"line":37,"column":4},"end":{"line":37,"column":67}},"27":{"start":{"line":40,"column":13},"end":{"line":45,"column":3}},"28":{"start":{"line":41,"column":26},"end":{"line":41,"column":49}},"29":{"start":{"line":42,"column":20},"end":{"line":42,"column":38}},"30":{"start":{"line":43,"column":17},"end":{"line":43,"column":92}},"31":{"start":{"line":44,"column":4},"end":{"line":44,"column":60}},"32":{"start":{"line":47,"column":13},"end":{"line":52,"column":3}},"33":{"start":{"line":48,"column":26},"end":{"line":48,"column":49}},"34":{"start":{"line":49,"column":20},"end":{"line":49,"column":38}},"35":{"start":{"line":50,"column":21},"end":{"line":50,"column":92}},"36":{"start":{"line":51,"column":4},"end":{"line":51,"column":63}},"37":{"start":{"line":54,"column":13},"end":{"line":59,"column":3}},"38":{"start":{"line":55,"column":26},"end":{"line":55,"column":49}},"39":{"start":{"line":56,"column":20},"end":{"line":56,"column":38}},"40":{"start":{"line":57,"column":21},"end":{"line":57,"column":105}},"41":{"start":{"line":58,"column":4},"end":{"line":58,"column":65}},"42":{"start":{"line":61,"column":13},"end":{"line":65,"column":3}},"43":{"start":{"line":62,"column":26},"end":{"line":62,"column":49}},"44":{"start":{"line":63,"column":21},"end":{"line":63,"column":72}},"45":{"start":{"line":64,"column":4},"end":{"line":64,"column":56}},"46":{"start":{"line":67,"column":13},"end":{"line":71,"column":3}},"47":{"start":{"line":68,"column":26},"end":{"line":68,"column":49}},"48":{"start":{"line":69,"column":20},"end":{"line":69,"column":64}},"49":{"start":{"line":70,"column":4},"end":{"line":70,"column":60}}},"fnMap":{"0":{"name":"(anonymous_6)","decl":{"start":{"line":6,"column":37},"end":{"line":6,"column":42}},"loc":{"start":{"line":6,"column":75},"end":{"line":11,"column":1}}},"1":{"name":"(anonymous_7)","decl":{"start":{"line":13,"column":40},"end":{"line":13,"column":45}},"loc":{"start":{"line":13,"column":78},"end":{"line":18,"column":1}}},"2":{"name":"(anonymous_8)","decl":{"start":{"line":20,"column":41},"end":{"line":20,"column":46}},"loc":{"start":{"line":20,"column":79},"end":{"line":24,"column":1}}},"3":{"name":"(anonymous_9)","decl":{"start":{"line":26,"column":45},"end":{"line":26,"column":50}},"loc":{"start":{"line":26,"column":83},"end":{"line":31,"column":1}}},"4":{"name":"(anonymous_10)","decl":{"start":{"line":33,"column":48},"end":{"line":33,"column":53}},"loc":{"start":{"line":33,"column":86},"end":{"line":38,"column":1}}},"5":{"name":"(anonymous_11)","decl":{"start":{"line":40,"column":49},"end":{"line":40,"column":54}},"loc":{"start":{"line":40,"column":87},"end":{"line":45,"column":1}}},"6":{"name":"(anonymous_12)","decl":{"start":{"line":47,"column":45},"end":{"line":47,"column":50}},"loc":{"start":{"line":47,"column":83},"end":{"line":52,"column":1}}},"7":{"name":"(anonymous_13)","decl":{"start":{"line":54,"column":48},"end":{"line":54,"column":53}},"loc":{"start":{"line":54,"column":86},"end":{"line":59,"column":1}}},"8":{"name":"(anonymous_14)","decl":{"start":{"line":61,"column":40},"end":{"line":61,"column":45}},"loc":{"start":{"line":61,"column":78},"end":{"line":65,"column":1}}},"9":{"name":"(anonymous_15)","decl":{"start":{"line":67,"column":39},"end":{"line":67,"column":44}},"loc":{"start":{"line":67,"column":77},"end":{"line":71,"column":1}}}},"branchMap":{},"s":{"0":0,"1":0,"2":0,"3":0,"4":0,"5":0,"6":0,"7":0,"8":0,"9":0,"10":0,"11":0,"12":0,"13":0,"14":0,"15":0,"16":0,"17":0,"18":0,"19":0,"20":0,"21":0,"22":0,"23":0,"24":0,"25":0,"26":0,"27":0,"28":0,"29":0,"30":0,"31":0,"32":0,"33":0,"34":0,"35":0,"36":0,"37":0,"38":0,"39":0,"40":0,"41":0,"42":0,"43":0,"44":0,"45":0,"46":0,"47":0,"48":0,"49":0},"f":{"0":0,"1":0,"2":0,"3":0,"4":0,"5":0,"6":0,"7":0,"8":0,"9":0},"b":{}}
,"D:\\Career\\Qafzly\\src\\controllers\\path.controller.ts": {"path":"D:\\Career\\Qafzly\\src\\controllers\\path.controller.ts","statementMap":{"0":{"start":{"line":2,"column":0},"end":{"line":2,"column":53}},"1":{"start":{"line":3,"column":0},"end":{"line":3,"column":51}},"2":{"start":{"line":4,"column":0},"end":{"line":4,"column":56}},"3":{"start":{"line":6,"column":13},"end":{"line":15,"column":3}},"4":{"start":{"line":7,"column":19},"end":{"line":7,"column":35}},"5":{"start":{"line":8,"column":19},"end":{"line":8,"column":54}},"6":{"start":{"line":9,"column":4},"end":{"line":14,"column":7}},"7":{"start":{"line":17,"column":13},"end":{"line":26,"column":3}},"8":{"start":{"line":18,"column":19},"end":{"line":18,"column":35}},"9":{"start":{"line":19,"column":19},"end":{"line":19,"column":62}},"10":{"start":{"line":20,"column":4},"end":{"line":25,"column":7}},"11":{"start":{"line":28,"column":13},"end":{"line":32,"column":3}},"12":{"start":{"line":29,"column":32},"end":{"line":29,"column":66}},"13":{"start":{"line":30,"column":17},"end":{"line":30,"column":93}},"14":{"start":{"line":31,"column":4},"end":{"line":31,"column":56}},"15":{"start":{"line":34,"column":13},"end":{"line":37,"column":3}},"16":{"start":{"line":35,"column":17},"end":{"line":35,"column":55}},"17":{"start":{"line":36,"column":4},"end":{"line":36,"column":58}},"18":{"start":{"line":39,"column":13},"end":{"line":42,"column":3}},"19":{"start":{"line":40,"column":17},"end":{"line":40,"column":82}},"20":{"start":{"line":41,"column":4},"end":{"line":41,"column":58}},"21":{"start":{"line":44,"column":13},"end":{"line":47,"column":3}},"22":{"start":{"line":45,"column":4},"end":{"line":45,"column":60}},"23":{"start":{"line":46,"column":4},"end":{"line":46,"column":56}},"24":{"start":{"line":49,"column":13},"end":{"line":53,"column":3}},"25":{"start":{"line":50,"column":24},"end":{"line":50,"column":32}},"26":{"start":{"line":51,"column":17},"end":{"line":51,"column":82}},"27":{"start":{"line":52,"column":4},"end":{"line":52,"column":90}}},"fnMap":{"0":{"name":"(anonymous_6)","decl":{"start":{"line":6,"column":38},"end":{"line":6,"column":43}},"loc":{"start":{"line":6,"column":76},"end":{"line":15,"column":1}}},"1":{"name":"(anonymous_7)","decl":{"start":{"line":17,"column":46},"end":{"line":17,"column":51}},"loc":{"start":{"line":17,"column":84},"end":{"line":26,"column":1}}},"2":{"name":"(anonymous_8)","decl":{"start":{"line":28,"column":36},"end":{"line":28,"column":41}},"loc":{"start":{"line":28,"column":74},"end":{"line":32,"column":1}}},"3":{"name":"(anonymous_9)","decl":{"start":{"line":34,"column":39},"end":{"line":34,"column":44}},"loc":{"start":{"line":34,"column":77},"end":{"line":37,"column":1}}},"4":{"name":"(anonymous_10)","decl":{"start":{"line":39,"column":39},"end":{"line":39,"column":44}},"loc":{"start":{"line":39,"column":77},"end":{"line":42,"column":1}}},"5":{"name":"(anonymous_11)","decl":{"start":{"line":44,"column":39},"end":{"line":44,"column":44}},"loc":{"start":{"line":44,"column":77},"end":{"line":47,"column":1}}},"6":{"name":"(anonymous_12)","decl":{"start":{"line":49,"column":40},"end":{"line":49,"column":45}},"loc":{"start":{"line":49,"column":78},"end":{"line":53,"column":1}}}},"branchMap":{"0":{"loc":{"start":{"line":52,"column":39},"end":{"line":52,"column":88}},"type":"cond-expr","locations":[{"start":{"line":52,"column":49},"end":{"line":52,"column":64}},{"start":{"line":52,"column":67},"end":{"line":52,"column":88}}]}},"s":{"0":0,"1":0,"2":0,"3":0,"4":0,"5":0,"6":0,"7":0,"8":0,"9":0,"10":0,"11":0,"12":0,"13":0,"14":0,"15":0,"16":0,"17":0,"18":0,"19":0,"20":0,"21":0,"22":0,"23":0,"24":0,"25":0,"26":0,"27":0},"f":{"0":0,"1":0,"2":0,"3":0,"4":0,"5":0,"6":0},"b":{"0":[0,0]}}
,"D:\\Career\\Qafzly\\src\\controllers\\payment.controller.ts": {"path":"D:\\Career\\Qafzly\\src\\controllers\\payment.controller.ts","statementMap":{"0":{"start":{"line":2,"column":0},"end":{"line":2,"column":53}},"1":{"start":{"line":3,"column":0},"end":{"line":3,"column":51}},"2":{"start":{"line":4,"column":0},"end":{"line":4,"column":69}},"3":{"start":{"line":6,"column":13},"end":{"line":11,"column":3}},"4":{"start":{"line":7,"column":38},"end":{"line":7,"column":46}},"5":{"start":{"line":8,"column":20},"end":{"line":8,"column":43}},"6":{"start":{"line":9,"column":19},"end":{"line":9,"column":98}},"7":{"start":{"line":10,"column":4},"end":{"line":10,"column":69}},"8":{"start":{"line":13,"column":13},"end":{"line":19,"column":3}},"9":{"start":{"line":14,"column":19},"end":{"line":14,"column":29}},"10":{"start":{"line":15,"column":26},"end":{"line":15,"column":34}},"11":{"start":{"line":16,"column":20},"end":{"line":16,"column":43}},"12":{"start":{"line":17,"column":4},"end":{"line":17,"column":85}},"13":{"start":{"line":18,"column":4},"end":{"line":18,"column":62}},"14":{"start":{"line":21,"column":13},"end":{"line":31,"column":3}},"15":{"start":{"line":22,"column":20},"end":{"line":22,"column":43}},"16":{"start":{"line":23,"column":36},"end":{"line":23,"column":52}},"17":{"start":{"line":24,"column":19},"end":{"line":24,"column":103}},"18":{"start":{"line":25,"column":4},"end":{"line":30,"column":7}},"19":{"start":{"line":33,"column":13},"end":{"line":42,"column":3}},"20":{"start":{"line":34,"column":44},"end":{"line":34,"column":60}},"21":{"start":{"line":35,"column":19},"end":{"line":35,"column":102}},"22":{"start":{"line":36,"column":4},"end":{"line":41,"column":7}},"23":{"start":{"line":44,"column":13},"end":{"line":50,"column":3}},"24":{"start":{"line":45,"column":19},"end":{"line":45,"column":29}},"25":{"start":{"line":46,"column":55},"end":{"line":46,"column":63}},"26":{"start":{"line":47,"column":21},"end":{"line":47,"column":44}},"27":{"start":{"line":48,"column":19},"end":{"line":48,"column":134}},"28":{"start":{"line":49,"column":4},"end":{"line":49,"column":68}},"29":{"start":{"line":52,"column":13},"end":{"line":58,"column":3}},"30":{"start":{"line":53,"column":19},"end":{"line":53,"column":29}},"31":{"start":{"line":54,"column":23},"end":{"line":54,"column":31}},"32":{"start":{"line":55,"column":21},"end":{"line":55,"column":44}},"33":{"start":{"line":56,"column":19},"end":{"line":56,"column":100}},"34":{"start":{"line":57,"column":4},"end":{"line":57,"column":61}}},"fnMap":{"0":{"name":"(anonymous_6)","decl":{"start":{"line":6,"column":49},"end":{"line":6,"column":54}},"loc":{"start":{"line":6,"column":87},"end":{"line":11,"column":1}}},"1":{"name":"(anonymous_7)","decl":{"start":{"line":13,"column":46},"end":{"line":13,"column":51}},"loc":{"start":{"line":13,"column":84},"end":{"line":19,"column":1}}},"2":{"name":"(anonymous_8)","decl":{"start":{"line":21,"column":52},"end":{"line":21,"column":57}},"loc":{"start":{"line":21,"column":90},"end":{"line":31,"column":1}}},"3":{"name":"(anonymous_9)","decl":{"start":{"line":33,"column":51},"end":{"line":33,"column":56}},"loc":{"start":{"line":33,"column":89},"end":{"line":42,"column":1}}},"4":{"name":"(anonymous_10)","decl":{"start":{"line":44,"column":51},"end":{"line":44,"column":56}},"loc":{"start":{"line":44,"column":89},"end":{"line":50,"column":1}}},"5":{"name":"(anonymous_11)","decl":{"start":{"line":52,"column":49},"end":{"line":52,"column":54}},"loc":{"start":{"line":52,"column":87},"end":{"line":58,"column":1}}}},"branchMap":{},"s":{"0":0,"1":0,"2":0,"3":0,"4":0,"5":0,"6":0,"7":0,"8":0,"9":0,"10":0,"11":0,"12":0,"13":0,"14":0,"15":0,"16":0,"17":0,"18":0,"19":0,"20":0,"21":0,"22":0,"23":0,"24":0,"25":0,"26":0,"27":0,"28":0,"29":0,"30":0,"31":0,"32":0,"33":0,"34":0},"f":{"0":0,"1":0,"2":0,"3":0,"4":0,"5":0},"b":{}}
,"D:\\Career\\Qafzly\\src\\controllers\\progress.controller.ts": {"path":"D:\\Career\\Qafzly\\src\\controllers\\progress.controller.ts","statementMap":{"0":{"start":{"line":2,"column":0},"end":{"line":2,"column":53}},"1":{"start":{"line":3,"column":0},"end":{"line":3,"column":51}},"2":{"start":{"line":4,"column":0},"end":{"line":4,"column":64}},"3":{"start":{"line":6,"column":13},"end":{"line":11,"column":3}},"4":{"start":{"line":7,"column":20},"end":{"line":7,"column":43}},"5":{"start":{"line":8,"column":25},"end":{"line":8,"column":35}},"6":{"start":{"line":9,"column":21},"end":{"line":9,"column":103}},"7":{"start":{"line":10,"column":4},"end":{"line":10,"column":62}},"8":{"start":{"line":13,"column":13},"end":{"line":18,"column":3}},"9":{"start":{"line":14,"column":20},"end":{"line":14,"column":43}},"10":{"start":{"line":15,"column":23},"end":{"line":15,"column":33}},"11":{"start":{"line":16,"column":21},"end":{"line":16,"column":86}},"12":{"start":{"line":17,"column":4},"end":{"line":17,"column":60}}},"fnMap":{"0":{"name":"(anonymous_6)","decl":{"start":{"line":6,"column":43},"end":{"line":6,"column":48}},"loc":{"start":{"line":6,"column":81},"end":{"line":11,"column":1}}},"1":{"name":"(anonymous_7)","decl":{"start":{"line":13,"column":44},"end":{"line":13,"column":49}},"loc":{"start":{"line":13,"column":82},"end":{"line":18,"column":1}}}},"branchMap":{},"s":{"0":0,"1":0,"2":0,"3":0,"4":0,"5":0,"6":0,"7":0,"8":0,"9":0,"10":0,"11":0,"12":0},"f":{"0":0,"1":0},"b":{}}
,"D:\\Career\\Qafzly\\src\\controllers\\quest.controller.ts": {"path":"D:\\Career\\Qafzly\\src\\controllers\\quest.controller.ts","statementMap":{"0":{"start":{"line":2,"column":0},"end":{"line":2,"column":53}},"1":{"start":{"line":3,"column":0},"end":{"line":3,"column":51}},"2":{"start":{"line":4,"column":0},"end":{"line":4,"column":58}},"3":{"start":{"line":6,"column":13},"end":{"line":10,"column":3}},"4":{"start":{"line":7,"column":21},"end":{"line":7,"column":40}},"5":{"start":{"line":8,"column":23},"end":{"line":8,"column":90}},"6":{"start":{"line":9,"column":4},"end":{"line":9,"column":69}},"7":{"start":{"line":12,"column":13},"end":{"line":15,"column":3}},"8":{"start":{"line":13,"column":23},"end":{"line":13,"column":105}},"9":{"start":{"line":14,"column":4},"end":{"line":14,"column":69}},"10":{"start":{"line":17,"column":13},"end":{"line":20,"column":3}},"11":{"start":{"line":18,"column":4},"end":{"line":18,"column":75}},"12":{"start":{"line":19,"column":4},"end":{"line":19,"column":61}},"13":{"start":{"line":22,"column":13},"end":{"line":26,"column":3}},"14":{"start":{"line":23,"column":37},"end":{"line":23,"column":45}},"15":{"start":{"line":24,"column":4},"end":{"line":24,"column":97}},"16":{"start":{"line":25,"column":4},"end":{"line":25,"column":69}},"17":{"start":{"line":28,"column":13},"end":{"line":33,"column":3}},"18":{"start":{"line":29,"column":20},"end":{"line":29,"column":43}},"19":{"start":{"line":30,"column":39},"end":{"line":30,"column":49}},"20":{"start":{"line":31,"column":19},"end":{"line":31,"column":122}},"21":{"start":{"line":32,"column":4},"end":{"line":32,"column":65}}},"fnMap":{"0":{"name":"(anonymous_6)","decl":{"start":{"line":6,"column":45},"end":{"line":6,"column":50}},"loc":{"start":{"line":6,"column":83},"end":{"line":10,"column":1}}},"1":{"name":"(anonymous_7)","decl":{"start":{"line":12,"column":45},"end":{"line":12,"column":50}},"loc":{"start":{"line":12,"column":83},"end":{"line":15,"column":1}}},"2":{"name":"(anonymous_8)","decl":{"start":{"line":17,"column":45},"end":{"line":17,"column":50}},"loc":{"start":{"line":17,"column":83},"end":{"line":20,"column":1}}},"3":{"name":"(anonymous_9)","decl":{"start":{"line":22,"column":47},"end":{"line":22,"column":52}},"loc":{"start":{"line":22,"column":85},"end":{"line":26,"column":1}}},"4":{"name":"(anonymous_10)","decl":{"start":{"line":28,"column":47},"end":{"line":28,"column":52}},"loc":{"start":{"line":28,"column":85},"end":{"line":33,"column":1}}}},"branchMap":{},"s":{"0":0,"1":0,"2":0,"3":0,"4":0,"5":0,"6":0,"7":0,"8":0,"9":0,"10":0,"11":0,"12":0,"13":0,"14":0,"15":0,"16":0,"17":0,"18":0,"19":0,"20":0,"21":0},"f":{"0":0,"1":0,"2":0,"3":0,"4":0},"b":{}}
,"D:\\Career\\Qafzly\\src\\controllers\\recommendation.controller.ts": {"path":"D:\\Career\\Qafzly\\src\\controllers\\recommendation.controller.ts","statementMap":{"0":{"start":{"line":2,"column":0},"end":{"line":2,"column":53}},"1":{"start":{"line":3,"column":0},"end":{"line":3,"column":51}},"2":{"start":{"line":4,"column":0},"end":{"line":4,"column":76}},"3":{"start":{"line":6,"column":13},"end":{"line":11,"column":3}},"4":{"start":{"line":7,"column":20},"end":{"line":7,"column":43}},"5":{"start":{"line":8,"column":18},"end":{"line":8,"column":59}},"6":{"start":{"line":9,"column":18},"end":{"line":9,"column":91}},"7":{"start":{"line":10,"column":4},"end":{"line":10,"column":59}},"8":{"start":{"line":13,"column":13},"end":{"line":18,"column":3}},"9":{"start":{"line":14,"column":18},"end":{"line":14,"column":59}},"10":{"start":{"line":15,"column":39},"end":{"line":15,"column":55}},"11":{"start":{"line":16,"column":18},"end":{"line":16,"column":96}},"12":{"start":{"line":17,"column":4},"end":{"line":17,"column":64}},"13":{"start":{"line":20,"column":13},"end":{"line":24,"column":3}},"14":{"start":{"line":21,"column":18},"end":{"line":21,"column":59}},"15":{"start":{"line":22,"column":18},"end":{"line":22,"column":69}},"16":{"start":{"line":23,"column":4},"end":{"line":23,"column":59}},"17":{"start":{"line":26,"column":13},"end":{"line":31,"column":3}},"18":{"start":{"line":27,"column":19},"end":{"line":27,"column":36}},"19":{"start":{"line":28,"column":18},"end":{"line":28,"column":59}},"20":{"start":{"line":29,"column":18},"end":{"line":29,"column":88}},"21":{"start":{"line":30,"column":4},"end":{"line":30,"column":57}}},"fnMap":{"0":{"name":"(anonymous_6)","decl":{"start":{"line":6,"column":59},"end":{"line":6,"column":64}},"loc":{"start":{"line":6,"column":97},"end":{"line":11,"column":1}}},"1":{"name":"(anonymous_7)","decl":{"start":{"line":13,"column":44},"end":{"line":13,"column":49}},"loc":{"start":{"line":13,"column":82},"end":{"line":18,"column":1}}},"2":{"name":"(anonymous_8)","decl":{"start":{"line":20,"column":45},"end":{"line":20,"column":50}},"loc":{"start":{"line":20,"column":83},"end":{"line":24,"column":1}}},"3":{"name":"(anonymous_9)","decl":{"start":{"line":26,"column":44},"end":{"line":26,"column":49}},"loc":{"start":{"line":26,"column":82},"end":{"line":31,"column":1}}}},"branchMap":{"0":{"loc":{"start":{"line":8,"column":18},"end":{"line":8,"column":59}},"type":"binary-expr","locations":[{"start":{"line":8,"column":18},"end":{"line":8,"column":53}},{"start":{"line":8,"column":57},"end":{"line":8,"column":59}}]},"1":{"loc":{"start":{"line":14,"column":18},"end":{"line":14,"column":59}},"type":"binary-expr","locations":[{"start":{"line":14,"column":18},"end":{"line":14,"column":53}},{"start":{"line":14,"column":57},"end":{"line":14,"column":59}}]},"2":{"loc":{"start":{"line":21,"column":18},"end":{"line":21,"column":59}},"type":"binary-expr","locations":[{"start":{"line":21,"column":18},"end":{"line":21,"column":53}},{"start":{"line":21,"column":57},"end":{"line":21,"column":59}}]},"3":{"loc":{"start":{"line":28,"column":18},"end":{"line":28,"column":59}},"type":"binary-expr","locations":[{"start":{"line":28,"column":18},"end":{"line":28,"column":53}},{"start":{"line":28,"column":57},"end":{"line":28,"column":59}}]}},"s":{"0":0,"1":0,"2":0,"3":0,"4":0,"5":0,"6":0,"7":0,"8":0,"9":0,"10":0,"11":0,"12":0,"13":0,"14":0,"15":0,"16":0,"17":0,"18":0,"19":0,"20":0,"21":0},"f":{"0":0,"1":0,"2":0,"3":0},"b":{"0":[0,0],"1":[0,0],"2":[0,0],"3":[0,0]}}
,"D:\\Career\\Qafzly\\src\\controllers\\search.controller.ts": {"path":"D:\\Career\\Qafzly\\src\\controllers\\search.controller.ts","statementMap":{"0":{"start":{"line":2,"column":0},"end":{"line":2,"column":53}},"1":{"start":{"line":3,"column":0},"end":{"line":3,"column":51}},"2":{"start":{"line":4,"column":0},"end":{"line":4,"column":60}},"3":{"start":{"line":6,"column":13},"end":{"line":13,"column":3}},"4":{"start":{"line":7,"column":91},"end":{"line":7,"column":107}},"5":{"start":{"line":8,"column":19},"end":{"line":10,"column":null}},"6":{"start":{"line":12,"column":4},"end":{"line":12,"column":56}},"7":{"start":{"line":15,"column":13},"end":{"line":22,"column":3}},"8":{"start":{"line":16,"column":85},"end":{"line":16,"column":101}},"9":{"start":{"line":17,"column":19},"end":{"line":19,"column":null}},"10":{"start":{"line":21,"column":4},"end":{"line":21,"column":67}},"11":{"start":{"line":24,"column":13},"end":{"line":31,"column":3}},"12":{"start":{"line":25,"column":61},"end":{"line":25,"column":77}},"13":{"start":{"line":26,"column":19},"end":{"line":28,"column":null}},"14":{"start":{"line":30,"column":4},"end":{"line":30,"column":67}},"15":{"start":{"line":33,"column":13},"end":{"line":40,"column":3}},"16":{"start":{"line":34,"column":31},"end":{"line":34,"column":47}},"17":{"start":{"line":35,"column":19},"end":{"line":37,"column":null}},"18":{"start":{"line":39,"column":4},"end":{"line":39,"column":70}}},"fnMap":{"0":{"name":"(anonymous_6)","decl":{"start":{"line":6,"column":41},"end":{"line":6,"column":46}},"loc":{"start":{"line":6,"column":79},"end":{"line":13,"column":1}}},"1":{"name":"(anonymous_7)","decl":{"start":{"line":15,"column":40},"end":{"line":15,"column":45}},"loc":{"start":{"line":15,"column":78},"end":{"line":22,"column":1}}},"2":{"name":"(anonymous_8)","decl":{"start":{"line":24,"column":40},"end":{"line":24,"column":45}},"loc":{"start":{"line":24,"column":78},"end":{"line":31,"column":1}}},"3":{"name":"(anonymous_9)","decl":{"start":{"line":33,"column":40},"end":{"line":33,"column":45}},"loc":{"start":{"line":33,"column":78},"end":{"line":40,"column":1}}}},"branchMap":{},"s":{"0":0,"1":0,"2":0,"3":0,"4":0,"5":0,"6":0,"7":0,"8":0,"9":0,"10":0,"11":0,"12":0,"13":0,"14":0,"15":0,"16":0,"17":0,"18":0},"f":{"0":0,"1":0,"2":0,"3":0},"b":{}}
,"D:\\Career\\Qafzly\\src\\controllers\\slide.controller.ts": {"path":"D:\\Career\\Qafzly\\src\\controllers\\slide.controller.ts","statementMap":{"0":{"start":{"line":2,"column":0},"end":{"line":2,"column":53}},"1":{"start":{"line":3,"column":0},"end":{"line":3,"column":51}},"2":{"start":{"line":4,"column":0},"end":{"line":4,"column":58}},"3":{"start":{"line":6,"column":13},"end":{"line":10,"column":3}},"4":{"start":{"line":7,"column":21},"end":{"line":7,"column":40}},"5":{"start":{"line":8,"column":18},"end":{"line":8,"column":80}},"6":{"start":{"line":9,"column":4},"end":{"line":9,"column":60}},"7":{"start":{"line":12,"column":13},"end":{"line":15,"column":3}},"8":{"start":{"line":13,"column":18},"end":{"line":13,"column":90}},"9":{"start":{"line":14,"column":4},"end":{"line":14,"column":60}},"10":{"start":{"line":17,"column":13},"end":{"line":20,"column":3}},"11":{"start":{"line":18,"column":4},"end":{"line":18,"column":65}},"12":{"start":{"line":19,"column":4},"end":{"line":19,"column":57}},"13":{"start":{"line":22,"column":13},"end":{"line":26,"column":3}},"14":{"start":{"line":23,"column":32},"end":{"line":23,"column":40}},"15":{"start":{"line":24,"column":4},"end":{"line":24,"column":87}},"16":{"start":{"line":25,"column":4},"end":{"line":25,"column":65}},"17":{"start":{"line":28,"column":13},"end":{"line":34,"column":3}},"18":{"start":{"line":29,"column":20},"end":{"line":29,"column":43}},"19":{"start":{"line":30,"column":34},"end":{"line":30,"column":44}},"20":{"start":{"line":31,"column":34},"end":{"line":31,"column":42}},"21":{"start":{"line":32,"column":19},"end":{"line":32,"column":121}},"22":{"start":{"line":33,"column":4},"end":{"line":33,"column":61}}},"fnMap":{"0":{"name":"(anonymous_6)","decl":{"start":{"line":6,"column":40},"end":{"line":6,"column":45}},"loc":{"start":{"line":6,"column":78},"end":{"line":10,"column":1}}},"1":{"name":"(anonymous_7)","decl":{"start":{"line":12,"column":40},"end":{"line":12,"column":45}},"loc":{"start":{"line":12,"column":78},"end":{"line":15,"column":1}}},"2":{"name":"(anonymous_8)","decl":{"start":{"line":17,"column":40},"end":{"line":17,"column":45}},"loc":{"start":{"line":17,"column":78},"end":{"line":20,"column":1}}},"3":{"name":"(anonymous_9)","decl":{"start":{"line":22,"column":42},"end":{"line":22,"column":47}},"loc":{"start":{"line":22,"column":80},"end":{"line":26,"column":1}}},"4":{"name":"(anonymous_10)","decl":{"start":{"line":28,"column":42},"end":{"line":28,"column":47}},"loc":{"start":{"line":28,"column":80},"end":{"line":34,"column":1}}}},"branchMap":{},"s":{"0":0,"1":0,"2":0,"3":0,"4":0,"5":0,"6":0,"7":0,"8":0,"9":0,"10":0,"11":0,"12":0,"13":0,"14":0,"15":0,"16":0,"17":0,"18":0,"19":0,"20":0,"21":0,"22":0},"f":{"0":0,"1":0,"2":0,"3":0,"4":0},"b":{}}
,"D:\\Career\\Qafzly\\src\\controllers\\user.controller.ts": {"path":"D:\\Career\\Qafzly\\src\\controllers\\user.controller.ts","statementMap":{"0":{"start":{"line":2,"column":0},"end":{"line":2,"column":53}},"1":{"start":{"line":3,"column":0},"end":{"line":3,"column":51}},"2":{"start":{"line":4,"column":0},"end":{"line":4,"column":45}},"3":{"start":{"line":5,"column":0},"end":{"line":5,"column":56}},"4":{"start":{"line":7,"column":13},"end":{"line":11,"column":3}},"5":{"start":{"line":8,"column":20},"end":{"line":8,"column":43}},"6":{"start":{"line":9,"column":17},"end":{"line":9,"column":48}},"7":{"start":{"line":10,"column":4},"end":{"line":10,"column":68}},"8":{"start":{"line":13,"column":13},"end":{"line":17,"column":3}},"9":{"start":{"line":14,"column":20},"end":{"line":14,"column":43}},"10":{"start":{"line":15,"column":24},"end":{"line":15,"column":80}},"11":{"start":{"line":16,"column":4},"end":{"line":16,"column":81}},"12":{"start":{"line":19,"column":13},"end":{"line":23,"column":3}},"13":{"start":{"line":20,"column":20},"end":{"line":20,"column":43}},"14":{"start":{"line":21,"column":24},"end":{"line":21,"column":79}},"15":{"start":{"line":22,"column":4},"end":{"line":22,"column":81}},"16":{"start":{"line":25,"column":13},"end":{"line":29,"column":3}},"17":{"start":{"line":26,"column":20},"end":{"line":26,"column":43}},"18":{"start":{"line":27,"column":19},"end":{"line":27,"column":53}},"19":{"start":{"line":28,"column":4},"end":{"line":28,"column":64}},"20":{"start":{"line":31,"column":13},"end":{"line":35,"column":3}},"21":{"start":{"line":32,"column":20},"end":{"line":32,"column":43}},"22":{"start":{"line":33,"column":19},"end":{"line":33,"column":68}},"23":{"start":{"line":34,"column":4},"end":{"line":34,"column":70}},"24":{"start":{"line":37,"column":13},"end":{"line":41,"column":3}},"25":{"start":{"line":38,"column":20},"end":{"line":38,"column":43}},"26":{"start":{"line":39,"column":20},"end":{"line":39,"column":56}},"27":{"start":{"line":40,"column":4},"end":{"line":40,"column":90}},"28":{"start":{"line":43,"column":13},"end":{"line":51,"column":3}},"29":{"start":{"line":44,"column":20},"end":{"line":44,"column":43}},"30":{"start":{"line":45,"column":4},"end":{"line":47,"column":5}},"31":{"start":{"line":46,"column":8},"end":{"line":46,"column":53}},"32":{"start":{"line":48,"column":23},"end":{"line":48,"column":62}},"33":{"start":{"line":49,"column":20},"end":{"line":49,"column":70}},"34":{"start":{"line":50,"column":4},"end":{"line":50,"column":101}},"35":{"start":{"line":53,"column":13},"end":{"line":57,"column":3}},"36":{"start":{"line":54,"column":20},"end":{"line":54,"column":43}},"37":{"start":{"line":55,"column":20},"end":{"line":55,"column":58}},"38":{"start":{"line":56,"column":4},"end":{"line":56,"column":67}}},"fnMap":{"0":{"name":"(anonymous_6)","decl":{"start":{"line":7,"column":34},"end":{"line":7,"column":39}},"loc":{"start":{"line":7,"column":72},"end":{"line":11,"column":1}}},"1":{"name":"(anonymous_7)","decl":{"start":{"line":13,"column":37},"end":{"line":13,"column":42}},"loc":{"start":{"line":13,"column":75},"end":{"line":17,"column":1}}},"2":{"name":"(anonymous_8)","decl":{"start":{"line":19,"column":36},"end":{"line":19,"column":41}},"loc":{"start":{"line":19,"column":74},"end":{"line":23,"column":1}}},"3":{"name":"(anonymous_9)","decl":{"start":{"line":25,"column":37},"end":{"line":25,"column":42}},"loc":{"start":{"line":25,"column":75},"end":{"line":29,"column":1}}},"4":{"name":"(anonymous_10)","decl":{"start":{"line":31,"column":42},"end":{"line":31,"column":47}},"loc":{"start":{"line":31,"column":80},"end":{"line":35,"column":1}}},"5":{"name":"(anonymous_11)","decl":{"start":{"line":37,"column":39},"end":{"line":37,"column":44}},"loc":{"start":{"line":37,"column":77},"end":{"line":41,"column":1}}},"6":{"name":"(anonymous_12)","decl":{"start":{"line":43,"column":41},"end":{"line":43,"column":46}},"loc":{"start":{"line":43,"column":79},"end":{"line":51,"column":1}}},"7":{"name":"(anonymous_13)","decl":{"start":{"line":53,"column":41},"end":{"line":53,"column":46}},"loc":{"start":{"line":53,"column":79},"end":{"line":57,"column":1}}}},"branchMap":{"0":{"loc":{"start":{"line":45,"column":4},"end":{"line":47,"column":5}},"type":"if","locations":[{"start":{"line":45,"column":4},"end":{"line":47,"column":5}},{"start":{},"end":{}}]}},"s":{"0":0,"1":0,"2":0,"3":0,"4":0,"5":0,"6":0,"7":0,"8":0,"9":0,"10":0,"11":0,"12":0,"13":0,"14":0,"15":0,"16":0,"17":0,"18":0,"19":0,"20":0,"21":0,"22":0,"23":0,"24":0,"25":0,"26":0,"27":0,"28":0,"29":0,"30":0,"31":0,"32":0,"33":0,"34":0,"35":0,"36":0,"37":0,"38":0},"f":{"0":0,"1":0,"2":0,"3":0,"4":0,"5":0,"6":0,"7":0},"b":{"0":[0,0]}}
,"D:\\Career\\Qafzly\\src\\services\\admin.service.ts": {"path":"D:\\Career\\Qafzly\\src\\services\\admin.service.ts","statementMap":{"0":{"start":{"line":1,"column":0},"end":{"line":1,"column":44}},"1":{"start":{"line":2,"column":0},"end":{"line":2,"column":45}},"2":{"start":{"line":5,"column":25},"end":{"line":44,"column":1}},"3":{"start":{"line":6,"column":50},"end":{"line":6,"column":56}},"4":{"start":{"line":7,"column":17},"end":{"line":7,"column":35}},"5":{"start":{"line":9,"column":23},"end":{"line":9,"column":25}},"6":{"start":{"line":10,"column":4},"end":{"line":16,"column":5}},"7":{"start":{"line":11,"column":8},"end":{"line":15,"column":10}},"8":{"start":{"line":17,"column":4},"end":{"line":17,"column":32}},"9":{"start":{"line":17,"column":14},"end":{"line":17,"column":32}},"10":{"start":{"line":18,"column":4},"end":{"line":18,"column":51}},"11":{"start":{"line":18,"column":29},"end":{"line":18,"column":51}},"12":{"start":{"line":19,"column":4},"end":{"line":19,"column":55}},"13":{"start":{"line":19,"column":32},"end":{"line":19,"column":55}},"14":{"start":{"line":20,"column":4},"end":{"line":20,"column":62}},"15":{"start":{"line":20,"column":30},"end":{"line":20,"column":62}},"16":{"start":{"line":22,"column":27},"end":{"line":41,"column":6}},"17":{"start":{"line":43,"column":4},"end":{"line":43,"column":79}},"18":{"start":{"line":5,"column":13},"end":{"line":5,"column":25}},"19":{"start":{"line":46,"column":27},"end":{"line":57,"column":1}},"20":{"start":{"line":47,"column":17},"end":{"line":54,"column":6}},"21":{"start":{"line":55,"column":4},"end":{"line":55,"column":61}},"22":{"start":{"line":55,"column":15},"end":{"line":55,"column":61}},"23":{"start":{"line":56,"column":4},"end":{"line":56,"column":16}},"24":{"start":{"line":46,"column":13},"end":{"line":46,"column":27}},"25":{"start":{"line":59,"column":26},"end":{"line":75,"column":1}},"26":{"start":{"line":60,"column":17},"end":{"line":73,"column":6}},"27":{"start":{"line":74,"column":4},"end":{"line":74,"column":16}},"28":{"start":{"line":59,"column":13},"end":{"line":59,"column":26}},"29":{"start":{"line":77,"column":27},"end":{"line":85,"column":1}},"30":{"start":{"line":78,"column":17},"end":{"line":82,"column":6}},"31":{"start":{"line":84,"column":4},"end":{"line":84,"column":16}},"32":{"start":{"line":77,"column":13},"end":{"line":77,"column":27}},"33":{"start":{"line":87,"column":28},"end":{"line":94,"column":1}},"34":{"start":{"line":88,"column":17},"end":{"line":92,"column":6}},"35":{"start":{"line":93,"column":4},"end":{"line":93,"column":16}},"36":{"start":{"line":87,"column":13},"end":{"line":87,"column":28}},"37":{"start":{"line":96,"column":26},"end":{"line":103,"column":1}},"38":{"start":{"line":97,"column":17},"end":{"line":101,"column":6}},"39":{"start":{"line":102,"column":4},"end":{"line":102,"column":16}},"40":{"start":{"line":96,"column":13},"end":{"line":96,"column":26}}},"fnMap":{"0":{"name":"(anonymous_0)","decl":{"start":{"line":5,"column":25},"end":{"line":5,"column":30}},"loc":{"start":{"line":5,"column":47},"end":{"line":44,"column":1}}},"1":{"name":"(anonymous_1)","decl":{"start":{"line":46,"column":27},"end":{"line":46,"column":32}},"loc":{"start":{"line":46,"column":48},"end":{"line":57,"column":1}}},"2":{"name":"(anonymous_2)","decl":{"start":{"line":59,"column":26},"end":{"line":59,"column":31}},"loc":{"start":{"line":59,"column":58},"end":{"line":75,"column":1}}},"3":{"name":"(anonymous_3)","decl":{"start":{"line":77,"column":27},"end":{"line":77,"column":32}},"loc":{"start":{"line":77,"column":65},"end":{"line":85,"column":1}}},"4":{"name":"(anonymous_4)","decl":{"start":{"line":87,"column":28},"end":{"line":87,"column":33}},"loc":{"start":{"line":87,"column":49},"end":{"line":94,"column":1}}},"5":{"name":"(anonymous_5)","decl":{"start":{"line":96,"column":26},"end":{"line":96,"column":31}},"loc":{"start":{"line":96,"column":61},"end":{"line":103,"column":1}}}},"branchMap":{"0":{"loc":{"start":{"line":10,"column":4},"end":{"line":16,"column":5}},"type":"if","locations":[{"start":{"line":10,"column":4},"end":{"line":16,"column":5}},{"start":{},"end":{}}]},"1":{"loc":{"start":{"line":17,"column":4},"end":{"line":17,"column":32}},"type":"if","locations":[{"start":{"line":17,"column":4},"end":{"line":17,"column":32}},{"start":{},"end":{}}]},"2":{"loc":{"start":{"line":18,"column":4},"end":{"line":18,"column":51}},"type":"if","locations":[{"start
[...]
,"D:\\Career\\Qafzly\\src\\services\\slide.service.ts": {"path":"D:\\Career\\Qafzly\\src\\services\\slide.service.ts","statementMap":{"0":{"start":{"line":1,"column":0},"end":{"line":1,"column":44}},"1":{"start":{"line":2,"column":0},"end":{"line":2,"column":45}},"2":{"start":{"line":3,"column":0},"end":{"line":3,"column":57}},"3":{"start":{"line":5,"column":27},"end":{"line":38,"column":1}},"4":{"start":{"line":6,"column":19},"end":{"line":6,"column":78}},"5":{"start":{"line":7,"column":4},"end":{"line":7,"column":60}},"6":{"start":{"line":7,"column":17},"end":{"line":7,"column":60}},"7":{"start":{"line":9,"column":18},"end":{"line":9,"column":87}},"8":{"start":{"line":11,"column":4},"end":{"line":37,"column":7}},"9":{"start":{"line":5,"column":13},"end":{"line":5,"column":27}},"10":{"start":{"line":40,"column":27},"end":{"line":48,"column":1}},"11":{"start":{"line":41,"column":18},"end":{"line":41,"column":75}},"12":{"start":{"line":42,"column":4},"end":{"line":42,"column":62}},"13":{"start":{"line":42,"column":16},"end":{"line":42,"column":62}},"14":{"start":{"line":44,"column":4},"end":{"line":47,"column":7}},"15":{"start":{"line":40,"column":13},"end":{"line":40,"column":27}},"16":{"start":{"line":50,"column":27},"end":{"line":55,"column":1}},"17":{"start":{"line":51,"column":18},"end":{"line":51,"column":75}},"18":{"start":{"line":52,"column":4},"end":{"line":52,"column":62}},"19":{"start":{"line":52,"column":16},"end":{"line":52,"column":62}},"20":{"start":{"line":54,"column":4},"end":{"line":54,"column":58}},"21":{"start":{"line":50,"column":13},"end":{"line":50,"column":27}},"22":{"start":{"line":57,"column":29},"end":{"line":69,"column":1}},"23":{"start":{"line":58,"column":19},"end":{"line":58,"column":71}},"24":{"start":{"line":59,"column":21},"end":{"line":59,"column":56}},"25":{"start":{"line":59,"column":45},"end":{"line":59,"column":54}},"26":{"start":{"line":61,"column":4},"end":{"line":68,"column":5}},"27":{"start":{"line":61,"column":17},"end":{"line":61,"column":18}},"28":{"start":{"line":62,"column":19},"end":{"line":62,"column":37}},"29":{"start":{"line":63,"column":8},"end":{"line":63,"column":82}},"30":{"start":{"line":63,"column":31},"end":{"line":63,"column":82}},"31":{"start":{"line":64,"column":8},"end":{"line":67,"column":11}},"32":{"start":{"line":57,"column":13},"end":{"line":57,"column":29}},"33":{"start":{"line":71,"column":34},"end":{"line":89,"column":1}},"34":{"start":{"line":72,"column":19},"end":{"line":75,"column":6}},"35":{"start":{"line":77,"column":4},"end":{"line":77,"column":31}},"36":{"start":{"line":77,"column":17},"end":{"line":77,"column":31}},"37":{"start":{"line":79,"column":21},"end":{"line":82,"column":6}},"38":{"start":{"line":83,"column":24},"end":{"line":83,"column":76}},"39":{"start":{"line":83,"column":50},"end":{"line":83,"column":74}},"40":{"start":{"line":85,"column":4},"end":{"line":88,"column":8}},"41":{"start":{"line":85,"column":32},"end":{"line":88,"column":6}},"42":{"start":{"line":71,"column":13},"end":{"line":71,"column":34}},"43":{"start":{"line":91,"column":29},"end":{"line":126,"column":1}},"44":{"start":{"line":92,"column":18},"end":{"line":94,"column":6}},"45":{"start":{"line":95,"column":4},"end":{"line":95,"column":62}},"46":{"start":{"line":95,"column":16},"end":{"line":95,"column":62}},"47":{"start":{"line":97,"column":21},"end":{"line":99,"column":6}},"48":{"start":{"line":100,"column":4},"end":{"line":100,"column":84}},"49":{"start":{"line":100,"column":29},"end":{"line":100,"column":84}},"50":{"start":{"line":102,"column":21},"end":{"line":102,"column":50}},"51":{"start":{"line":104,"column":4},"end":{"line":115,"column":7}},"52":{"start":{"line":117,"column":4},"end":{"line":119,"column":5}},"53":{"start":{"line":118,"column":8},"end":{"line":118,"column":62}},"54":{"start":{"line":121,"column":4},"end":{"line":125,"column":6}},"55":{"start":{"line":91,"column":13},"end":{"line":91,"column":29}}},"fnMap":{"0":{"name":"(anonymous_0)","decl":{"start":{"line":5,"column":27},"end":{"line":5,"column":32}},"loc":{"start":{"line":5,"column":65},"end":{"line":38,"column":1}}},"1":{"name":"(anonymous_1)","decl":{"start":{"line":40,"column":27},"end":{"line":40,"column":32}},"loc":{"start":{"line":40,"column":64},"end":{"line":48,"column":1}}},"2":{"name":"(anonymous_2)","decl":{"start":{"line":50,"column":27},"end":{"line":50,"column":32}},"loc":{"start":{"line":50,"column":53},"end":{"line":55,"column":1}}},"3":{"name":"(anonymous_3)","decl":{"start":{"line":57,"column":29},"end":{"line":57,"column":34}},"loc":{"start":{"line":57,"column":83},"end":{"line":69,"column":1}}},"4":{"name":"(anonymous_4)","decl":{"start":{"line":59,"column":40},"end":{"line":59,"column":41}},"loc":{"start":{"line":59,"column":45},"end":{"line":59,"column":54}}},"5":{"name":"(anonymous_5)","decl":{"start":{"line":71,"column":34},"end":{"line":71,"column":39}},"loc":{"start":{"line":71,"column":78},"end":{"line":89,"column":1}}},"6":{"name":"(anonymous_6)","decl":{"start":{"line":83,"column":45},"end":{"line":83,"column":46}},"loc":{"start":{"line":83,"column":50},"end":{"line":83,"column":74}}},"7":{"name":"(anonymous_7)","decl":{"start":{"line":85,"column":22},"end":{"line":85,"column":27}},"loc":{"start":{"line":85,"column":32},"end":{"line":88,"column":6}}},"8":{"name":"(anonymous_8)","decl":{"start":{"line":91,"column":29},"end":{"line":91,"column":34}},"loc":{"start":{"line":91,"column":122},"end":{"line":126,"column":1}}}},"branchMap":{"0":{"loc":{"start":{"line":7,"column":4},"end":{"line":7,"column":60}},"type":"if","locations":[{"start":{"line":7,"column":4},"end":{"line":7,"column":60}},{"start":{},"end":{}}]},"1":{"loc":{"start":{"line":9,"column":18},"end":{"line":9,"column":87}},"type":"binary-expr","locations":[{"start":{"line":9,"column":18},"end":{"line":9,"column":28}},{"start":{"line":9,"column":32},"end":{"line":9,"column":87}}]},"2":{"loc":{"start":{"line":34,"column":17},"end":{"line":34,"column":34}},"type":"binary-expr","locations":[{"start":{"line":34,"column":17},"end":{"line":34,"column":29}},{"start":{"line":34,"column":33},"end":{"line":34,"column":34}}]},"3":{"loc":{"start":{"line":42,"column":4},"end":{"line":42,"column":62}},"type":"if","locations":[{"start":{"line":42,"column":4},"end":{"line":42,"column":62}},{"start":{},"end":{}}]},"4":{"loc":{"start":{"line":52,"column":4},"end":{"line":52,"column":62}},"type":"if","locations":[{"start":{"line":52,"column":4},"end":{"line":52,"column":62}},{"start":{},"end":{}}]},"5":{"loc":{"start":{"line":63,"column":8},"end":{"line":63,"column":82}},"type":"if","locations":[{"start":{"line":63,"column":8},"end":{"line":63,"column":82}},{"start":{},"end":{}}]},"6":{"loc":{"start":{"line":77,"column":4},"end":{"line":77,"column":31}},"type":"if","locations":[{"start":{"line":77,"column":4},"end":{"line":77,"column":31}},{"start":{},"end":{}}]},"7":{"loc":{"start":{"line":87,"column":19},"end":{"line":87,"column":53}},"type":"binary-expr","locations":[{"start":{"line":87,"column":19},"end":{"line":87,"column":44}},{"start":{"line":87,"column":48},"end":{"line":87,"column":53}}]},"8":{"loc":{"start":{"line":95,"column":4},"end":{"line":95,"column":62}},"type":"if","locations":[{"start":{"line":95,"column":4},"end":{"line":95,"column":62}},{"start":{},"end":{}}]},"9":{"loc":{"start":{"line":100,"column":4},"end":{"line":100,"column":84}},"type":"if","locations":[{"start":{"line":100,"column":4},"end":{"line":100,"column":84}},{"start":{},"end":{}}]},"10":{"loc":{"start":{"line":102,"column":21},"end":{"line":102,"column":50}},"type":"cond-expr","locations":[{"start":{"line":102,"column":33},"end":{"line":102,"column":46}},{"start":{"line":102,"column":49},"end":{"line":102,"column":50}}]},"11":{"loc":{"start":{"line":117,"column":4},"end":{"line":119,"column":5}},"type":"if","locations":[{"start":{"line":117,"column":4},"end":{"line":119,"column":5}},{"start":{},"end":{}}]}},"s":{"0":1,"1":1,"2":1,"3":1,"4":3,"5":3,"6":1,"7":2,"8":2,"9":1,"10":1,"11":2,"12":2,"13":1,"14":1,"15":1,"16":1,"17":2,"18":2,"19":1,"20":1,"21":1,"22":1,"23":2,"24":2,"25":5,"26":2,"27":2,"28":5,"29":5,"30":1,"31":4,"32":1,"33":1,"34":2,"35":2,"36":1,"37":1,"38":1,"39":1,"40":1,"41":2,"42":1,"43":1,"44":4,"45":4,"46":1,"47":3,"48":3,"49":1,"50":2,"51":2,"52":2,"53":1,"54":2,"55":1},"f":{"0":3,"1":2,"2":2,"3":2,"4":5,"5":2,"6":1,"7":2,"8":4},"b":{"0":[1,2],"1":[2,1],"2":[2,1],"3":[1,1],"4":[1,1],"5":[1,4],"6":[1,1],"7":[2,1],"8":[1,3],"9":[1,2],"10":[1,1],"11":[1,1]}}
,"D:\\Career\\Qafzly\\src\\services\\user.service.ts": {"path":"D:\\Career\\Qafzly\\src\\services\\user.service.ts","statementMap":{"0":{"start":{"line":1,"column":0},"end":{"line":1,"column":44}},"1":{"start":{"line":2,"column":0},"end":{"line":2,"column":45}},"2":{"start":{"line":8,"column":21},"end":{"line":26,"column":2}},"3":{"start":{"line":8,"column":37},"end":{"line":26,"column":2}},"4":{"start":{"line":29,"column":21},"end":{"line":78,"column":1}},"5":{"start":{"line":30,"column":17},"end":{"line":45,"column":6}},"6":{"start":{"line":47,"column":4},"end":{"line":49,"column":5}},"7":{"start":{"line":48,"column":8},"end":{"line":48,"column":54}},"8":{"start":{"line":52,"column":25},"end":{"line":58,"column":6}},"9":{"start":{"line":61,"column":31},"end":{"line":61,"column":54}},"10":{"start":{"line":63,"column":32},"end":{"line":63,"column":33}},"11":{"start":{"line":64,"column":29},"end":{"line":64,"column":74}},"12":{"start":{"line":64,"column":55},"end":{"line":64,"column":66}},"13":{"start":{"line":65,"column":34},"end":{"line":65,"column":50}},"14":{"start":{"line":66,"column":24},"end":{"line":66,"column":94}},"15":{"start":{"line":66,"column":51},"end":{"line":66,"column":79}},"16":{"start":{"line":68,"column":4},"end":{"line":77,"column":6}},"17":{"start":{"line":29,"column":13},"end":{"line":29,"column":21}},"18":{"start":{"line":81,"column":29},"end":{"line":124,"column":1}},"19":{"start":{"line":82,"column":17},"end":{"line":82,"column":72}},"20":{"start":{"line":83,"column":4},"end":{"line":85,"column":5}},"21":{"start":{"line":84,"column":8},"end":{"line":84,"column":54}},"22":{"start":{"line":88,"column":28},"end":{"line":90,"column":6}},"23":{"start":{"line":93,"column":4},"end":{"line":93,"column":71}},"24":{"start":{"line":93,"column":41},"end":{"line":93,"column":71}},"25":{"start":{"line":94,"column":4},"end":{"line":94,"column":55}},"26":{"start":{"line":94,"column":33},"end":{"line":94,"column":55}},"27":{"start":{"line":95,"column":4},"end":{"line":95,"column":63}},"28":{"start":{"line":95,"column":37},"end":{"line":95,"column":63}},"29":{"start":{"line":96,"column":4},"end":{"line":96,"column":65}},"30":{"start":{"line":96,"column":38},"end":{"line":96,"column":65}},"31":{"start":{"line":97,"column":4},"end":{"line":97,"column":73}},"32":{"start":{"line":97,"column":42},"end":{"line":97,"column":73}},"33":{"start":{"line":99,"column":24},"end":{"line":121,"column":6}},"34":{"start":{"line":123,"column":4},"end":{"line":123,"column":37}},"35":{"start":{"line":81,"column":13},"end":{"line":81,"column":29}},"36":{"start":{"line":127,"column":24},"end":{"line":136,"column":1}},"37":{"start":{"line":128,"column":20},"end":{"line":134,"column":6}},"38":{"start":{"line":135,"column":4},"end":{"line":135,"column":29}},"39":{"start":{"line":127,"column":13},"end":{"line":127,"column":24}},"40":{"start":{"line":139,"column":29},"end":{"line":155,"column":1}},"41":{"start":{"line":140,"column":17},"end":{"line":140,"column":72}},"42":{"start":{"line":141,"column":4},"end":{"line":141,"column":61}},"43":{"start":{"line":141,"column":15},"end":{"line":141,"column":61}},"44":{"start":{"line":143,"column":28},"end":{"line":143,"column":62}},"45":{"start":{"line":144,"column":23},"end":{"line":147,"column":6}},"46":{"start":{"line":149,"column":4},"end":{"line":152,"column":7}},"47":{"start":{"line":154,"column":4},"end":{"line":154,"column":58}},"48":{"start":{"line":139,"column":13},"end":{"line":139,"column":29}},"49":{"start":{"line":158,"column":26},"end":{"line":164,"column":1}},"50":{"start":{"line":159,"column":17},"end":{"line":162,"column":6}},"51":{"start":{"line":163,"column":4},"end":{"line":163,"column":39}},"52":{"start":{"line":158,"column":13},"end":{"line":158,"column":26}},"53":{"start":{"line":167,"column":28},"end":{"line":177,"column":1}},"54":{"start":{"line":168,"column":17},"end":{"line":168,"column":72}},"55":{"start":{"line":169,"column":4},"end":{"line":169,"column":61}},"56":{"start":{"line":169,"column":15},"end":{"line":169,"column":61}},"57":{"start":{"line":171,"column":20},"end":{"line":175,"column":6}},"58":{"start":{"line":176,"column":4},"end":{"line":176,"column":19}},"59":{"start":{"line":167,"column":13},"end":{"line":167,"column":28}},"60":{"start":{"line":180,"column":28},"end":{"line":190,"column":1}},"61":{"start":{"line":181,"column":17},"end":{"line":181,"column":72}},"62":{"start":{"line":182,"column":4},"end":{"line":182,"column":61}},"63":{"start":{"line":182,"column":15},"end":{"line":182,"column":61}},"64":{"start":{"line":184,"column":20},"end":{"line":188,"column":6}},"65":{"start":{"line":189,"column":4},"end":{"line":189,"column":19}},"66":{"start":{"line":180,"column":13},"end":{"line":180,"column":28}}},"fnMap":{"0":{"name":"(anonymous_0)","decl":{"start":{"line":8,"column":21},"end":{"line":8,"column":22}},"loc":{"start":{"line":8,"column":37},"end":{"line":26,"column":2}}},"1":{"name":"(anonymous_1)","decl":{"start":{"line":29,"column":21},"end":{"line":29,"column":26}},"loc":{"start":{"line":29,"column":46},"end":{"line":78,"column":1}}},"2":{"name":"(anonymous_2)","decl":{"start":{"line":64,"column":50},"end":{"line":64,"column":51}},"loc":{"start":{"line":64,"column":55},"end":{"line":64,"column":66}}},"3":{"name":"(anonymous_3)","decl":{"start":{"line":66,"column":46},"end":{"line":66,"column":47}},"loc":{"start":{"line":66,"column":51},"end":{"line":66,"column":79}}},"4":{"name":"(anonymous_4)","decl":{"start":{"line":81,"column":29},"end":{"line":81,"column":34}},"loc":{"start":{"line":81,"column":82},"end":{"line":124,"column":1}}},"5":{"name":"(anonymous_5)","decl":{"start":{"line":127,"column":24},"end":{"line":127,"column":29}},"loc":{"start":{"line":127,"column":49},"end":{"line":136,"column":1}}},"6":{"name":"(anonymous_6)","decl":{"start":{"line":139,"column":29},"end":{"line":139,"column":34}},"loc":{"start":{"line":139,"column":72},"end":{"line":155,"column":1}}},"7":{"name":"(anonymous_7)","decl":{"start":{"line":158,"column":26},"end":{"line":158,"column":31}},"loc":{"start":{"line":158,"column":51},"end":{"line":164,"column":1}}},"8":{"name":"(anonymous_8)","decl":{"start":{"line":167,"column":28},"end":{"line":167,"column":33}},"loc":{"start":{"line":167,"column":73},"end":{"line":177,"column":1}}},"9":{"name":"(anonymous_9)","decl":{"start":{"line":180,"column":28},"end":{"line":180,"column":33}},"loc":{"start":{"line":180,"column":53},"end":{"line":190,"column":1}}}},"branchMap":{"0":{"loc":{"start":{"line":47,"column":4},"end":{"line":49,"column":5}},"type":"if","locations":[{"start":{"line":47,"column":4},"end":{"line":49,"column":5}},{"start":{},"end":{}}]},"1":{"loc":{"start":{"line":47,"column":8},"end":{"line":47,"column":31}},"type":"binary-expr","locations":[{"start":{"line":47,"column":8},"end":{"line":47,"column":13}},{"start":{"line":47,"column":17},"end":{"line":47,"column":31}}]},"2":{"loc":{"start":{"line":53,"column":15},"end":{"line":53,"column":37}},"type":"binary-expr","locations":[{"start":{"line":53,"column":15},"end":{"line":53,"column":32}},{"start":{"line":53,"column":36},"end":{"line":53,"column":37}}]},"3":{"loc":{"start":{"line":54,"column":12},"end":{"line":54,"column":31}},"type":"binary-expr","locations":[{"start":{"line":54,"column":12},"end":{"line":54,"column":26}},{"start":{"line":54,"column":30},"end":{"line":54,"column":31}}]},"4":{"loc":{"start":{"line":56,"column":16},"end":{"line":56,"column":39}},"type":"binary-expr","locations":[{"start":{"line":56,"column":16},"end":{"line":56,"column":34}},{"start":{"line":56,"column":38},"end":{"line":56,"column":39}}]},"5":{"loc":{"start":{"line":66,"column":24},"end":{"line":66,"column":94}},"type":"binary-expr","locations":[{"start":{"line":66,"column":24},"end":{"line":66,"column":86}},{"start":{"line":66,"column":90},"end":{"line":66,"column":94}}]},"6":{"loc":{"start":{"line":66,"column":51},"end":{"line":66,"column":79}},"type":"binary-expr","locations":[{"start":{"line":66,"column":51},"end":{"line":66,"column":57}},{"start":{"line":66,"column":61},"end":{"line":66,"column":79}}]},"7":{"loc":{"start":{"line":81,"column":63},"end":{"line":81,"column":78}},"type":"default-arg","locations":[{"start":{"line":81,"column":73},"end":{"line":81,"column":78}}]},"8":{"loc":{"start":{"line":83,"column":4},"end":{"line":85,"column":5}},"type":"if","locations":[{"start":{"line":83,"column":4},"end":{"line":85,"column":5}},{"start":{},"end":{}}]},"9":{"loc":{"start":{"line":83,"column":8},"end":{"line":83,"column":31}},"type":"binary-expr","locations":[{"start":{"line":83,"column":8},"end":{"line":83,"column":13}},{"start":{"line":83,"column":17},"end":{"line":83,"column":31}}]},"10":{"loc":{"start":{"line":93,"column":4},"end":{"line":93,"column":71}},"type":"if","locations":[{"start":{"line":93,"column":4},"end":{"line":93,"column":71}},{"start":{},"end":{}}]},"11":{"loc":{"start":{"line":94,"column":4},"end":{"line":94,"column":55}},"type":"if","locations":[{"start":{"line":94,"column":4},"end":{"line":94,"column":55}},{"start":{},"end":{}}]},"12":{"loc":{"start":{"line":95,"column":4},"end":{"line":95,"column":63}},"type":"if","locations":[{"start":{"line":95,"column":4},"end":{"line":95,"column":63}},{"start":{},"end":{}}]},"13":{"loc":{"start":{"line":96,"column":4},"end":{"line":96,"column":65}},"type":"if","locations":[{"start":{"line":96,"column":4},"end":{"line":96,"column":65}},{"start":{},"end":{}}]},"14":{"loc":{"start":{"line":97,"column":4},"end":{"line":97,"column":73}},"type":"if","locations":[{"start":{"line":97,"column":4},"end":{"line":97,"column":73}},{"start":{},"end":{}}]},"15":{"loc":{"start":{"line":141,"column":4},"end":{"line":141,"column":61}},"type":"if","locations":[{"start":{"line":141,"column":4},"end":{"line":141,"column":61}},{"start":{},"end":{}}]},"16":{"loc":{"start":{"line":143,"column":28},"end":{"line":143,"column":62}},"type":"binary-expr","locations":[{"start":{"line":143,"column":28},"end":{"line":143,"column":56}},{"start":{"line":143,"column":60},"end":{"line":143,"column":62}}]},"17":{"loc":{"start":{"line":163,"column":11},"end":{"line":163,"column":38}},"type":"binary-expr","locations":[{"start":{"line":163,"column":11},"end":{"line":163,"column":32}},{"start":{"line":163,"column":36},"end":{"line":163,"column":38}}]},"18":{"loc":{"start":{"line":169,"column":4},"end":{"line":169,"column":61}},"type":"if","locations":[{"start":{"line":169,"column":4},"end":{"line":169,"column":61}},{"start":{},"end":{}}]},"19":{"loc":{"start":{"line":182,"column":4},"end":{"line":182,"column":61}},"type":"if","locations":[{"start":{"line":182,"column":4},"end":{"line":182,"column":61}},{"start":{},"end":{}}]}},"s":{"0":1,"1":1,"2":1,"3":4,"4":1,"5":4,"6":4,"7":2,"8":2,"9":2,"10":2,"11":2,"12":2,"13":2,"14":2,"15":1,"16":2,"17":1,"18":1,"19":3,"20":3,"21":1,"22":2,"23":2,"24":1,"25":2,"26":1,"27":2,"28":1,"29":2,"30":1,"31":2,"32":1,"33":2,"34":2,"35":1,"36":1,"37":1,"38":1,"39":1,"40":1,"41":3,"42":3,"43":1,"44":2,"45":2,"46":2,"47":2,"48":1,"49":1,"50":2,"51":2,"52":1,"53":1,"54":2,"55":2,"56":1,"57":1,"58":1,"59":1,"60":1,"61":2,"62":2,"63":1,"64":1,"65":1,"66":1},"f":{"0":4,"1":4,"2":2,"3":1,"4":3,"5":1,"6":3,"7":2,"8":2,"9":2},"b":{"0":[2,2],"1":[4,3],"2":[2,1],"3":[2,1],"4":[2,1],"5":[2,1],"6":[1,1],"7":[3],"8":[1,2],"9":[3,2],"10":[1,1],"11":[1,1],"12":[1,1],"13":[1,1],"14":[1,1],"15":[1,2],"16":[2,1],"17":[2,1],"18":[1,1],"19":[1,1]}}
}
