{"D:\\Career\\Qafzly\\src\\controllers\\admin.controller.ts": {"path":"D:\\Career\\Qafzly\\src\\controllers\\admin.controller.ts","statementMap":{"0":{"start":{"line":2,"column":0},"end":{"line":2,"column":53}},"1":{"start":{"line":3,"column":0},"end":{"line":3,"column":51}},"2":{"start":{"line":4,"column":0},"end":{"line":4,"column":58}},"3":{"start":{"line":6,"column":13},"end":{"line":15,"column":3}},"4":{"start":{"line":7,"column":50},"end":{"line":7,"column":66}},"5":{"start":{"line":8,"column":19},"end":{"line":8,"column":86}},"6":{"start":{"line":9,"column":4},"end":{"line":14,"column":7}},"7":{"start":{"line":17,"column":13},"end":{"line":20,"column":3}},"8":{"start":{"line":18,"column":17},"end":{"line":18,"column":72}},"9":{"start":{"line":19,"column":4},"end":{"line":19,"column":65}},"10":{"start":{"line":22,"column":13},"end":{"line":25,"column":3}},"11":{"start":{"line":23,"column":17},"end":{"line":23,"column":83}},"12":{"start":{"line":24,"column":4},"end":{"line":24,"column":60}},"13":{"start":{"line":27,"column":13},"end":{"line":30,"column":3}},"14":{"start":{"line":28,"column":17},"end":{"line":28,"column":91}},"15":{"start":{"line":29,"column":4},"end":{"line":29,"column":60}},"16":{"start":{"line":32,"column":13},"end":{"line":35,"column":3}},"17":{"start":{"line":33,"column":17},"end":{"line":33,"column":73}},"18":{"start":{"line":34,"column":4},"end":{"line":34,"column":60}},"19":{"start":{"line":37,"column":13},"end":{"line":40,"column":3}},"20":{"start":{"line":38,"column":17},"end":{"line":38,"column":88}},"21":{"start":{"line":39,"column":4},"end":{"line":39,"column":64}}},"fnMap":{"0":{"name":"(anonymous_6)","decl":{"start":{"line":6,"column":38},"end":{"line":6,"column":43}},"loc":{"start":{"line":6,"column":76},"end":{"line":15,"column":1}}},"1":{"name":"(anonymous_7)","decl":{"start":{"line":17,"column":36},"end":{"line":17,"column":41}},"loc":{"start":{"line":17,"column":74},"end":{"line":20,"column":1}}},"2":{"name":"(anonymous_8)","decl":{"start":{"line":22,"column":39},"end":{"line":22,"column":44}},"loc":{"start":{"line":22,"column":77},"end":{"line":25,"column":1}}},"3":{"name":"(anonymous_9)","decl":{"start":{"line":27,"column":40},"end":{"line":27,"column":45}},"loc":{"start":{"line":27,"column":78},"end":{"line":30,"column":1}}},"4":{"name":"(anonymous_10)","decl":{"start":{"line":32,"column":41},"end":{"line":32,"column":46}},"loc":{"start":{"line":32,"column":79},"end":{"line":35,"column":1}}},"5":{"name":"(anonymous_11)","decl":{"start":{"line":37,"column":39},"end":{"line":37,"column":44}},"loc":{"start":{"line":37,"column":77},"end":{"line":40,"column":1}}}},"branchMap":{},"s":{"0":0,"1":0,"2":0,"3":0,"4":0,"5":0,"6":0,"7":0,"8":0,"9":0,"10":0,"11":0,"12":0,"13":0,"14":0,"15":0,"16":0,"17":0,"18":0,"19":0,"20":0,"21":0},"f":{"0":0,"1":0,"2":0,"3":0,"4":0,"5":0},"b":{}}
,"D:\\Career\\Qafzly\\src\\controllers\\auth.controller.ts": {"path":"D:\\Career\\Qafzly\\src\\controllers\\auth.controller.ts","statementMap":{"0":{"start":{"line":2,"column":0},"end":{"line":2,"column":53}},"1":{"start":{"line":3,"column":0},"end":{"line":3,"column":51}},"2":{"start":{"line":4,"column":0},"end":{"line":4,"column":56}},"3":{"start":{"line":6,"column":13},"end":{"line":9,"column":3}},"4":{"start":{"line":7,"column":19},"end":{"line":7,"column":55}},"5":{"start":{"line":8,"column":4},"end":{"line":8,"column":66}},"6":{"start":{"line":11,"column":13},"end":{"line":15,"column":3}},"7":{"start":{"line":12,"column":32},"end":{"line":12,"column":40}},"8":{"start":{"line":13,"column":19},"end":{"line":13,"column":59}},"9":{"start":{"line":14,"column":4},"end":{"line":14,"column":66}},"10":{"start":{"line":17,"column":13},"end":{"line":21,"column":3}},"11":{"start":{"line":18,"column":29},"end":{"line":18,"column":37}},"12":{"start":{"line":19,"column":19},"end":{"line":19,"column":63}},"13":{"start":{"line":20,"column":4},"end":{"line":20,"column":64}},"14":{"start":{"line":23,"column":13},"end":{"line":27,"column":3}},"15":{"start":{"line":24,"column":24},"end":{"line":24,"column":40}},"16":{"start":{"line":25,"column":19},"end":{"line":25,"column":51}},"17":{"start":{"line":26,"column":4},"end":{"line":26,"column":66}},"18":{"start":{"line":29,"column":13},"end":{"line":33,"column":3}},"19":{"start":{"line":30,"column":22},"end":{"line":30,"column":30}},"20":{"start":{"line":31,"column":19},"end":{"line":31,"column":58}},"21":{"start":{"line":32,"column":4},"end":{"line":32,"column":104}},"22":{"start":{"line":35,"column":13},"end":{"line":39,"column":3}},"23":{"start":{"line":36,"column":35},"end":{"line":36,"column":43}},"24":{"start":{"line":37,"column":19},"end":{"line":37,"column":70}},"25":{"start":{"line":38,"column":4},"end":{"line":38,"column":71}}},"fnMap":{"0":{"name":"(anonymous_6)","decl":{"start":{"line":6,"column":37},"end":{"line":6,"column":42}},"loc":{"start":{"line":6,"column":75},"end":{"line":9,"column":1}}},"1":{"name":"(anonymous_7)","decl":{"start":{"line":11,"column":34},"end":{"line":11,"column":39}},"loc":{"start":{"line":11,"column":72},"end":{"line":15,"column":1}}},"2":{"name":"(anonymous_8)","decl":{"start":{"line":17,"column":36},"end":{"line":17,"column":41}},"loc":{"start":{"line":17,"column":74},"end":{"line":21,"column":1}}},"3":{"name":"(anonymous_9)","decl":{"start":{"line":23,"column":35},"end":{"line":23,"column":40}},"loc":{"start":{"line":23,"column":73},"end":{"line":27,"column":1}}},"4":{"name":"(anonymous_10)","decl":{"start":{"line":29,"column":43},"end":{"line":29,"column":48}},"loc":{"start":{"line":29,"column":81},"end":{"line":33,"column":1}}},"5":{"name":"(anonymous_11)","decl":{"start":{"line":35,"column":42},"end":{"line":35,"column":47}},"loc":{"start":{"line":35,"column":80},"end":{"line":39,"column":1}}}},"branchMap":{},"s":{"0":0,"1":0,"2":0,"3":0,"4":0,"5":0,"6":0,"7":0,"8":0,"9":0,"10":0,"11":0,"12":0,"13":0,"14":0,"15":0,"16":0,"17":0,"18":0,"19":0,"20":0,"21":0,"22":0,"23":0,"24":0,"25":0},"f":{"0":0,"1":0,"2":0,"3":0,"4":0,"5":0},"b":{}}
,"D:\\Career\\Qafzly\\src\\controllers\\user.controller.ts": {"path":"D:\\Career\\Qafzly\\src\\controllers\\user.controller.ts","statementMap":{"0":{"start":{"line":2,"column":0},"end":{"line":2,"column":53}},"1":{"start":{"line":3,"column":0},"end":{"line":3,"column":51}},"2":{"start":{"line":4,"column":0},"end":{"line":4,"column":45}},"3":{"start":{"line":5,"column":0},"end":{"line":5,"column":56}},"4":{"start":{"line":7,"column":13},"end":{"line":11,"column":3}},"5":{"start":{"line":8,"column":20},"end":{"line":8,"column":43}},"6":{"start":{"line":9,"column":17},"end":{"line":9,"column":48}},"7":{"start":{"line":10,"column":4},"end":{"line":10,"column":68}},"8":{"start":{"line":13,"column":13},"end":{"line":17,"column":3}},"9":{"start":{"line":14,"column":20},"end":{"line":14,"column":43}},"10":{"start":{"line":15,"column":24},"end":{"line":15,"column":80}},"11":{"start":{"line":16,"column":4},"end":{"line":16,"column":81}},"12":{"start":{"line":19,"column":13},"end":{"line":23,"column":3}},"13":{"start":{"line":20,"column":20},"end":{"line":20,"column":43}},"14":{"start":{"line":21,"column":24},"end":{"line":21,"column":79}},"15":{"start":{"line":22,"column":4},"end":{"line":22,"column":81}},"16":{"start":{"line":25,"column":13},"end":{"line":29,"column":3}},"17":{"start":{"line":26,"column":20},"end":{"line":26,"column":43}},"18":{"start":{"line":27,"column":19},"end":{"line":27,"column":53}},"19":{"start":{"line":28,"column":4},"end":{"line":28,"column":64}},"20":{"start":{"line":31,"column":13},"end":{"line":35,"column":3}},"21":{"start":{"line":32,"column":20},"end":{"line":32,"column":43}},"22":{"start":{"line":33,"column":19},"end":{"line":33,"column":68}},"23":{"start":{"line":34,"column":4},"end":{"line":34,"column":70}},"24":{"start":{"line":37,"column":13},"end":{"line":41,"column":3}},"25":{"start":{"line":38,"column":20},"end":{"line":38,"column":43}},"26":{"start":{"line":39,"column":20},"end":{"line":39,"column":56}},"27":{"start":{"line":40,"column":4},"end":{"line":40,"column":90}},"28":{"start":{"line":43,"column":13},"end":{"line":51,"column":3}},"29":{"start":{"line":44,"column":20},"end":{"line":44,"column":43}},"30":{"start":{"line":45,"column":4},"end":{"line":47,"column":5}},"31":{"start":{"line":46,"column":8},"end":{"line":46,"column":53}},"32":{"start":{"line":48,"column":23},"end":{"line":48,"column":62}},"33":{"start":{"line":49,"column":20},"end":{"line":49,"column":70}},"34":{"start":{"line":50,"column":4},"end":{"line":50,"column":101}},"35":{"start":{"line":53,"column":13},"end":{"line":57,"column":3}},"36":{"start":{"line":54,"column":20},"end":{"line":54,"column":43}},"37":{"start":{"line":55,"column":20},"end":{"line":55,"column":58}},"38":{"start":{"line":56,"column":4},"end":{"line":56,"column":67}}},"fnMap":{"0":{"name":"(anonymous_6)","decl":{"start":{"line":7,"column":34},"end":{"line":7,"column":39}},"loc":{"start":{"line":7,"column":72},"end":{"line":11,"column":1}}},"1":{"name":"(anonymous_7)","decl":{"start":{"line":13,"column":37},"end":{"line":13,"column":42}},"loc":{"start":{"line":13,"column":75},"end":{"line":17,"column":1}}},"2":{"name":"(anonymous_8)","decl":{"start":{"line":19,"column":36},"end":{"line":19,"column":41}},"loc":{"start":{"line":19,"column":74},"end":{"line":23,"column":1}}},"3":{"name":"(anonymous_9)","decl":{"start":{"line":25,"column":37},"end":{"line":25,"column":42}},"loc":{"start":{"line":25,"column":75},"end":{"line":29,"column":1}}},"4":{"name":"(anonymous_10)","decl":{"start":{"line":31,"column":42},"end":{"line":31,"column":47}},"loc":{"start":{"line":31,"column":80},"end":{"line":35,"column":1}}},"5":{"name":"(anonymous_11)","decl":{"start":{"line":37,"column":39},"end":{"line":37,"column":44}},"loc":{"start":{"line":37,"column":77},"end":{"line":41,"column":1}}},"6":{"name":"(anonymous_12)","decl":{"start":{"line":43,"column":41},"end":{"line":43,"column":46}},"loc":{"start":{"line":43,"column":79},"end":{"line":51,"column":1}}},"7":{"name":"(anonymous_13)","decl":{"start":{"line":53,"column":41},"end":{"line":53,"column":46}},"loc":{"start":{"line":53,"column":79},"end":{"line":57,"column":1}}}},"branchMap":{"0":{"loc":{"start":{"line":45,"column":4},"end":{"line":47,"column":5}},"type":"if","locations":[{"start":{"line":45,"column":4},"end":{"line":47,"column":5}},{"start":{},"end":{}}]}},"s":{"0":0,"1":0,"2":0,"3":0,"4":0,"5":0,"6":0,"7":0,"8":0,"9":0,"10":0,"11":0,"12":0,"13":0,"14":0,"15":0,"16":0,"17":0,"18":0,"19":0,"20":0,"21":0,"22":0,"23":0,"24":0,"25":0,"26":0,"27":0,"28":0,"29":0,"30":0,"31":0,"32":0,"33":0,"34":0,"35":0,"36":0,"37":0,"38":0},"f":{"0":0,"1":0,"2":0,"3":0,"4":0,"5":0,"6":0,"7":0},"b":{"0":[0,0]}}
,"D:\\Career\\Qafzly\\src\\services\\admin.service.ts": {"path":"D:\\Career\\Qafzly\\src\\services\\admin.service.ts","statementMap":{"0":{"start":{"line":1,"column":0},"end":{"line":1,"column":44}},"1":{"start":{"line":2,"column":0},"end":{"line":2,"column":45}},"2":{"start":{"line":5,"column":25},"end":{"line":44,"column":1}},"3":{"start":{"line":6,"column":50},"end":{"line":6,"column":56}},"4":{"start":{"line":7,"column":17},"end":{"line":7,"column":35}},"5":{"start":{"line":9,"column":23},"end":{"line":9,"column":25}},"6":{"start":{"line":10,"column":4},"end":{"line":16,"column":5}},"7":{"start":{"line":11,"column":8},"end":{"line":15,"column":10}},"8":{"start":{"line":17,"column":4},"end":{"line":17,"column":32}},"9":{"start":{"line":17,"column":14},"end":{"line":17,"column":32}},"10":{"start":{"line":18,"column":4},"end":{"line":18,"column":51}},"11":{"start":{"line":18,"column":29},"end":{"line":18,"column":51}},"12":{"start":{"line":19,"column":4},"end":{"line":19,"column":55}},"13":{"start":{"line":19,"column":32},"end":{"line":19,"column":55}},"14":{"start":{"line":20,"column":4},"end":{"line":20,"column":62}},"15":{"start":{"line":20,"column":30},"end":{"line":20,"column":62}},"16":{"start":{"line":22,"column":27},"end":{"line":41,"column":6}},"17":{"start":{"line":43,"column":4},"end":{"line":43,"column":79}},"18":{"start":{"line":5,"column":13},"end":{"line":5,"column":25}},"19":{"start":{"line":46,"column":27},"end":{"line":57,"column":1}},"20":{"start":{"line":47,"column":17},"end":{"line":54,"column":6}},"21":{"start":{"line":55,"column":4},"end":{"line":55,"column":61}},"22":{"start":{"line":55,"column":15},"end":{"line":55,"column":61}},"23":{"start":{"line":56,"column":4},"end":{"line":56,"column":16}},"24":{"start":{"line":46,"column":13},"end":{"line":46,"column":27}},"25":{"start":{"line":59,"column":26},"end":{"line":75,"column":1}},"26":{"start":{"line":60,"column":17},"end":{"line":73,"column":6}},"27":{"start":{"line":74,"column":4},"end":{"line":74,"column":16}},"28":{"start":{"line":59,"column":13},"end":{"line":59,"column":26}},"29":{"start":{"line":77,"column":27},"end":{"line":85,"column":1}},"30":{"start":{"line":78,"column":17},"end":{"line":82,"column":6}},"31":{"start":{"line":84,"column":4},"end":{"line":84,"column":16}},"32":{"start":{"line":77,"column":13},"end":{"line":77,"column":27}},"33":{"start":{"line":87,"column":28},"end":{"line":94,"column":1}},"34":{"start":{"line":88,"column":17},"end":{"line":92,"column":6}},"35":{"start":{"line":93,"column":4},"end":{"line":93,"column":16}},"36":{"start":{"line":87,"column":13},"end":{"line":87,"column":28}},"37":{"start":{"line":96,"column":26},"end":{"line":103,"column":1}},"38":{"start":{"line":97,"column":17},"end":{"line":101,"column":6}},"39":{"start":{"line":102,"column":4},"end":{"line":102,"column":16}},"40":{"start":{"line":96,"column":13},"end":{"line":96,"column":26}}},"fnMap":{"0":{"name":"(anonymous_0)","decl":{"start":{"line":5,"column":25},"end":{"line":5,"column":30}},"loc":{"start":{"line":5,"column":47},"end":{"line":44,"column":1}}},"1":{"name":"(anonymous_1)","decl":{"start":{"line":46,"column":27},"end":{"line":46,"column":32}},"loc":{"start":{"line":46,"column":48},"end":{"line":57,"column":1}}},"2":{"name":"(anonymous_2)","decl":{"start":{"line":59,"column":26},"end":{"line":59,"column":31}},"loc":{"start":{"line":59,"column":58},"end":{"line":75,"column":1}}},"3":{"name":"(anonymous_3)","decl":{"start":{"line":77,"column":27},"end":{"line":77,"column":32}},"loc":{"start":{"line":77,"column":65},"end":{"line":85,"column":1}}},"4":{"name":"(anonymous_4)","decl":{"start":{"line":87,"column":28},"end":{"line":87,"column":33}},"loc":{"start":{"line":87,"column":49},"end":{"line":94,"column":1}}},"5":{"name":"(anonymous_5)","decl":{"start":{"line":96,"column":26},"end":{"line":96,"column":31}},"loc":{"start":{"line":96,"column":61},"end":{"line":103,"column":1}}}},"branchMap":{"0":{"loc":{"start":{"line":10,"column":4},"end":{"line":16,"column":5}},"type":"if","locations":[{"start":{"line":10,"column":4},"end":{"line":16,"column":5}},{"start":{},"end":{}}]},"1":{"loc":{"start":{"line":17,"column":4},"end":{"line":17,"column":32}},"type":"if","locations":[{"start":{"line":17,"column":4},"end":{"line":17,"column":32}},{"start":{},"end":{}}]},"2":{"loc":{"start":{"line":18,"column":4},"end":{"line":18,"column":51}},"type":"if","locations":[{"start":{"line":18,"column":4},"end":{"line":18,"column":51}},{"start":{},"end":{}}]},"3":{"loc":{"start":{"line":19,"column":4},"end":{"line":19,"column":55}},"type":"if","locations":[{"start":{"line":19,"column":4},"end":{"line":19,"column":55}},{"start":{},"end":{}}]},"4":{"loc":{"start":{"line":20,"column":4},"end":{"line":20,"column":62}},"type":"if","locations":[{"start":{"line":20,"column":4},"end":{"line":20,"column":62}},{"start":{},"end":{}}]},"5":{"loc":{"start":{"line":55,"column":4},"end":{"line":55,"column":61}},"type":"if","locations":[{"start":{"line":55,"column":4},"end":{"line":55,"column":61}},{"start":{},"end":{}}]}},"s":{"0":1,"1":1,"2":1,"3":2,"4":2,"5":2,"6":2,"7":1,"8":2,"9":1,"10":2,"11":0,"12":2,"13":0,"14":2,"15":0,"16":2,"17":2,"18":1,"19":1,"20":2,"21":2,"22":1,"23":1,"24":1,"25":1,"26":1,"27":1,"28":1,"29":1,"30":1,"31":1,"32":1,"33":1,"34":1,"35":1,"36":1,"37":1,"38":1,"39":1,"40":1},"f":{"0":2,"1":2,"2":1,"3":1,"4":1,"5":1},"b":{"0":[1,1],"1":[1,1],"2":[0,2],"3":[0,2],"4":[0,2],"5":[1,1]}}
,"D:\\Career\\Qafzly\\src\\services\\auth.service.ts": {"path":"D:\\Career\\Qafzly\\src\\services\\auth.service.ts","statementMap":{"0":{"start":{"line":1,"column":0},"end":{"line":1,"column":30}},"1":{"start":{"line":2,"column":0},"end":{"line":2,"column":31}},"2":{"start":{"line":3,"column":0},"end":{"line":3,"column":44}},"3":{"start":{"line":4,"column":0},"end":{"line":4,"column":40}},"4":{"start":{"line":5,"column":0},"end":{"line":5,"column":39}},"5":{"start":{"line":6,"column":0},"end":{"line":6,"column":45}},"6":{"start":{"line":7,"column":0},"end":{"line":7,"column":114}},"7":{"start":{"line":8,"column":0},"end":{"line":8,"column":57}},"8":{"start":{"line":10,"column":20},"end":{"line":10,"column":22}},"9":{"start":{"line":11,"column":29},"end":{"line":11,"column":45}},"10":{"start":{"line":12,"column":27},"end":{"line":12,"column":41}},"11":{"start":{"line":13,"column":31},"end":{"line":13,"column":49}},"12":{"start":{"line":15,"column":24},"end":{"line":62,"column":1}},"13":{"start":{"line":16,"column":87},"end":{"line":16,"column":91}},"14":{"start":{"line":19,"column":21},"end":{"line":19,"column":71}},"15":{"start":{"line":20,"column":4},"end":{"line":22,"column":5}},"16":{"start":{"line":21,"column":8},"end":{"line":21,"column":65}},"17":{"start":{"line":25,"column":25},"end":{"line":25,"column":65}},"18":{"start":{"line":27,"column":17},"end":{"line":46,"column":6}},"19":{"start":{"line":49,"column":20},"end":{"line":49,"column":75}},"20":{"start":{"line":50,"column":24},"end":{"line":50,"column":52}},"21":{"start":{"line":51,"column":25},"end":{"line":51,"column":54}},"22":{"start":{"line":54,"column":4},"end":{"line":59,"column":6}},"23":{"start":{"line":61,"column":4},"end":{"line":61,"column":47}},"24":{"start":{"line":15,"column":13},"end":{"line":15,"column":24}},"25":{"start":{"line":64,"column":21},"end":{"line":105,"column":1}},"26":{"start":{"line":66,"column":22},"end":{"line":66,"column":52}},"27":{"start":{"line":67,"column":24},"end":{"line":67,"column":50}},"28":{"start":{"line":68,"column":4},"end":{"line":71,"column":5}},"29":{"start":{"line":69,"column":20},"end":{"line":69,"column":46}},"30":{"start":{"line":70,"column":8},"end":{"line":70,"column":102}},"31":{"start":{"line":73,"column":17},"end":{"line":73,"column":67}},"32":{"start":{"line":74,"column":4},"end":{"line":76,"column":5}},"33":{"start":{"line":75,"column":8},"end":{"line":75,"column":59}},"34":{"start":{"line":78,"column":28},"end":{"line":78,"column":77}},"35":{"start":{"line":79,"column":4},"end":{"line":86,"column":5}},"36":{"start":{"line":81,"column":25},"end":{"line":81,"column":52}},"37":{"start":{"line":82,"column":8},"end":{"line":84,"column":9}},"38":{"start":{"line":83,"column":12},"end":{"line":83,"column":85}},"39":{"start":{"line":85,"column":8},"end":{"line":85,"column":59}},"40":{"start":{"line":89,"column":4},"end":{"line":89,"column":31}},"41":{"start":{"line":92,"column":20},"end":{"line":92,"column":75}},"42":{"start":{"line":93,"column":24},"end":{"line":93,"column":52}},"43":{"start":{"line":94,"column":25},"end":{"line":94,"column":54}},"44":{"start":{"line":97,"column":4},"end":{"line":102,"column":6}},"45":{"start":{"line":104,"column":4},"end":{"line":104,"column":125}},"46":{"start":{"line":64,"column":13},"end":{"line":64,"column":21}},"47":{"start":{"line":107,"column":28},"end":{"line":123,"column":5}},"48":{"start":{"line":108,"column":4},"end":{"line":122,"column":5}},"49":{"start":{"line":109,"column":24},"end":{"line":109,"column":56}},"50":{"start":{"line":110,"column":28},"end":{"line":110,"column":82}},"51":{"start":{"line":111,"column":8},"end":{"line":113,"column":9}},"52":{"start":{"line":112,"column":12},"end":{"line":112,"column":60}},"53":{"start":{"line":115,"column":31},"end":{"line":115,"column":59}},"54":{"start":{"line":116,"column":8},"end":{"line":116,"column":47}},"55":{"start":{"line":118,"column":8},"end":{"line":120,"column":9}},"56":{"start":{"line":119,"column":12},"end":{"line":119,"column":64}},"57":{"start":{"line":121,"column":8},"end":{"line":121,"column":56}},"58":{"start":{"line":107,"column":13},"end":{"line":107,"column":28}},"59":{"start":{"line":125,"column":22},"end":{"line":128,"column":1}},"60":{"start":{"line":126,"column":4},"end":{"line":126,"column":51}},"61":{"start":{"line":127,"column":4},"end":{"line":127,"column":29}},"62":{"start":{"line":125,"column":13},"end":{"line":125,"column":22}},"63":{"start":{"line":130,"column":30},"end":{"line":142,"column":1}},"64":{"start":{"line":131,"column":17},"end":{"line":131,"column":67}},"65":{"start":{"line":132,"column":4},"end":{"line":135,"column":5}},"66":{"start":{"line":134,"column":8},"end":{"line":134,"column":33}},"67":{"start":{"line":137,"column":23},"end":{"line":137,"column":98}},"68":{"start":{"line":138,"column":4},"end":{"line":138,"column":77}},"69":{"start":{"line":140,"column":4},"end":{"line":140,"column":52}},"70":{"start":{"line":141,"column":4},"end":{"line":141,"column":29}},"71":{"start":{"line":130,"column":13},"end":{"line":130,"column":30}},"72":{"start":{"line":144,"column":29},"end":{"line":169,"column":1}},"73":{"start":{"line":145,"column":4},"end":{"line":168,"column":5}},"74":{"start":{"line":146,"column":24},"end":{"line":146,"column":70}},"75":{"start":{"line":147,"column":23},"end":{"line":147,"column":66}},"76":{"start":{"line":148,"column":8},"end":{"line":150,"column":9}},"77":{"start":{"line":149,"column":12},"end":{"line":149,"column":84}},"78":{"start":{"line":152,"column":29},"end":{"line":152,"column":72}},"79":{"start":{"line":153,"column":8},"end":{"line":156,"column":11}},"80":{"start":{"line":159,"column":8},"end":{"line":159,"column":52}},"81":{"start":{"line":160,"column":8},"end":{"line":160,"column":55}},"82":{"start":{"line":162,"column":8},"end":{"line":162,"column":33}},"83":{"start":{"line":164,"column":8},"end":{"line":166,"column":9}},"84":{"start":{"line":165,"column":12},"end":{"line":165,"column":70}},"85":{"start":{"line":167,"column":8},"end":{"line":167,"column":62}},"86":{"start":{"line":144,"column":13},"end":{"line":144,"column":29}}},"fnMap":{"0":{"name":"(anonymous_1)","decl":{"start":{"line":15,"column":24},"end":{"line":15,"column":29}},"loc":{"start":{"line":15,"column":44},"end":{"line":62,"column":1}}},"1":{"name":"(anonymous_2)","decl":{"start":{"line":64,"column":21},"end":{"line":64,"column":26}},"loc":{"start":{"line":64,"column":63},"end":{"line":105,"column":1}}},"2":{"name":"(anonymous_3)","decl":{"start":{"line":107,"column":28},"end":{"line":107,"column":33}},"loc":{"start":{"line":107,"column":59},"end":{"line":123,"column":5}}},"3":{"name":"(anonymous_4)","decl":{"start":{"line":125,"column":22},"end":{"line":125,"column":27}},"loc":{"start":{"line":125,"column":47},"end":{"line":128,"column":1}}},"4":{"name":"(anonymous_5)","decl":{"start":{"line":130,"column":30},"end":{"line":130,"column":35}},"loc":{"start":{"line":130,"column":54},"end":{"line":142,"column":1}}},"5":{"name":"(anonymous_6)","decl":{"start":{"line":144,"column":29},"end":{"line":144,"column":34}},"loc":{"start":{"line":144,"column":74},"end":{"line":169,"column":1}}}},"branchMap":{"0":{"loc":{"start":{"line":20,"column":4},"end":{"line":22,"column":5}},"type":"if","locations":[{"start":{"line":20,"column":4},"end":{"line":22,"column":5}},{"start":{},"end":{}}]},"1":{"loc":{"start":{"line":68,"column":4},"end":{"line":71,"column":5}},"type":"if","locations":[{"start":{"line":68,"column":4},"end":{"line":71,"column":5}},{"start":{},"end":{}}]},"2":{"loc":{"start":{"line":68,"column":8},"end":{"line":68,"column":82}},"type":"binary-expr","locations":[{"start":{"line":68,"column":8},"end":{"line":68,"column":19}},{"start":{"line":68,"column":23},"end":{"line":68,"column":82}}]},"3":{"loc":{"start":{"line":74,"column":4},"end":{"line":76,"column":5}},"type":"if","locations":[{"start":{"line":74,"column":4},"end":{"line":76,"column":5}},{"start":{},"end":{}}]},"4":{"loc":{"start":{"line":74,"column":8},"end":{"line":74,"column":35}},"type":"binary-expr","locations":[{"start":{"line":74,"column":8},"end":{"line":74,"column":13}},{"start":{"line":74,"column":17},"end":{"line":74,"column":35}}]},"5":{"loc":{"start":{"line":79,"column":4},"end":{"line":86,"column":5}},"type":"if","locations":[{"start":{"line":79,"column":4},"end":{"line":86,"column":5}},{"start":{},"end":{}}]},"6":{"loc":{"start":{"line":82,"column":8},"end":{"line":84,"column":9}},"type":"if","locations":[{"start":{"line":82,"column":8},"end":{"line":84,"column":9}},{"start":{},"end":{}}]},"7":{"loc":{"start":{"line":111,"column":8},"end":{"line":113,"column":9}},"type":"if","locations":[{"start":{"line":111,"column":8},"end":{"line":113,"column":9}},{"start":{},"end":{}}]},"8":{"loc":{"start":{"line":111,"column":12},"end":{"line":111,"column":56}},"type":"binary-expr","locations":[{"start":{"line":111,"column":12},"end":{"line":111,"column":24}},{"start":{"line":111,"column":28},"end":{"line":111,"column":56}}]},"9":{"loc":{"start":{"line":118,"column":8},"end":{"line":120,"column":9}},"type":"if","locations":[{"start":{"line":118,"column":8},"end":{"line":120,"column":9}},{"start":{},"end":{}}]},"10":{"loc":{"start":{"line":132,"column":4},"end":{"line":135,"column":5}},"type":"if","locations":[{"start":{"line":132,"column":4},"end":{"line":135,"column":5}},{"start":{},"end":{}}]},"11":{"loc":{"start":{"line":148,"column":8},"end":{"line":150,"column":9}},"type":"if","locations":[{"start":{"line":148,"column":8},"end":{"line":150,"column":9}},{"start":{},"end":{}}]},"12":{"loc":{"start":{"line":148,"column":12},"end":{"line":148,"column":48}},"type":"binary-expr","locations":[{"start":{"line":148,"column":12},"end":{"line":148,"column":19}},{"start":{"line":148,"column":23},"end":{"line":148,"column":48}}]},"13":{"loc":{"start":{"line":164,"column":8},"end":{"line":166,"column":9}},"type":"if","locations":[{"start":{"line":164,"column":8},"end":{"line":166,"column":9}},{"start":{},"end":{}}]}},"s":{"0":1,"1":1,"2":1,"3":1,"4":1,"5":1,"6":1,"7":1,"8":1,"9":1,"10":1,"11":1,"12":1,"13":2,"14":2,"15":2,"16":1,"17":1,"18":1,"19":1,"20":1,"21":1,"22":1,"23":1,"24":1,"25":1,"26":3,"27":3,"28":3,"29":1,"30":1,"31":2,"32":2,"33":0,"34":2,"35":2,"36":1,"37":1,"38":1,"39":1,"40":1,"41":1,"42":1,"43":1,"44":1,"45":1,"46":1,"47":1,"48":2,"49":2,"50":1,"51":1,"52":0,"53":1,"54":1,"55":1,"56":0,"57":1,"58":1,"59":1,"60":1,"61":1,"62":1,"63":1,"64":2,"65":2,"66":1,"67":1,"68":1,"69":1,"70":1,"71":1,"72":1,"73":2,"74":2,"75":1,"76":1,"77":0,"78":1,"79":1,"80":1,"81":1,"82":1,"83":1,"84":0,"85":1,"86":1},"f":{"0":2,"1":3,"2":2,"3":1,"4":2,"5":2},"b":{"0":[1,1],"1":[1,2],"2":[3,1],"3":[0,2],"4":[2,2],"5":[1,1],"6":[1,0],"7":[0,1],"8":[1,1],"9":[0,1],"10":[1,1],"11":[0,1],"12":[1,1],"13":[0,1]}}
,"D:\\Career\\Qafzly\\src\\services\\email.service.ts": {"path":"D:\\Career\\Qafzly\\src\\services\\email.service.ts","statementMap":{"0":{"start":{"line":1,"column":0},"end":{"line":1,"column":36}},"1":{"start":{"line":2,"column":0},"end":{"line":2,"column":39}},"2":{"start":{"line":3,"column":0},"end":{"line":3,"column":42}},"3":{"start":{"line":5,"column":0},"end":{"line":7,"column":1}},"4":{"start":{"line":6,"column":4},"end":{"line":6,"column":44}},"5":{"start":{"line":9,"column":25},"end":{"line":29,"column":1}},"6":{"start":{"line":10,"column":4},"end":{"line":13,"column":5}},"7":{"start":{"line":11,"column":8},"end":{"line":11,"column":67}},"8":{"start":{"line":12,"column":8},"end":{"line":12,"column":15}},"9":{"start":{"line":15,"column":16},"end":{"line":20,"column":6}},"10":{"start":{"line":22,"column":4},"end":{"line":28,"column":5}},"11":{"start":{"line":23,"column":8},"end":{"line":23,"column":31}},"12":{"start":{"line":24,"column":8},"end":{"line":24,"column":43}},"13":{"start":{"line":26,"column":8},"end":{"line":26,"column":69}},"14":{"start":{"line":27,"column":8},"end":{"line":27,"column":55}},"15":{"start":{"line":9,"column":13},"end":{"line":9,"column":25}},"16":{"start":{"line":31,"column":38},"end":{"line":42,"column":1}},"17":{"start":{"line":32,"column":21},"end":{"line":32,"column":79}},"18":{"start":{"line":33,"column":17},"end":{"line":40,"column":6}},"19":{"start":{"line":41,"column":4},"end":{"line":41,"column":66}},"20":{"start":{"line":31,"column":13},"end":{"line":31,"column":38}}},"fnMap":{"0":{"name":"(anonymous_1)","decl":{"start":{"line":9,"column":25},"end":{"line":9,"column":30}},"loc":{"start":{"line":9,"column":92},"end":{"line":29,"column":1}}},"1":{"name":"(anonymous_2)","decl":{"start":{"line":31,"column":38},"end":{"line":31,"column":43}},"loc":{"start":{"line":31,"column":94},"end":{"line":42,"column":1}}}},"branchMap":{"0":{"loc":{"start":{"line":5,"column":0},"end":{"line":7,"column":1}},"type":"if","locations":[{"start":{"line":5,"column":0},"end":{"line":7,"column":1}},{"start":{},"end":{}}]},"1":{"loc":{"start":{"line":10,"column":4},"end":{"line":13,"column":5}},"type":"if","locations":[{"start":{"line":10,"column":4},"end":{"line":13,"column":5}},{"start":{},"end":{}}]}},"s":{"0":0,"1":0,"2":0,"3":0,"4":0,"5":0,"6":0,"7":0,"8":0,"9":0,"10":0,"11":0,"12":0,"13":0,"14":0,"15":0,"16":0,"17":0,"18":0,"19":0,"20":0},"f":{"0":0,"1":0},"b":{"0":[0,0],"1":[0,0]}}
,"D:\\Career\\Qafzly\\src\\services\\user.service.ts": {"path":"D:\\Career\\Qafzly\\src\\services\\user.service.ts","statementMap":{"0":{"start":{"line":1,"column":0},"end":{"line":1,"column":44}},"1":{"start":{"line":2,"column":0},"end":{"line":2,"column":45}},"2":{"start":{"line":8,"column":21},"end":{"line":26,"column":2}},"3":{"start":{"line":8,"column":37},"end":{"line":26,"column":2}},"4":{"start":{"line":29,"column":21},"end":{"line":78,"column":1}},"5":{"start":{"line":30,"column":17},"end":{"line":45,"column":6}},"6":{"start":{"line":47,"column":4},"end":{"line":49,"column":5}},"7":{"start":{"line":48,"column":8},"end":{"line":48,"column":54}},"8":{"start":{"line":52,"column":25},"end":{"line":58,"column":6}},"9":{"start":{"line":61,"column":33},"end":{"line":61,"column":56}},"10":{"start":{"line":63,"column":34},"end":{"line":63,"column":35}},"11":{"start":{"line":64,"column":29},"end":{"line":64,"column":74}},"12":{"start":{"line":64,"column":55},"end":{"line":64,"column":66}},"13":{"start":{"line":65,"column":34},"end":{"line":65,"column":50}},"14":{"start":{"line":66,"column":26},"end":{"line":66,"column":102}},"15":{"start":{"line":66,"column":53},"end":{"line":66,"column":85}},"16":{"start":{"line":68,"column":4},"end":{"line":77,"column":6}},"17":{"start":{"line":29,"column":13},"end":{"line":29,"column":21}},"18":{"start":{"line":81,"column":29},"end":{"line":124,"column":1}},"19":{"start":{"line":82,"column":17},"end":{"line":82,"column":72}},"20":{"start":{"line":83,"column":4},"end":{"line":85,"column":5}},"21":{"start":{"line":84,"column":8},"end":{"line":84,"column":54}},"22":{"start":{"line":88,"column":28},"end":{"line":90,"column":6}},"23":{"start":{"line":93,"column":4},"end":{"line":93,"column":71}},"24":{"start":{"line":93,"column":41},"end":{"line":93,"column":71}},"25":{"start":{"line":94,"column":4},"end":{"line":94,"column":55}},"26":{"start":{"line":94,"column":33},"end":{"line":94,"column":55}},"27":{"start":{"line":95,"column":4},"end":{"line":95,"column":63}},"28":{"start":{"line":95,"column":37},"end":{"line":95,"column":63}},"29":{"start":{"line":96,"column":4},"end":{"line":96,"column":65}},"30":{"start":{"line":96,"column":38},"end":{"line":96,"column":65}},"31":{"start":{"line":97,"column":4},"end":{"line":97,"column":73}},"32":{"start":{"line":97,"column":42},"end":{"line":97,"column":73}},"33":{"start":{"line":99,"column":24},"end":{"line":121,"column":6}},"34":{"start":{"line":123,"column":4},"end":{"line":123,"column":37}},"35":{"start":{"line":81,"column":13},"end":{"line":81,"column":29}},"36":{"start":{"line":127,"column":24},"end":{"line":136,"column":1}},"37":{"start":{"line":128,"column":20},"end":{"line":134,"column":6}},"38":{"start":{"line":135,"column":4},"end":{"line":135,"column":29}},"39":{"start":{"line":127,"column":13},"end":{"line":127,"column":24}},"40":{"start":{"line":139,"column":29},"end":{"line":155,"column":1}},"41":{"start":{"line":140,"column":17},"end":{"line":140,"column":72}},"42":{"start":{"line":141,"column":4},"end":{"line":141,"column":61}},"43":{"start":{"line":141,"column":15},"end":{"line":141,"column":61}},"44":{"start":{"line":143,"column":28},"end":{"line":143,"column":62}},"45":{"start":{"line":144,"column":23},"end":{"line":147,"column":6}},"46":{"start":{"line":149,"column":4},"end":{"line":152,"column":7}},"47":{"start":{"line":154,"column":4},"end":{"line":154,"column":58}},"48":{"start":{"line":139,"column":13},"end":{"line":139,"column":29}},"49":{"start":{"line":158,"column":26},"end":{"line":164,"column":1}},"50":{"start":{"line":159,"column":17},"end":{"line":162,"column":6}},"51":{"start":{"line":163,"column":4},"end":{"line":163,"column":39}},"52":{"start":{"line":158,"column":13},"end":{"line":158,"column":26}},"53":{"start":{"line":167,"column":28},"end":{"line":177,"column":1}},"54":{"start":{"line":168,"column":17},"end":{"line":168,"column":72}},"55":{"start":{"line":169,"column":4},"end":{"line":169,"column":61}},"56":{"start":{"line":169,"column":15},"end":{"line":169,"column":61}},"57":{"start":{"line":171,"column":20},"end":{"line":175,"column":6}},"58":{"start":{"line":176,"column":4},"end":{"line":176,"column":19}},"59":{"start":{"line":167,"column":13},"end":{"line":167,"column":28}},"60":{"start":{"line":180,"column":28},"end":{"line":190,"column":1}},"61":{"start":{"line":181,"column":17},"end":{"line":181,"column":72}},"62":{"start":{"line":182,"column":4},"end":{"line":182,"column":61}},"63":{"start":{"line":182,"column":15},"end":{"line":182,"column":61}},"64":{"start":{"line":184,"column":20},"end":{"line":188,"column":6}},"65":{"start":{"line":189,"column":4},"end":{"line":189,"column":19}},"66":{"start":{"line":180,"column":13},"end":{"line":180,"column":28}}},"fnMap":{"0":{"name":"(anonymous_0)","decl":{"start":{"line":8,"column":21},"end":{"line":8,"column":22}},"loc":{"start":{"line":8,"column":37},"end":{"line":26,"column":2}}},"1":{"name":"(anonymous_1)","decl":{"start":{"line":29,"column":21},"end":{"line":29,"column":26}},"loc":{"start":{"line":29,"column":46},"end":{"line":78,"column":1}}},"2":{"name":"(anonymous_2)","decl":{"start":{"line":64,"column":50},"end":{"line":64,"column":51}},"loc":{"start":{"line":64,"column":55},"end":{"line":64,"column":66}}},"3":{"name":"(anonymous_3)","decl":{"start":{"line":66,"column":48},"end":{"line":66,"column":49}},"loc":{"start":{"line":66,"column":53},"end":{"line":66,"column":85}}},"4":{"name":"(anonymous_4)","decl":{"start":{"line":81,"column":29},"end":{"line":81,"column":34}},"loc":{"start":{"line":81,"column":82},"end":{"line":124,"column":1}}},"5":{"name":"(anonymous_5)","decl":{"start":{"line":127,"column":24},"end":{"line":127,"column":29}},"loc":{"start":{"line":127,"column":49},"end":{"line":136,"column":1}}},"6":{"name":"(anonymous_6)","decl":{"start":{"line":139,"column":29},"end":{"line":139,"column":34}},"loc":{"start":{"line":139,"column":72},"end":{"line":155,"column":1}}},"7":{"name":"(anonymous_7)","decl":{"start":{"line":158,"column":26},"end":{"line":158,"column":31}},"loc":{"start":{"line":158,"column":51},"end":{"line":164,"column":1}}},"8":{"name":"(anonymous_8)","decl":{"start":{"line":167,"column":28},"end":{"line":167,"column":33}},"loc":{"start":{"line":167,"column":73},"end":{"line":177,"column":1}}},"9":{"name":"(anonymous_9)","decl":{"start":{"line":180,"column":28},"end":{"line":180,"column":33}},"loc":{"start":{"line":180,"column":53},"end":{"line":190,"column":1}}}},"branchMap":{"0":{"loc":{"start":{"line":47,"column":4},"end":{"line":49,"column":5}},"type":"if","locations":[{"start":{"line":47,"column":4},"end":{"line":49,"column":5}},{"start":{},"end":{}}]},"1":{"loc":{"start":{"line":47,"column":8},"end":{"line":47,"column":31}},"type":"binary-expr","locations":[{"start":{"line":47,"column":8},"end":{"line":47,"column":13}},{"start":{"line":47,"column":17},"end":{"line":47,"column":31}}]},"2":{"loc":{"start":{"line":53,"column":15},"end":{"line":53,"column":37}},"type":"binary-expr","locations":[{"start":{"line":53,"column":15},"end":{"line":53,"column":32}},{"start":{"line":53,"column":36},"end":{"line":53,"column":37}}]},"3":{"loc":{"start":{"line":54,"column":12},"end":{"line":54,"column":31}},"type":"binary-expr","locations":[{"start":{"line":54,"column":12},"end":{"line":54,"column":26}},{"start":{"line":54,"column":30},"end":{"line":54,"column":31}}]},"4":{"loc":{"start":{"line":56,"column":16},"end":{"line":56,"column":39}},"type":"binary-expr","locations":[{"start":{"line":56,"column":16},"end":{"line":56,"column":34}},{"start":{"line":56,"column":38},"end":{"line":56,"column":39}}]},"5":{"loc":{"start":{"line":66,"column":26},"end":{"line":66,"column":102}},"type":"binary-expr","locations":[{"start":{"line":66,"column":26},"end":{"line":66,"column":94}},{"start":{"line":66,"column":98},"end":{"line":66,"column":102}}]},"6":{"loc":{"start":{"line":66,"column":53},"end":{"line":66,"column":85}},"type":"binary-expr","locations":[{"start":{"line":66,"column":53},"end":{"line":66,"column":61}},{"start":{"line":66,"column":65},"end":{"line":66,"column":85}}]},"7":{"loc":{"start":{"line":81,"column":63},"end":{"line":81,"column":78}},"type":"default-arg","locations":[{"start":{"line":81,"column":73},"end":{"line":81,"column":78}}]},"8":{"loc":{"start":{"line":83,"column":4},"end":{"line":85,"column":5}},"type":"if","locations":[{"start":{"line":83,"column":4},"end":{"line":85,"column":5}},{"start":{},"end":{}}]},"9":{"loc":{"start":{"line":83,"column":8},"end":{"line":83,"column":31}},"type":"binary-expr","locations":[{"start":{"line":83,"column":8},"end":{"line":83,"column":13}},{"start":{"line":83,"column":17},"end":{"line":83,"column":31}}]},"10":{"loc":{"start":{"line":93,"column":4},"end":{"line":93,"column":71}},"type":"if","locations":[{"start":{"line":93,"column":4},"end":{"line":93,"column":71}},{"start":{},"end":{}}]},"11":{"loc":{"start":{"line":94,"column":4},"end":{"line":94,"column":55}},"type":"if","locations":[{"start":{"line":94,"column":4},"end":{"line":94,"column":55}},{"start":{},"end":{}}]},"12":{"loc":{"start":{"line":95,"column":4},"end":{"line":95,"column":63}},"type":"if","locations":[{"start":{"line":95,"column":4},"end":{"line":95,"column":63}},{"start":{},"end":{}}]},"13":{"loc":{"start":{"line":96,"column":4},"end":{"line":96,"column":65}},"type":"if","locations":[{"start":{"line":96,"column":4},"end":{"line":96,"column":65}},{"start":{},"end":{}}]},"14":{"loc":{"start":{"line":97,"column":4},"end":{"line":97,"column":73}},"type":"if","locations":[{"start":{"line":97,"column":4},"end":{"line":97,"column":73}},{"start":{},"end":{}}]},"15":{"loc":{"start":{"line":141,"column":4},"end":{"line":141,"column":61}},"type":"if","locations":[{"start":{"line":141,"column":4},"end":{"line":141,"column":61}},{"start":{},"end":{}}]},"16":{"loc":{"start":{"line":143,"column":28},"end":{"line":143,"column":62}},"type":"binary-expr","locations":[{"start":{"line":143,"column":28},"end":{"line":143,"column":56}},{"start":{"line":143,"column":60},"end":{"line":143,"column":62}}]},"17":{"loc":{"start":{"line":163,"column":11},"end":{"line":163,"column":38}},"type":"binary-expr","locations":[{"start":{"line":163,"column":11},"end":{"line":163,"column":32}},{"start":{"line":163,"column":36},"end":{"line":163,"column":38}}]},"18":{"loc":{"start":{"line":169,"column":4},"end":{"line":169,"column":61}},"type":"if","locations":[{"start":{"line":169,"column":4},"end":{"line":169,"column":61}},{"start":{},"end":{}}]},"19":{"loc":{"start":{"line":182,"column":4},"end":{"line":182,"column":61}},"type":"if","locations":[{"start":{"line":182,"column":4},"end":{"line":182,"column":61}},{"start":{},"end":{}}]}},"s":{"0":1,"1":1,"2":1,"3":2,"4":1,"5":2,"6":2,"7":1,"8":1,"9":1,"10":1,"11":1,"12":2,"13":1,"14":1,"15":1,"16":1,"17":1,"18":1,"19":2,"20":2,"21":1,"22":1,"23":1,"24":0,"25":1,"26":0,"27":1,"28":0,"29":1,"30":0,"31":1,"32":0,"33":1,"34":1,"35":1,"36":1,"37":1,"38":1,"39":1,"40":1,"41":2,"42":2,"43":1,"44":1,"45":1,"46":1,"47":1,"48":1,"49":1,"50":2,"51":2,"52":1,"53":1,"54":1,"55":1,"56":0,"57":1,"58":1,"59":1,"60":1,"61":1,"62":1,"63":0,"64":1,"65":1,"66":1},"f":{"0":2,"1":2,"2":2,"3":1,"4":2,"5":1,"6":2,"7":2,"8":1,"9":1},"b":{"0":[1,1],"1":[2,1],"2":[1,0],"3":[1,0],"4":[1,0],"5":[1,0],"6":[1,1],"7":[2],"8":[1,1],"9":[2,1],"10":[0,1],"11":[0,1],"12":[0,1],"13":[0,1],"14":[0,1],"15":[1,1],"16":[1,0],"17":[2,1],"18":[0,1],"19":[0,1]}}
}
