TN:
SF:src\controllers\admin.controller.ts
FN:6,(anonymous_6)
FN:17,(anonymous_7)
FN:22,(anonymous_8)
FN:27,(anonymous_9)
FN:32,(anonymous_10)
FN:37,(anonymous_11)
FNF:6
FNH:0
FNDA:0,(anonymous_6)
FNDA:0,(anonymous_7)
FNDA:0,(anonymous_8)
FNDA:0,(anonymous_9)
FNDA:0,(anonymous_10)
FNDA:0,(anonymous_11)
DA:2,0
DA:3,0
DA:4,0
DA:6,0
DA:7,0
DA:8,0
DA:9,0
DA:17,0
DA:18,0
DA:19,0
DA:22,0
DA:23,0
DA:24,0
DA:27,0
DA:28,0
DA:29,0
DA:32,0
DA:33,0
DA:34,0
DA:37,0
DA:38,0
DA:39,0
LF:22
LH:0
BRF:0
BRH:0
end_of_record
TN:
SF:src\controllers\auth.controller.ts
FN:6,(anonymous_6)
FN:11,(anonymous_7)
FN:17,(anonymous_8)
FN:23,(anonymous_9)
FN:29,(anonymous_10)
FN:35,(anonymous_11)
FNF:6
FNH:0
FNDA:0,(anonymous_6)
FNDA:0,(anonymous_7)
FNDA:0,(anonymous_8)
FNDA:0,(anonymous_9)
FNDA:0,(anonymous_10)
FNDA:0,(anonymous_11)
DA:2,0
DA:3,0
DA:4,0
DA:6,0
DA:7,0
DA:8,0
DA:11,0
DA:12,0
DA:13,0
DA:14,0
DA:17,0
DA:18,0
DA:19,0
DA:20,0
DA:23,0
DA:24,0
DA:25,0
DA:26,0
DA:29,0
DA:30,0
DA:31,0
DA:32,0
DA:35,0
DA:36,0
DA:37,0
DA:38,0
LF:26
LH:0
BRF:0
BRH:0
end_of_record
TN:
SF:src\controllers\bossBattle.controller.ts
FN:6,(anonymous_6)
FN:12,(anonymous_7)
FN:17,(anonymous_8)
FN:22,(anonymous_9)
FN:29,(anonymous_10)
FNF:5
FNH:0
FNDA:0,(anonymous_6)
FNDA:0,(anonymous_7)
FNDA:0,(anonymous_8)
FNDA:0,(anonymous_9)
FNDA:0,(anonymous_10)
DA:2,0
DA:3,0
DA:4,0
DA:6,0
DA:7,0
DA:8,0
DA:9,0
DA:12,0
DA:13,0
DA:14,0
DA:17,0
DA:18,0
DA:19,0
DA:22,0
DA:23,0
DA:24,0
DA:25,0
DA:26,0
DA:29,0
DA:30,0
DA:31,0
DA:32,0
DA:33,0
LF:23
LH:0
BRF:0
BRH:0
end_of_record
TN:
SF:src\controllers\category.controller.ts
FN:6,(anonymous_6)
FN:11,(anonymous_7)
FN:22,(anonymous_8)
FN:27,(anonymous_9)
FN:32,(anonymous_10)
FNF:5
FNH:0
FNDA:0,(anonymous_6)
FNDA:0,(anonymous_7)
FNDA:0,(anonymous_8)
FNDA:0,(anonymous_9)
FNDA:0,(anonymous_10)
DA:2,0
DA:3,0
DA:4,0
DA:6,0
DA:7,0
DA:8,0
DA:11,0
DA:12,0
DA:13,0
DA:14,0
DA:22,0
DA:23,0
DA:24,0
DA:27,0
DA:28,0
DA:29,0
DA:32,0
DA:33,0
DA:34,0
LF:19
LH:0
BRF:0
BRH:0
end_of_record
TN:
SF:src\controllers\enrollment.controller.ts
FN:6,(anonymous_6)
FN:13,(anonymous_7)
FN:20,(anonymous_8)
FN:32,(anonymous_9)
FNF:4
FNH:0
FNDA:0,(anonymous_6)
FNDA:0,(anonymous_7)
FNDA:0,(anonymous_8)
FNDA:0,(anonymous_9)
DA:2,0
DA:3,0
DA:4,0
DA:6,0
DA:7,0
DA:8,0
DA:9,0
DA:10,0
DA:13,0
DA:14,0
DA:15,0
DA:16,0
DA:17,0
DA:20,0
DA:21,0
DA:22,0
DA:23,0
DA:24,0
DA:32,0
DA:33,0
DA:34,0
DA:35,0
DA:36,0
LF:23
LH:0
BRF:0
BRH:0
end_of_record
TN:
SF:src\controllers\forum.controller.ts
FN:7,(anonymous_6)
FN:17,(anonymous_7)
FN:23,(anonymous_8)
FN:30,(anonymous_9)
FN:40,(anonymous_10)
FN:47,(anonymous_11)
FN:54,(anonymous_12)
FN:60,(anonymous_13)
FN:70,(anonymous_14)
FN:77,(anonymous_15)
FN:84,(anonymous_16)
FN:90,(anonymous_17)
FN:96,(anonymous_18)
FN:102,(anonymous_19)
FN:108,(anonymous_20)
FN:114,(anonymous_21)
FNF:16
FNH:0
FNDA:0,(anonymous_6)
FNDA:0,(anonymous_7)
FNDA:0,(anonymous_8)
FNDA:0,(anonymous_9)
FNDA:0,(anonymous_10)
FNDA:0,(anonymous_11)
FNDA:0,(anonymous_12)
FNDA:0,(anonymous_13)
FNDA:0,(anonymous_14)
FNDA:0,(anonymous_15)
FNDA:0,(anonymous_16)
FNDA:0,(anonymous_17)
FNDA:0,(anonymous_18)
FNDA:0,(anonymous_19)
FNDA:0,(anonymous_20)
FNDA:0,(anonymous_21)
DA:2,0
DA:3,0
DA:4,0
DA:5,0
DA:7,0
DA:8,0
DA:9,0
DA:17,0
DA:18,0
DA:19,0
DA:20,0
DA:23,0
DA:24,0
DA:25,0
DA:26,0
DA:27,0
DA:30,0
DA:31,0
DA:32,0
DA:40,0
DA:41,0
DA:42,0
DA:43,0
DA:44,0
DA:47,0
DA:48,0
DA:49,0
DA:50,0
DA:51,0
DA:54,0
DA:55,0
DA:56,0
DA:57,0
DA:60,0
DA:61,0
DA:62,0
DA:70,0
DA:71,0
DA:72,0
DA:73,0
DA:74,0
DA:77,0
DA:78,0
DA:79,0
DA:80,0
DA:81,0
DA:84,0
DA:85,0
DA:86,0
DA:87,0
DA:90,0
DA:91,0
DA:92,0
DA:93,0
DA:96,0
DA:97,0
DA:98,0
DA:99,0
DA:102,0
DA:103,0
DA:104,0
DA:105,0
DA:108,0
DA:109,0
DA:110,0
DA:111,0
DA:114,0
DA:115,0
DA:116,0
DA:117,0
DA:118,0
LF:71
LH:0
BRDA:116,0,0,0
BRDA:116,0,1,0
BRF:2
BRH:0
end_of_record
TN:
SF:src\controllers\gamification.controller.ts
FN:6,(anonymous_6)
FN:12,(anonymous_7)
FN:18,(anonymous_8)
FN:30,(anonymous_9)
FN:35,(anonymous_10)
FN:40,(anonymous_11)
FN:46,(anonymous_12)
FN:52,(anonymous_13)
FN:63,(anonymous_14)
FN:69,(anonymous_15)
FN:75,(anonymous_16)
FN:82,(anonymous_17)
FNF:12
FNH:0
FNDA:0,(anonymous_6)
FNDA:0,(anonymous_7)
FNDA:0,(anonymous_8)
FNDA:0,(anonymous_9)
FNDA:0,(anonymous_10)
FNDA:0,(anonymous_11)
FNDA:0,(anonymous_12)
FNDA:0,(anonymous_13)
FNDA:0,(anonymous_14)
FNDA:0,(anonymous_15)
FNDA:0,(anonymous_16)
FNDA:0,(anonymous_17)
DA:2,0
DA:3,0
DA:4,0
DA:6,0
DA:7,0
DA:8,0
DA:9,0
DA:12,0
DA:13,0
DA:14,0
DA:15,0
DA:18,0
DA:19,0
DA:20,0
DA:21,0
DA:22,0
DA:30,0
DA:31,0
DA:32,0
DA:35,0
DA:36,0
DA:37,0
DA:40,0
DA:41,0
DA:42,0
DA:43,0
DA:46,0
DA:47,0
DA:48,0
DA:49,0
DA:52,0
DA:53,0
DA:54,0
DA:55,0
DA:63,0
DA:64,0
DA:65,0
DA:66,0
DA:69,0
DA:70,0
DA:71,0
DA:72,0
DA:75,0
DA:76,0
DA:77,0
DA:78,0
DA:79,0
DA:82,0
DA:83,0
DA:84,0
DA:85,0
LF:51
LH:0
BRF:0
BRH:0
end_of_record
TN:
SF:src\controllers\lesson.controller.ts
FN:9,(anonymous_6)
FN:15,(anonymous_7)
FN:21,(anonymous_8)
FN:26,(anonymous_9)
FN:31,(anonymous_10)
FN:36,(anonymous_11)
FN:42,(anonymous_12)
FN:48,(anonymous_13)
FN:55,(anonymous_14)
FN:60,(anonymous_15)
FNF:10
FNH:0
FNDA:0,(anonymous_6)
FNDA:0,(anonymous_7)
FNDA:0,(anonymous_8)
FNDA:0,(anonymous_9)
FNDA:0,(anonymous_10)
FNDA:0,(anonymous_11)
FNDA:0,(anonymous_12)
FNDA:0,(anonymous_13)
FNDA:0,(anonymous_14)
FNDA:0,(anonymous_15)
DA:2,0
DA:3,0
DA:4,0
DA:5,0
DA:6,0
DA:7,0
DA:9,0
DA:10,0
DA:11,0
DA:12,0
DA:15,0
DA:16,0
DA:17,0
DA:18,0
DA:21,0
DA:22,0
DA:23,0
DA:26,0
DA:27,0
DA:28,0
DA:31,0
DA:32,0
DA:33,0
DA:36,0
DA:37,0
DA:38,0
DA:39,0
DA:42,0
DA:43,0
DA:44,0
DA:45,0
DA:48,0
DA:49,0
DA:50,0
DA:51,0
DA:52,0
DA:55,0
DA:56,0
DA:57,0
DA:60,0
DA:61,0
DA:62,0
DA:63,0
LF:43
LH:0
BRDA:50,0,0,0
BRDA:50,0,1,0
BRF:2
BRH:0
end_of_record
TN:
SF:src\controllers\moderation.controller.ts
FN:6,(anonymous_6)
FN:11,(anonymous_7)
FN:16,(anonymous_8)
FN:21,(anonymous_9)
FN:26,(anonymous_10)
FN:36,(anonymous_11)
FNF:6
FNH:0
FNDA:0,(anonymous_6)
FNDA:0,(anonymous_7)
FNDA:0,(anonymous_8)
FNDA:0,(anonymous_9)
FNDA:0,(anonymous_10)
FNDA:0,(anonymous_11)
DA:2,0
DA:3,0
DA:4,0
DA:6,0
DA:7,0
DA:8,0
DA:11,0
DA:12,0
DA:13,0
DA:16,0
DA:17,0
DA:18,0
DA:21,0
DA:22,0
DA:23,0
DA:26,0
DA:27,0
DA:28,0
DA:36,0
DA:37,0
DA:38,0
LF:21
LH:0
BRF:0
BRH:0
end_of_record
TN:
SF:src\controllers\module.controller.ts
FN:6,(anonymous_6)
FN:11,(anonymous_7)
FN:23,(anonymous_8)
FN:29,(anonymous_9)
FN:34,(anonymous_10)
FNF:5
FNH:0
FNDA:0,(anonymous_6)
FNDA:0,(anonymous_7)
FNDA:0,(anonymous_8)
FNDA:0,(anonymous_9)
FNDA:0,(anonymous_10)
DA:2,0
DA:3,0
DA:4,0
DA:6,0
DA:7,0
DA:8,0
DA:11,0
DA:12,0
DA:13,0
DA:14,0
DA:15,0
DA:23,0
DA:24,0
DA:25,0
DA:26,0
DA:29,0
DA:30,0
DA:31,0
DA:34,0
DA:35,0
DA:36,0
LF:21
LH:0
BRF:0
BRH:0
end_of_record
TN:
SF:src\controllers\notification.controller.ts
FN:6,(anonymous_6)
FN:22,(anonymous_7)
FN:28,(anonymous_8)
FN:34,(anonymous_9)
FN:40,(anonymous_10)
FN:46,(anonymous_11)
FN:52,(anonymous_12)
FN:58,(anonymous_13)
FN:68,(anonymous_14)
FN:74,(anonymous_15)
FNF:10
FNH:0
FNDA:0,(anonymous_6)
FNDA:0,(anonymous_7)
FNDA:0,(anonymous_8)
FNDA:0,(anonymous_9)
FNDA:0,(anonymous_10)
FNDA:0,(anonymous_11)
FNDA:0,(anonymous_12)
FNDA:0,(anonymous_13)
FNDA:0,(anonymous_14)
FNDA:0,(anonymous_15)
DA:2,0
DA:3,0
DA:4,0
DA:6,0
DA:7,0
DA:8,0
DA:9,0
DA:14,0
DA:22,0
DA:23,0
DA:24,0
DA:25,0
DA:28,0
DA:29,0
DA:30,0
DA:31,0
DA:34,0
DA:35,0
DA:36,0
DA:37,0
DA:40,0
DA:41,0
DA:42,0
DA:43,0
DA:46,0
DA:47,0
DA:48,0
DA:49,0
DA:52,0
DA:53,0
DA:54,0
DA:55,0
DA:58,0
DA:59,0
DA:60,0
DA:61,0
DA:65,0
DA:68,0
DA:69,0
DA:70,0
DA:71,0
DA:74,0
DA:75,0
DA:76,0
DA:77,0
LF:45
LH:0
BRF:0
BRH:0
end_of_record
TN:
SF:src\controllers\parent.controller.ts
FN:6,(anonymous_6)
FN:13,(anonymous_7)
FN:20,(anonymous_8)
FN:26,(anonymous_9)
FN:33,(anonymous_10)
FN:40,(anonymous_11)
FN:47,(anonymous_12)
FN:54,(anonymous_13)
FN:61,(anonymous_14)
FN:67,(anonymous_15)
FNF:10
FNH:0
FNDA:0,(anonymous_6)
FNDA:0,(anonymous_7)
FNDA:0,(anonymous_8)
FNDA:0,(anonymous_9)
FNDA:0,(anonymous_10)
FNDA:0,(anonymous_11)
FNDA:0,(anonymous_12)
FNDA:0,(anonymous_13)
FNDA:0,(anonymous_14)
FNDA:0,(anonymous_15)
DA:2,0
DA:3,0
DA:4,0
DA:6,0
DA:7,0
DA:8,0
DA:9,0
DA:10,0
DA:13,0
DA:14,0
DA:15,0
DA:16,0
DA:17,0
DA:20,0
DA:21,0
DA:22,0
DA:23,0
DA:26,0
DA:27,0
DA:28,0
DA:29,0
DA:30,0
DA:33,0
DA:34,0
DA:35,0
DA:36,0
DA:37,0
DA:40,0
DA:41,0
DA:42,0
DA:43,0
DA:44,0
DA:47,0
DA:48,0
DA:49,0
DA:50,0
DA:51,0
DA:54,0
DA:55,0
DA:56,0
DA:57,0
DA:58,0
DA:61,0
DA:62,0
DA:63,0
DA:64,0
DA:67,0
DA:68,0
DA:69,0
DA:70,0
LF:50
LH:0
BRF:0
BRH:0
end_of_record
TN:
SF:src\controllers\path.controller.ts
FN:6,(anonymous_6)
FN:17,(anonymous_7)
FN:28,(anonymous_8)
FN:34,(anonymous_9)
FN:39,(anonymous_10)
FN:44,(anonymous_11)
FN:49,(anonymous_12)
FNF:7
FNH:0
FNDA:0,(anonymous_6)
FNDA:0,(anonymous_7)
FNDA:0,(anonymous_8)
FNDA:0,(anonymous_9)
FNDA:0,(anonymous_10)
FNDA:0,(anonymous_11)
FNDA:0,(anonymous_12)
DA:2,0
DA:3,0
DA:4,0
DA:6,0
DA:7,0
DA:8,0
DA:9,0
DA:17,0
DA:18,0
DA:19,0
DA:20,0
DA:28,0
DA:29,0
DA:30,0
DA:31,0
DA:34,0
DA:35,0
DA:36,0
DA:39,0
DA:40,0
DA:41,0
DA:44,0
DA:45,0
DA:46,0
DA:49,0
DA:50,0
DA:51,0
DA:52,0
LF:28
LH:0
BRDA:52,0,0,0
BRDA:52,0,1,0
BRF:2
BRH:0
end_of_record
TN:
SF:src\controllers\payment.controller.ts
FN:6,(anonymous_6)
FN:13,(anonymous_7)
FN:21,(anonymous_8)
FN:33,(anonymous_9)
FN:44,(anonymous_10)
FN:52,(anonymous_11)
FNF:6
FNH:0
FNDA:0,(anonymous_6)
FNDA:0,(anonymous_7)
FNDA:0,(anonymous_8)
FNDA:0,(anonymous_9)
FNDA:0,(anonymous_10)
FNDA:0,(anonymous_11)
DA:2,0
DA:3,0
DA:4,0
DA:6,0
DA:7,0
DA:8,0
DA:9,0
DA:10,0
DA:13,0
DA:14,0
DA:15,0
DA:16,0
DA:17,0
DA:18,0
DA:21,0
DA:22,0
DA:23,0
DA:24,0
DA:25,0
DA:33,0
DA:34,0
DA:35,0
DA:36,0
DA:44,0
DA:45,0
DA:46,0
DA:47,0
DA:48,0
DA:49,0
DA:52,0
DA:53,0
DA:54,0
DA:55,0
DA:56,0
DA:57,0
LF:35
LH:0
BRF:0
BRH:0
end_of_record
TN:
SF:src\controllers\progress.controller.ts
FN:6,(anonymous_6)
FN:13,(anonymous_7)
FNF:2
FNH:0
FNDA:0,(anonymous_6)
FNDA:0,(anonymous_7)
DA:2,0
DA:3,0
DA:4,0
DA:6,0
DA:7,0
DA:8,0
DA:9,0
DA:10,0
DA:13,0
DA:14,0
DA:15,0
DA:16,0
DA:17,0
LF:13
LH:0
BRF:0
BRH:0
end_of_record
TN:
SF:src\controllers\quest.controller.ts
FN:6,(anonymous_6)
FN:12,(anonymous_7)
FN:17,(anonymous_8)
FN:22,(anonymous_9)
FN:28,(anonymous_10)
FNF:5
FNH:0
FNDA:0,(anonymous_6)
FNDA:0,(anonymous_7)
FNDA:0,(anonymous_8)
FNDA:0,(anonymous_9)
FNDA:0,(anonymous_10)
DA:2,0
DA:3,0
DA:4,0
DA:6,0
DA:7,0
DA:8,0
DA:9,0
DA:12,0
DA:13,0
DA:14,0
DA:17,0
DA:18,0
DA:19,0
DA:22,0
DA:23,0
DA:24,0
DA:25,0
DA:28,0
DA:29,0
DA:30,0
DA:31,0
DA:32,0
LF:22
LH:0
BRF:0
BRH:0
end_of_record
TN:
SF:src\controllers\recommendation.controller.ts
FN:6,(anonymous_6)
FN:13,(anonymous_7)
FN:20,(anonymous_8)
FN:26,(anonymous_9)
FNF:4
FNH:0
FNDA:0,(anonymous_6)
FNDA:0,(anonymous_7)
FNDA:0,(anonymous_8)
FNDA:0,(anonymous_9)
DA:2,0
DA:3,0
DA:4,0
DA:6,0
DA:7,0
DA:8,0
DA:9,0
DA:10,0
DA:13,0
DA:14,0
DA:15,0
DA:16,0
DA:17,0
DA:20,0
DA:21,0
DA:22,0
DA:23,0
DA:26,0
DA:27,0
DA:28,0
DA:29,0
DA:30,0
LF:22
LH:0
BRDA:8,0,0,0
BRDA:8,0,1,0
BRDA:14,1,0,0
BRDA:14,1,1,0
BRDA:21,2,0,0
BRDA:21,2,1,0
BRDA:28,3,0,0
BRDA:28,3,1,0
BRF:8
BRH:0
end_of_record
TN:
SF:src\controllers\search.controller.ts
FN:6,(anonymous_6)
FN:15,(anonymous_7)
FN:24,(anonymous_8)
FN:33,(anonymous_9)
FNF:4
FNH:0
FNDA:0,(anonymous_6)
FNDA:0,(anonymous_7)
FNDA:0,(anonymous_8)
FNDA:0,(anonymous_9)
DA:2,0
DA:3,0
DA:4,0
DA:6,0
DA:7,0
DA:8,0
DA:12,0
DA:15,0
DA:16,0
DA:17,0
DA:21,0
DA:24,0
DA:25,0
DA:26,0
DA:30,0
DA:33,0
DA:34,0
DA:35,0
DA:39,0
LF:19
LH:0
BRF:0
BRH:0
end_of_record
TN:
SF:src\controllers\slide.controller.ts
FN:6,(anonymous_6)
FN:12,(anonymous_7)
FN:17,(anonymous_8)
FN:22,(anonymous_9)
FN:28,(anonymous_10)
FNF:5
FNH:0
FNDA:0,(anonymous_6)
FNDA:0,(anonymous_7)
FNDA:0,(anonymous_8)
FNDA:0,(anonymous_9)
FNDA:0,(anonymous_10)
DA:2,0
DA:3,0
DA:4,0
DA:6,0
DA:7,0
DA:8,0
DA:9,0
DA:12,0
DA:13,0
DA:14,0
DA:17,0
DA:18,0
DA:19,0
DA:22,0
DA:23,0
DA:24,0
DA:25,0
DA:28,0
DA:29,0
DA:30,0
DA:31,0
DA:32,0
DA:33,0
LF:23
LH:0
BRF:0
BRH:0
end_of_record
TN:
SF:src\controllers\user.controller.ts
FN:7,(anonymous_6)
FN:13,(anonymous_7)
FN:19,(anonymous_8)
FN:25,(anonymous_9)
FN:31,(anonymous_10)
FN:37,(anonymous_11)
FN:43,(anonymous_12)
FN:53,(anonymous_13)
FNF:8
FNH:0
FNDA:0,(anonymous_6)
FNDA:0,(anonymous_7)
FNDA:0,(anonymous_8)
FNDA:0,(anonymous_9)
FNDA:0,(anonymous_10)
FNDA:0,(anonymous_11)
FNDA:0,(anonymous_12)
FNDA:0,(anonymous_13)
DA:2,0
DA:3,0
DA:4,0
DA:5,0
DA:7,0
DA:8,0
DA:9,0
DA:10,0
DA:13,0
DA:14,0
DA:15,0
DA:16,0
DA:19,0
DA:20,0
DA:21,0
DA:22,0
DA:25,0
DA:26,0
DA:27,0
DA:28,0
DA:31,0
DA:32,0
DA:33,0
DA:34,0
DA:37,0
DA:38,0
DA:39,0
DA:40,0
DA:43,0
DA:44,0
DA:45,0
DA:46,0
DA:48,0
DA:49,0
DA:50,0
DA:53,0
DA:54,0
DA:55,0
DA:56,0
LF:39
LH:0
BRDA:45,0,0,0
BRDA:45,0,1,0
BRF:2
BRH:0
end_of_record
TN:
SF:src\services\admin.service.ts
FN:5,(anonymous_0)
FN:46,(anonymous_1)
FN:59,(anonymous_2)
FN:77,(anonymous_3)
FN:87,(anonymous_4)
FN:96,(anonymous_5)
FNF:6
FNH:6
FNDA:5,(anonymous_0)
FNDA:2,(anonymous_1)
FNDA:1,(anonymous_2)
FNDA:1,(anonymous_3)
FNDA:1,(anonymous_4)
FNDA:1,(anonymous_5)
DA:1,1
DA:2,1
DA:5,1
DA:6,5
DA:7,5
DA:9,5
DA:10,5
DA:11,1
DA:17,5
DA:18,5
DA:19,5
DA:20,5
DA:22,5
DA:43,5
DA:46,1
DA:47,2
DA:55,2
DA:56,1
DA:59,1
DA:60,1
DA:74,1
DA:77,1
DA:78,1
DA:84,1
DA:87,1
DA:88,1
DA:93,1
DA:96,1
DA:97,1
DA:102,1
LF:30
LH:30
BRDA:10,0,0,1
BRDA:10,0,1,4
BRDA:17,1,0,1
BRDA:17,1,1,4
BRDA:18,2,0,0
BRDA:18,2,1,5
BRDA:19,3,0,1
BRDA:19,3,1,4
BRDA:20,4,0,1
BRDA:20,4,1,4
BRDA:55,5,0,1
BRDA:55,5,1,1
BRF:12
BRH:11
end_of_record
TN:
SF:src\services\auth.service.ts
FN:15,(anonymous_1)
FN:65,(anonymous_2)
FN:108,(anonymous_3)
FN:126,(anonymous_4)
FN:131,(anonymous_5)
FN:145,(anonymous_6)
FNF:6
FNH:6
FNDA:3,(anonymous_1)
FNDA:5,(anonymous_2)
FNDA:4,(anonymous_3)
FNDA:1,(anonymous_4)
FNDA:3,(anonymous_5)
FNDA:3,(anonymous_6)
DA:1,1
DA:2,1
DA:3,1
DA:4,1
DA:5,1
DA:6,1
DA:7,1
DA:8,1
DA:10,1
DA:11,1
DA:12,1
DA:13,1
DA:15,1
DA:16,3
DA:19,3
DA:20,3
DA:21,2
DA:25,1
DA:27,1
DA:50,1
DA:51,1
DA:52,1
DA:55,1
DA:62,1
DA:65,1
DA:67,5
DA:68,5
DA:69,5
DA:70,1
DA:71,1
DA:74,4
DA:75,4
DA:76,1
DA:79,3
DA:80,3
DA:82,1
DA:83,1
DA:84,1
DA:86,1
DA:90,2
DA:93,2
DA:94,2
DA:95,2
DA:98,2
DA:105,2
DA:108,1
DA:109,4
DA:110,4
DA:111,2
DA:112,2
DA:113,1
DA:116,1
DA:117,1
DA:119,3
DA:120,1
DA:122,2
DA:126,1
DA:127,1
DA:128,1
DA:131,1
DA:132,3
DA:133,3
DA:135,1
DA:138,2
DA:139,2
DA:141,2
DA:142,1
DA:145,1
DA:146,3
DA:147,3
DA:148,2
DA:149,2
DA:150,1
DA:153,1
DA:154,1
DA:160,1
DA:161,1
DA:163,1
DA:165,2
DA:166,0
DA:168,2
LF:81
LH:80
BRDA:20,0,0,2
BRDA:20,0,1,1
BRDA:36,1,0,1
BRDA:36,1,1,1
BRDA:69,2,0,1
BRDA:69,2,1,4
BRDA:69,3,0,5
BRDA:69,3,1,2
BRDA:75,4,0,1
BRDA:75,4,1,3
BRDA:75,5,0,4
BRDA:75,5,1,3
BRDA:80,6,0,1
BRDA:80,6,1,2
BRDA:83,7,0,1
BRDA:83,7,1,0
BRDA:112,8,0,1
BRDA:112,8,1,1
BRDA:112,9,0,2
BRDA:112,9,1,1
BRDA:119,10,0,1
BRDA:119,10,1,2
BRDA:133,11,0,1
BRDA:133,11,1,2
BRDA:149,12,0,1
BRDA:149,12,1,1
BRDA:149,13,0,2
BRDA:149,13,1,2
BRDA:165,14,0,0
BRDA:165,14,1,2
BRF:30
BRH:28
end_of_record
TN:
SF:src\services\bossBattle.service.ts
FN:4,(anonymous_0)
FN:22,(anonymous_1)
FN:39,(anonymous_2)
FN:61,(anonymous_3)
FN:68,(anonymous_4)
FN:104,(anonymous_5)
FN:123,(anonymous_6)
FNF:7
FNH:7
FNDA:2,(anonymous_0)
FNDA:3,(anonymous_1)
FNDA:2,(anonymous_2)
FNDA:2,(anonymous_3)
FNDA:3,(anonymous_4)
FNDA:6,(anonymous_5)
FNDA:12,(anonymous_6)
DA:1,1
DA:2,1
DA:4,1
DA:5,2
DA:6,2
DA:8,1
DA:22,3
DA:39,1
DA:40,2
DA:41,2
DA:44,1
DA:61,1
DA:62,2
DA:63,2
DA:65,1
DA:68,1
DA:69,3
DA:86,3
DA:88,2
DA:91,1
DA:96,1
DA:104,1
DA:105,6
DA:109,6
DA:112,6
DA:115,6
DA:118,5
DA:119,1
DA:122,4
DA:123,12
DA:125,4
DA:126,8
DA:127,8
DA:128,6
DA:131,2
DA:132,2
DA:137,2
DA:138,1
DA:139,1
DA:140,1
DA:141,1
DA:142,1
DA:143,0
DA:144,0
DA:145,0
DA:147,0
DA:148,0
DA:152,2
DA:164,2
DA:171,2
DA:172,2
DA:175,2
DA:177,2
LF:53
LH:48
BRDA:6,0,0,1
BRDA:6,0,1,1
BRDA:30,1,0,3
BRDA:30,1,1,3
BRDA:41,2,0,1
BRDA:41,2,1,1
BRDA:63,3,0,1
BRDA:63,3,1,1
BRDA:86,4,0,1
BRDA:86,4,1,2
BRDA:88,5,0,1
BRDA:88,5,1,1
BRDA:99,6,0,1
BRDA:99,6,1,0
BRDA:100,7,0,1
BRDA:100,7,1,0
BRDA:109,8,0,0
BRDA:109,8,1,6
BRDA:115,9,0,1
BRDA:115,9,1,5
BRDA:118,10,0,1
BRDA:118,10,1,4
BRDA:127,11,0,2
BRDA:127,11,1,6
BRDA:128,12,0,5
BRDA:128,12,1,1
BRDA:137,13,0,1
BRDA:137,13,1,1
BRDA:140,14,0,1
BRDA:140,14,1,0
BRDA:143,15,0,0
BRDA:143,15,1,0
BRDA:172,16,0,1
BRDA:172,16,1,1
BRDA:183,17,0,1
BRDA:183,17,1,1
BRDA:183,18,0,1
BRDA:183,18,1,0
BRDA:183,19,0,0
BRDA:183,19,1,0
BRDA:184,20,0,2
BRDA:184,20,1,0
BRDA:185,21,0,2
BRDA:185,21,1,0
BRF:44
BRH:33
end_of_record
TN:
SF:src\services\category.service.ts
FN:4,(anonymous_0)
FN:10,(anonymous_1)
FN:39,(anonymous_2)
FN:54,(anonymous_3)
FN:64,(anonymous_4)
FNF:5
FNH:5
FNDA:1,(anonymous_0)
FNDA:2,(anonymous_1)
FNDA:2,(anonymous_2)
FNDA:2,(anonymous_3)
FNDA:2,(anonymous_4)
DA:1,1
DA:2,1
DA:4,1
DA:5,1
DA:10,1
DA:11,2
DA:12,2
DA:14,2
DA:15,2
DA:16,2
DA:21,2
DA:23,2
DA:36,2
DA:39,1
DA:40,2
DA:50,2
DA:51,1
DA:54,1
DA:55,2
DA:56,2
DA:58,1
DA:64,1
DA:65,2
DA:66,2
DA:69,1
LF:25
LH:25
BRDA:15,0,0,2
BRDA:15,0,1,0
BRDA:21,1,0,1
BRDA:21,1,1,1
BRDA:50,2,0,1
BRDA:50,2,1,1
BRDA:56,3,0,1
BRDA:56,3,1,1
BRDA:66,4,0,1
BRDA:66,4,1,1
BRF:10
BRH:9
end_of_record
TN:
SF:src\services\email.service.ts
FN:9,(anonymous_1)
FN:31,(anonymous_2)
FN:44,(anonymous_3)
FN:130,(anonymous_4)
FN:175,(anonymous_5)
FN:214,(anonymous_6)
FNF:6
FNH:0
FNDA:0,(anonymous_1)
FNDA:0,(anonymous_2)
FNDA:0,(anonymous_3)
FNDA:0,(anonymous_4)
FNDA:0,(anonymous_5)
FNDA:0,(anonymous_6)
DA:1,0
DA:2,0
DA:3,0
DA:5,0
DA:6,0
DA:9,0
DA:10,0
DA:11,0
DA:12,0
DA:15,0
DA:22,0
DA:23,0
DA:24,0
DA:26,0
DA:27,0
DA:31,0
DA:32,0
DA:33,0
DA:41,0
DA:44,0
DA:55,0
DA:127,0
DA:130,0
DA:134,0
DA:172,0
DA:175,0
DA:179,0
DA:211,0
DA:214,0
DA:218,0
DA:252,0
LF:31
LH:0
BRDA:5,0,0,0
BRDA:5,0,1,0
BRDA:10,1,0,0
BRDA:10,1,1,0
BRDA:159,2,0,0
BRDA:159,2,1,0
BRDA:243,3,0,0
BRDA:243,3,1,0
BRF:8
BRH:0
end_of_record
TN:
SF:src\services\enrollment.service.ts
FN:4,(anonymous_0)
FN:35,(anonymous_1)
FN:47,(anonymous_2)
FN:75,(anonymous_3)
FNF:4
FNH:4
FNDA:4,(anonymous_0)
FNDA:2,(anonymous_1)
FNDA:1,(anonymous_2)
FNDA:1,(anonymous_3)
DA:1,1
DA:2,1
DA:4,1
DA:6,4
DA:9,4
DA:12,3
DA:15,3
DA:16,2
DA:17,1
DA:20,1
DA:27,1
DA:35,1
DA:36,2
DA:39,2
DA:41,1
DA:47,1
DA:48,1
DA:49,1
DA:51,1
DA:52,1
DA:72,1
DA:75,1
DA:76,1
DA:77,1
DA:79,1
DA:80,1
DA:95,1
LF:27
LH:27
BRDA:9,0,0,1
BRDA:9,0,1,3
BRDA:15,1,0,2
BRDA:15,1,1,1
BRDA:16,2,0,1
BRDA:16,2,1,1
BRDA:39,3,0,1
BRDA:39,3,1,1
BRDA:39,4,0,2
BRDA:39,4,1,1
BRF:10
BRH:10
end_of_record
TN:
SF:src\services\forum.service.ts
FN:6,(anonymous_0)
FN:13,(anonymous_1)
FN:36,(anonymous_2)
FN:51,(anonymous_3)
FN:66,(anonymous_4)
FN:70,(anonymous_5)
FN:107,(anonymous_6)
FN:122,(anonymous_7)
FN:133,(anonymous_8)
FN:154,(anonymous_9)
FN:176,(anonymous_10)
FN:188,(anonymous_11)
FN:204,(anonymous_12)
FN:271,(anonymous_13)
FN:297,(anonymous_14)
FNF:15
FNH:14
FNDA:6,(anonymous_0)
FNDA:2,(anonymous_1)
FNDA:1,(anonymous_2)
FNDA:6,(anonymous_3)
FNDA:0,(anonymous_4)
FNDA:2,(anonymous_5)
FNDA:4,(anonymous_6)
FNDA:3,(anonymous_7)
FNDA:3,(anonymous_8)
FNDA:1,(anonymous_9)
FNDA:2,(anonymous_10)
FNDA:2,(anonymous_11)
FNDA:4,(anonymous_12)
FNDA:3,(anonymous_13)
FNDA:1,(anonymous_14)
DA:1,1
DA:2,1
DA:6,6
DA:13,1
DA:14,2
DA:15,2
DA:16,2
DA:17,1
DA:22,2
DA:24,2
DA:33,2
DA:36,1
DA:37,1
DA:38,1
DA:48,1
DA:51,1
DA:52,6
DA:62,6
DA:63,5
DA:64,4
DA:66,3
DA:67,3
DA:70,1
DA:71,2
DA:72,2
DA:73,2
DA:74,2
DA:75,2
DA:76,2
DA:77,2
DA:78,2
DA:79,2
DA:80,1
DA:86,2
DA:87,2
DA:88,1
DA:89,1
DA:91,2
DA:104,2
DA:107,1
DA:108,4
DA:109,4
DA:110,3
DA:112,2
DA:119,2
DA:122,1
DA:123,3
DA:124,3
DA:125,3
DA:127,2
DA:133,1
DA:134,3
DA:135,3
DA:136,2
DA:138,1
DA:147,1
DA:151,1
DA:154,1
DA:155,1
DA:156,1
DA:157,1
DA:173,1
DA:176,1
DA:177,2
DA:178,2
DA:179,2
DA:181,1
DA:185,1
DA:188,1
DA:189,2
DA:190,2
DA:191,2
DA:193,1
DA:198,1
DA:204,1
DA:206,4
DA:207,4
DA:208,4
DA:210,0
DA:211,0
DA:215,3
DA:219,3
DA:220,2
DA:222,1
DA:224,1
DA:225,1
DA:226,1
DA:228,0
DA:232,1
DA:234,1
DA:235,1
DA:236,1
DA:237,1
DA:238,1
DA:239,0
DA:240,1
DA:241,1
DA:242,1
DA:244,0
DA:245,0
DA:246,0
DA:247,0
DA:248,0
DA:249,0
DA:254,1
DA:257,1
DA:258,1
DA:263,0
DA:271,1
DA:272,3
DA:273,3
DA:274,3
DA:276,2
DA:277,2
DA:280,1
DA:285,1
DA:290,1
DA:294,1
DA:297,1
DA:298,1
DA:299,1
DA:307,1
DA:320,1
LF:123
LH:112
BRDA:16,0,0,1
BRDA:16,0,1,1
BRDA:22,1,0,1
BRDA:22,1,1,1
BRDA:62,2,0,1
BRDA:62,2,1,5
BRDA:63,3,0,1
BRDA:63,3,1,4
BRDA:63,4,0,5
BRDA:63,4,1,2
BRDA:64,5,0,1
BRDA:64,5,1,3
BRDA:64,6,0,4
BRDA:64,6,1,2
BRDA:64,6,2,2
BRDA:72,7,0,2
BRDA:72,7,1,1
BRDA:73,8,0,2
BRDA:73,8,1,1
BRDA:75,9,0,1
BRDA:75,9,1,1
BRDA:76,10,0,1
BRDA:76,10,1,1
BRDA:77,11,0,1
BRDA:77,11,1,1
BRDA:78,12,0,1
BRDA:78,12,1,1
BRDA:79,13,0,1
BRDA:79,13,1,1
BRDA:87,14,0,1
BRDA:87,14,1,1
BRDA:88,15,0,0
BRDA:88,15,1,1
BRDA:107,16,0,2
BRDA:109,17,0,1
BRDA:109,17,1,3
BRDA:109,18,0,4
BRDA:109,18,1,3
BRDA:110,19,0,1
BRDA:110,19,1,2
BRDA:110,20,0,3
BRDA:110,20,1,2
BRDA:122,21,0,0
BRDA:124,22,0,0
BRDA:124,22,1,3
BRDA:124,23,0,3
BRDA:124,23,1,3
BRDA:125,24,0,1
BRDA:125,24,1,2
BRDA:125,25,0,3
BRDA:125,25,1,2
BRDA:135,26,0,1
BRDA:135,26,1,2
BRDA:135,27,0,3
BRDA:135,27,1,2
BRDA:136,28,0,1
BRDA:136,28,1,1
BRDA:176,29,0,0
BRDA:178,30,0,0
BRDA:178,30,1,2
BRDA:178,31,0,2
BRDA:178,31,1,2
BRDA:179,32,0,1
BRDA:179,32,1,1
BRDA:179,33,0,2
BRDA:179,33,1,1
BRDA:188,34,0,0
BRDA:190,35,0,0
BRDA:190,35,1,2
BRDA:190,36,0,2
BRDA:190,36,1,2
BRDA:191,37,0,1
BRDA:191,37,1,1
BRDA:191,38,0,2
BRDA:191,38,1,1
BRDA:206,39,0,4
BRDA:206,39,1,0
BRDA:208,40,0,1
BRDA:208,40,1,3
BRDA:208,41,0,4
BRDA:208,41,1,3
BRDA:211,42,0,0
BRDA:211,42,1,0
BRDA:211,43,0,0
BRDA:211,43,1,0
BRDA:219,44,0,2
BRDA:219,44,1,1
BRDA:220,45,0,1
BRDA:220,45,1,1
BRDA:224,46,0,1
BRDA:224,46,1,0
BRDA:225,47,0,1
BRDA:225,47,1,0
BRDA:226,48,0,1
BRDA:226,48,1,0
BRDA:228,49,0,0
BRDA:228,49,1,0
BRDA:234,50,0,1
BRDA:234,50,1,0
BRDA:235,51,0,0
BRDA:235,51,1,1
BRDA:236,52,0,1
BRDA:236,52,1,0
BRDA:238,53,0,1
BRDA:238,53,1,0
BRDA:240,54,0,0
BRDA:240,54,1,1
BRDA:245,55,0,0
BRDA:245,55,1,0
BRDA:247,56,0,0
BRDA:247,56,1,0
BRDA:257,57,0,1
BRDA:257,57,1,0
BRDA:260,58,0,1
BRDA:260,58,1,0
BRDA:265,59,0,0
BRDA:265,59,1,0
BRDA:273,60,0,0
BRDA:273,60,1,3
BRDA:274,61,0,1
BRDA:274,61,1,2
BRDA:277,62,0,1
BRDA:277,62,1,1
BRDA:277,63,0,2
BRDA:277,63,1,2
BRF:125
BRH:94
end_of_record
TN:
SF:src\services\gamification.service.ts
FN:5,(anonymous_0)
FN:7,(anonymous_1)
FN:40,(anonymous_2)
FN:51,(anonymous_3)
FN:66,(anonymous_4)
FN:76,(anonymous_5)
FN:80,(anonymous_6)
FN:86,(anonymous_7)
FN:95,(anonymous_8)
FN:110,(anonymous_9)
FN:117,(anonymous_10)
FN:135,(anonymous_11)
FN:137,(anonymous_12)
FN:151,(anonymous_13)
FN:178,(anonymous_14)
FN:185,(anonymous_15)
FN:196,(anonymous_16)
FN:219,(anonymous_17)
FN:232,(anonymous_18)
FN:283,(anonymous_19)
FNF:20
FNH:20
FNDA:52,(anonymous_0)
FNDA:2,(anonymous_1)
FNDA:1,(anonymous_2)
FNDA:1,(anonymous_3)
FNDA:1,(anonymous_4)
FNDA:1,(anonymous_5)
FNDA:1,(anonymous_6)
FNDA:1,(anonymous_7)
FNDA:5,(anonymous_8)
FNDA:2,(anonymous_9)
FNDA:2,(anonymous_10)
FNDA:1,(anonymous_11)
FNDA:2,(anonymous_12)
FNDA:6,(anonymous_13)
FNDA:4,(anonymous_14)
FNDA:2,(anonymous_15)
FNDA:2,(anonymous_16)
FNDA:1,(anonymous_17)
FNDA:4,(anonymous_18)
FNDA:3,(anonymous_19)
DA:1,1
DA:2,1
DA:5,52
DA:7,1
DA:8,2
DA:16,2
DA:18,1
DA:19,1
DA:20,1
DA:21,1
DA:23,1
DA:29,1
DA:31,1
DA:40,1
DA:51,1
DA:52,1
DA:53,1
DA:54,1
DA:63,1
DA:66,1
DA:68,1
DA:69,1
DA:70,50
DA:71,50
DA:73,1
DA:76,1
DA:77,1
DA:80,1
DA:81,1
DA:86,1
DA:95,1
DA:96,5
DA:98,5
DA:99,2
DA:110,2
DA:111,3
DA:113,2
DA:117,2
DA:118,2
DA:120,1
DA:132,1
DA:135,1
DA:137,1
DA:138,2
DA:142,2
DA:145,1
DA:147,1
DA:151,1
DA:152,6
DA:153,3
DA:154,3
DA:155,2
DA:164,2
DA:165,3
DA:167,2
DA:172,2
DA:178,4
DA:179,2
DA:181,1
DA:185,1
DA:186,2
DA:187,2
DA:188,1
DA:196,1
DA:197,2
DA:198,2
DA:199,2
DA:200,2
DA:202,2
DA:219,2
DA:232,1
DA:233,4
DA:234,4
DA:235,2
DA:238,2
DA:241,2
DA:242,1
DA:247,1
DA:264,1
DA:280,1
DA:283,1
DA:284,3
DA:285,3
DA:287,2
DA:288,1
DA:291,1
DA:305,1
LF:87
LH:87
BRDA:16,0,0,1
BRDA:16,0,1,1
BRDA:95,1,0,1
BRDA:95,2,0,1
BRDA:98,3,0,2
BRDA:98,3,1,3
BRDA:111,4,0,2
BRDA:111,4,1,1
BRDA:111,5,0,3
BRDA:111,5,1,2
BRDA:118,6,0,1
BRDA:118,6,1,1
BRDA:152,7,0,3
BRDA:152,7,1,3
BRDA:154,8,0,1
BRDA:154,8,1,2
BRDA:165,9,0,2
BRDA:165,9,1,1
BRDA:165,10,0,3
BRDA:165,10,1,2
BRDA:178,11,0,4
BRDA:178,11,1,0
BRDA:187,12,0,1
BRDA:187,12,1,1
BRDA:226,13,0,1
BRDA:226,13,1,0
BRDA:227,14,0,1
BRDA:227,14,1,0
BRDA:228,15,0,1
BRDA:228,15,1,0
BRDA:234,16,0,2
BRDA:234,16,1,2
BRDA:234,17,0,4
BRDA:234,17,1,3
BRDA:234,17,2,2
BRDA:241,18,0,1
BRDA:241,18,1,1
BRDA:285,19,0,1
BRDA:285,19,1,2
BRDA:287,20,0,1
BRDA:287,20,1,1
BRF:41
BRH:37
end_of_record
TN:
SF:src\services\lesson.service.ts
FN:5,(anonymous_0)
FN:30,(anonymous_1)
FN:54,(anonymous_2)
FN:85,(anonymous_3)
FN:97,(anonymous_4)
FN:107,(anonymous_5)
FN:116,(anonymous_6)
FNF:7
FNH:7
FNDA:2,(anonymous_0)
FNDA:2,(anonymous_1)
FNDA:2,(anonymous_2)
FNDA:2,(anonymous_3)
FNDA:2,(anonymous_4)
FNDA:5,(anonymous_5)
FNDA:9,(anonymous_6)
DA:1,1
DA:2,1
DA:3,1
DA:5,1
DA:6,2
DA:7,2
DA:9,1
DA:30,1
DA:31,2
DA:44,2
DA:46,1
DA:47,1
DA:48,0
DA:51,1
DA:54,1
DA:55,2
DA:56,2
DA:58,1
DA:85,1
DA:86,2
DA:87,2
DA:89,1
DA:97,1
DA:98,2
DA:99,2
DA:101,1
DA:107,1
DA:108,5
DA:112,5
DA:115,5
DA:116,9
DA:117,5
DA:118,1
DA:121,4
DA:124,4
DA:128,4
DA:129,1
DA:133,3
DA:135,3
DA:138,3
DA:143,3
DA:144,1
DA:147,1
DA:148,1
DA:152,3
DA:153,0
DA:156,3
DA:157,3
DA:158,3
DA:159,3
DA:161,3
DA:162,2
DA:165,1
LF:53
LH:51
BRDA:7,0,0,1
BRDA:7,0,1,1
BRDA:44,1,0,1
BRDA:44,1,1,1
BRDA:44,2,0,2
BRDA:44,2,1,1
BRDA:47,3,0,0
BRDA:47,3,1,1
BRDA:56,4,0,1
BRDA:56,4,1,1
BRDA:65,5,0,1
BRDA:65,5,1,1
BRDA:73,6,0,0
BRDA:73,6,1,1
BRDA:74,7,0,0
BRDA:74,7,1,1
BRDA:78,8,0,1
BRDA:78,8,1,1
BRDA:80,9,0,1
BRDA:80,9,1,1
BRDA:87,10,0,1
BRDA:87,10,1,1
BRDA:99,11,0,1
BRDA:99,11,1,1
BRDA:112,12,0,0
BRDA:112,12,1,5
BRDA:117,13,0,1
BRDA:117,13,1,4
BRDA:128,14,0,1
BRDA:128,14,1,3
BRDA:128,15,0,4
BRDA:128,15,1,3
BRDA:143,16,0,1
BRDA:143,16,1,2
BRDA:147,17,0,1
BRDA:147,17,1,0
BRDA:148,18,0,1
BRDA:148,18,1,0
BRDA:152,19,0,0
BRDA:152,19,1,3
BRDA:156,20,0,3
BRDA:156,20,1,0
BRDA:156,20,2,0
BRDA:161,21,0,2
BRDA:161,21,1,1
BRF:45
BRH:36
end_of_record
TN:
SF:src\services\moderation.service.ts
FN:5,(anonymous_0)
FN:38,(anonymous_1)
FN:49,(anonymous_2)
FN:59,(anonymous_3)
FN:69,(anonymous_4)
FN:79,(anonymous_5)
FNF:6
FNH:6
FNDA:2,(anonymous_0)
FNDA:2,(anonymous_1)
FNDA:2,(anonymous_2)
FNDA:2,(anonymous_3)
FNDA:2,(anonymous_4)
FNDA:2,(anonymous_5)
DA:1,1
DA:2,1
DA:3,1
DA:5,1
DA:6,2
DA:7,2
DA:8,2
DA:10,2
DA:29,2
DA:38,1
DA:39,2
DA:40,2
DA:42,1
DA:46,1
DA:49,1
DA:50,2
DA:51,2
DA:52,1
DA:56,1
DA:59,1
DA:60,2
DA:61,2
DA:62,1
DA:66,1
DA:69,1
DA:70,2
DA:71,2
DA:72,1
DA:76,1
DA:79,1
DA:80,2
DA:81,2
DA:82,1
DA:86,1
LF:34
LH:34
BRDA:8,0,0,1
BRDA:8,0,1,1
BRDA:40,1,0,1
BRDA:40,1,1,1
BRDA:51,2,0,1
BRDA:51,2,1,1
BRDA:61,3,0,1
BRDA:61,3,1,1
BRDA:71,4,0,1
BRDA:71,4,1,1
BRDA:81,5,0,1
BRDA:81,5,1,1
BRF:12
BRH:12
end_of_record
TN:
SF:src\services\module.service.ts
FN:4,(anonymous_0)
FN:17,(anonymous_1)
FN:44,(anonymous_2)
FN:73,(anonymous_3)
FN:83,(anonymous_4)
FNF:5
FNH:5
FNDA:2,(anonymous_0)
FNDA:2,(anonymous_1)
FNDA:3,(anonymous_2)
FNDA:2,(anonymous_3)
FNDA:2,(anonymous_4)
DA:1,1
DA:2,1
DA:4,1
DA:6,2
DA:7,2
DA:9,1
DA:17,1
DA:18,2
DA:19,2
DA:21,2
DA:22,2
DA:23,1
DA:24,1
DA:25,0
DA:28,2
DA:41,2
DA:44,1
DA:45,3
DA:46,3
DA:47,2
DA:50,3
DA:69,3
DA:70,2
DA:73,1
DA:74,2
DA:75,2
DA:77,1
DA:83,1
DA:84,2
DA:85,2
DA:88,1
LF:31
LH:30
BRDA:7,0,0,1
BRDA:7,0,1,1
BRDA:17,1,0,0
BRDA:22,2,0,1
BRDA:22,2,1,1
BRDA:24,3,0,0
BRDA:24,3,1,1
BRDA:44,4,0,0
BRDA:46,5,0,2
BRDA:46,5,1,1
BRDA:55,6,0,1
BRDA:55,6,1,2
BRDA:69,7,0,1
BRDA:69,7,1,2
BRDA:75,8,0,1
BRDA:75,8,1,1
BRDA:85,9,0,1
BRDA:85,9,1,1
BRF:18
BRH:15
end_of_record
TN:
SF:src\services\notification.service.ts
FN:33,(anonymous_0)
FN:64,(anonymous_1)
FN:71,(anonymous_2)
FN:111,(anonymous_3)
FN:121,(anonymous_4)
FN:134,(anonymous_5)
FN:155,(anonymous_6)
FN:163,(anonymous_7)
FN:196,(anonymous_8)
FN:202,(anonymous_9)
FN:214,(anonymous_10)
FN:222,(anonymous_11)
FN:234,(anonymous_12)
FN:246,(anonymous_13)
FN:257,(anonymous_14)
FN:298,(anonymous_15)
FN:309,(anonymous_16)
FNF:17
FNH:17
FNDA:5,(anonymous_0)
FNDA:6,(anonymous_1)
FNDA:11,(anonymous_2)
FNDA:3,(anonymous_3)
FNDA:2,(anonymous_4)
FNDA:3,(anonymous_5)
FNDA:1,(anonymous_6)
FNDA:2,(anonymous_7)
FNDA:1,(anonymous_8)
FNDA:2,(anonymous_9)
FNDA:1,(anonymous_10)
FNDA:2,(anonymous_11)
FNDA:2,(anonymous_12)
FNDA:2,(anonymous_13)
FNDA:2,(anonymous_14)
FNDA:2,(anonymous_15)
FNDA:1,(anonymous_16)
DA:1,1
DA:2,1
DA:3,1
DA:4,1
DA:33,1
DA:38,5
DA:39,5
DA:54,5
DA:55,3
DA:57,5
DA:58,1
DA:61,5
DA:64,1
DA:69,6
DA:70,6
DA:71,11
DA:85,6
DA:86,4
DA:90,4
DA:91,4
DA:92,4
DA:93,4
DA:100,2
DA:104,6
DA:105,1
DA:108,6
DA:111,1
DA:115,3
DA:116,3
DA:117,1
DA:121,2
DA:122,2
DA:123,1
DA:125,1
DA:128,2
DA:134,1
DA:138,3
DA:139,3
DA:143,3
DA:144,2
DA:151,1
DA:155,1
DA:160,1
DA:163,1
DA:168,2
DA:169,2
DA:171,2
DA:172,2
DA:173,2
DA:174,2
DA:175,2
DA:177,2
DA:187,2
DA:196,1
DA:197,1
DA:202,1
DA:203,2
DA:206,2
DA:208,1
DA:214,1
DA:215,1
DA:219,1
DA:222,1
DA:223,2
DA:226,2
DA:228,1
DA:234,1
DA:235,2
DA:238,2
DA:240,1
DA:246,1
DA:247,2
DA:250,2
DA:252,1
DA:257,1
DA:268,2
DA:271,2
DA:272,1
DA:285,1
DA:298,1
DA:299,2
DA:302,2
DA:304,1
DA:309,1
DA:310,1
LF:85
LH:85
BRDA:36,0,0,1
BRDA:38,1,0,1
BRDA:49,2,0,5
BRDA:49,2,1,5
BRDA:54,3,0,3
BRDA:54,3,1,2
BRDA:57,4,0,1
BRDA:57,4,1,4
BRDA:67,5,0,1
BRDA:69,6,0,1
BRDA:80,7,0,11
BRDA:80,7,1,11
BRDA:85,8,0,4
BRDA:85,8,1,2
BRDA:92,9,0,4
BRDA:92,9,1,0
BRDA:96,10,0,4
BRDA:96,10,1,4
BRDA:104,11,0,1
BRDA:104,11,1,5
BRDA:116,12,0,1
BRDA:116,12,1,2
BRDA:122,13,0,1
BRDA:122,13,1,1
BRDA:122,14,0,2
BRDA:122,14,1,1
BRDA:143,15,0,2
BRDA:143,15,1,1
BRDA:147,16,0,2
BRDA:147,16,1,1
BRDA:172,17,0,1
BRDA:172,17,1,1
BRDA:173,18,0,0
BRDA:173,18,1,2
BRDA:174,19,0,0
BRDA:174,19,1,2
BRDA:175,20,0,1
BRDA:175,20,1,1
BRDA:206,21,0,1
BRDA:206,21,1,1
BRDA:226,22,0,1
BRDA:226,22,1,1
BRDA:238,23,0,1
BRDA:238,23,1,1
BRDA:250,24,0,1
BRDA:250,24,1,1
BRDA:271,25,0,1
BRDA:271,25,1,1
BRDA:302,26,0,1
BRDA:302,26,1,1
BRF:50
BRH:47
end_of_record
TN:
SF:src\services\parent.service.ts
FN:4,(anonymous_0)
FN:26,(anonymous_1)
FN:42,(anonymous_2)
FN:58,(anonymous_3)
FN:81,(anonymous_4)
FN:82,(anonymous_5)
FN:88,(anonymous_6)
FN:110,(anonymous_7)
FN:130,(anonymous_8)
FN:143,(anonymous_9)
FN:164,(anonymous_10)
FN:180,(anonymous_11)
FN:181,(anonymous_12)
FN:197,(anonymous_13)
FNF:14
FNH:14
FNDA:3,(anonymous_0)
FNDA:2,(anonymous_1)
FNDA:1,(anonymous_2)
FNDA:2,(anonymous_3)
FNDA:3,(anonymous_4)
FNDA:3,(anonymous_5)
FNDA:2,(anonymous_6)
FNDA:2,(anonymous_7)
FNDA:2,(anonymous_8)
FNDA:2,(anonymous_9)
FNDA:1,(anonymous_10)
FNDA:2,(anonymous_11)
FNDA:1,(anonymous_12)
FNDA:1,(anonymous_13)
DA:1,1
DA:2,1
DA:4,1
DA:5,3
DA:6,3
DA:7,1
DA:10,2
DA:11,2
DA:12,0
DA:15,2
DA:16,1
DA:19,1
DA:26,1
DA:27,2
DA:30,2
DA:32,1
DA:36,1
DA:42,1
DA:43,1
DA:58,1
DA:59,2
DA:62,2
DA:64,1
DA:79,1
DA:81,3
DA:82,3
DA:85,1
DA:88,1
DA:89,2
DA:92,2
DA:94,1
DA:107,1
DA:110,1
DA:111,2
DA:114,2
DA:116,1
DA:127,1
DA:130,1
DA:131,2
DA:134,2
DA:135,1
DA:140,1
DA:143,1
DA:148,2
DA:151,2
DA:153,1
DA:164,1
DA:165,1
DA:179,1
DA:180,2
DA:181,1
DA:182,1
DA:183,1
DA:184,1
DA:187,1
DA:197,1
DA:198,1
DA:202,1
DA:206,1
LF:59
LH:58
BRDA:6,0,0,1
BRDA:6,0,1,2
BRDA:6,1,0,3
BRDA:6,1,1,3
BRDA:6,1,2,3
BRDA:11,2,0,0
BRDA:11,2,1,2
BRDA:11,3,0,2
BRDA:11,3,1,2
BRDA:11,3,2,2
BRDA:15,4,0,1
BRDA:15,4,1,1
BRDA:30,5,0,1
BRDA:30,5,1,1
BRDA:62,6,0,1
BRDA:62,6,1,1
BRDA:92,7,0,1
BRDA:92,7,1,1
BRDA:114,8,0,1
BRDA:114,8,1,1
BRDA:134,9,0,1
BRDA:134,9,1,1
BRDA:151,10,0,1
BRDA:151,10,1,1
BRDA:180,11,0,2
BRDA:180,11,1,0
BRDA:182,12,0,1
BRDA:182,12,1,0
BRDA:183,13,0,1
BRDA:183,13,1,0
BRDA:191,14,0,1
BRDA:191,14,1,0
BRF:32
BRH:27
end_of_record
TN:
SF:src\services\path.service.ts
FN:5,(anonymous_0)
FN:60,(anonymous_1)
FN:99,(anonymous_2)
FN:140,(anonymous_3)
FN:162,(anonymous_4)
FN:175,(anonymous_5)
FN:185,(anonymous_6)
FNF:7
FNH:7
FNDA:2,(anonymous_0)
FNDA:1,(anonymous_1)
FNDA:3,(anonymous_2)
FNDA:1,(anonymous_3)
FNDA:2,(anonymous_4)
FNDA:2,(anonymous_5)
FNDA:1,(anonymous_6)
DA:1,1
DA:2,1
DA:5,1
DA:17,2
DA:19,2
DA:21,2
DA:26,2
DA:27,1
DA:34,2
DA:35,2
DA:36,2
DA:37,2
DA:38,1
DA:39,1
DA:40,1
DA:43,2
DA:57,2
DA:60,1
DA:69,1
DA:71,1
DA:72,1
DA:74,1
DA:75,0
DA:80,1
DA:81,1
DA:82,1
DA:83,1
DA:85,1
DA:96,1
DA:99,1
DA:100,3
DA:101,3
DA:102,2
DA:104,3
DA:136,3
DA:137,2
DA:140,1
DA:141,1
DA:162,1
DA:163,2
DA:164,2
DA:166,1
DA:175,1
DA:176,2
DA:177,2
DA:179,1
DA:185,1
DA:186,1
DA:187,1
DA:189,1
LF:50
LH:49
BRDA:7,0,0,0
BRDA:8,1,0,0
BRDA:15,2,0,1
BRDA:16,3,0,1
BRDA:26,4,0,1
BRDA:26,4,1,1
BRDA:34,5,0,1
BRDA:34,5,1,1
BRDA:35,6,0,1
BRDA:35,6,1,1
BRDA:36,7,0,1
BRDA:36,7,1,1
BRDA:37,8,0,1
BRDA:37,8,1,1
BRDA:37,9,0,2
BRDA:37,9,1,1
BRDA:39,10,0,1
BRDA:39,10,1,0
BRDA:40,11,0,1
BRDA:40,11,1,0
BRDA:62,12,0,0
BRDA:63,13,0,0
BRDA:74,14,0,0
BRDA:74,14,1,1
BRDA:80,15,0,0
BRDA:80,15,1,1
BRDA:81,16,0,0
BRDA:81,16,1,1
BRDA:82,17,0,1
BRDA:82,17,1,0
BRDA:83,18,0,0
BRDA:83,18,1,1
BRDA:99,19,0,0
BRDA:101,20,0,2
BRDA:101,20,1,1
BRDA:136,21,0,1
BRDA:136,21,1,2
BRDA:148,22,0,1
BRDA:148,22,1,1
BRDA:149,23,0,1
BRDA:149,23,1,0
BRDA:150,24,0,1
BRDA:150,24,1,1
BRDA:152,25,0,1
BRDA:152,25,1,1
BRDA:153,26,0,1
BRDA:153,26,1,1
BRDA:155,27,0,1
BRDA:155,27,1,1
BRDA:156,28,0,1
BRDA:156,28,1,1
BRDA:164,29,0,1
BRDA:164,29,1,1
BRDA:164,30,0,2
BRDA:164,30,1,1
BRDA:177,31,0,1
BRDA:177,31,1,1
BRDA:177,32,0,2
BRDA:177,32,1,1
BRDA:187,33,0,0
BRDA:187,33,1,1
BRDA:187,34,0,1
BRDA:187,34,1,1
BRF:63
BRH:49
end_of_record
TN:
SF:src\services\payment.service.ts
FN:9,(anonymous_6)
FN:16,(anonymous_7)
FN:73,(anonymous_8)
FN:106,(anonymous_9)
FN:126,(anonymous_10)
FN:148,(anonymous_11)
FN:180,(anonymous_12)
FN:202,(anonymous_13)
FN:254,(anonymous_14)
FNF:9
FNH:9
FNDA:1,(anonymous_6)
FNDA:3,(anonymous_7)
FNDA:1,(anonymous_8)
FNDA:3,(anonymous_9)
FNDA:2,(anonymous_10)
FNDA:3,(anonymous_11)
FNDA:3,(anonymous_12)
FNDA:1,(anonymous_13)
FNDA:3,(anonymous_14)
DA:1,1
DA:2,1
DA:3,1
DA:4,1
DA:6,1
DA:7,1
DA:9,1
DA:10,1
DA:11,1
DA:12,1
DA:13,1
DA:16,1
DA:18,3
DA:21,3
DA:22,1
DA:26,2
DA:29,2
DA:30,1
DA:33,1
DA:34,1
DA:35,1
DA:37,1
DA:51,1
DA:63,1
DA:73,1
DA:74,1
DA:106,1
DA:107,3
DA:110,3
DA:111,1
DA:113,2
DA:114,1
DA:117,1
DA:123,1
DA:126,1
DA:127,2
DA:128,2
DA:129,2
DA:130,2
DA:132,2
DA:145,2
DA:148,1
DA:149,3
DA:150,3
DA:151,3
DA:152,3
DA:153,3
DA:154,1
DA:162,3
DA:177,3
DA:180,1
DA:186,3
DA:190,3
DA:191,1
DA:193,2
DA:194,1
DA:197,1
DA:198,1
DA:199,1
DA:202,1
DA:204,1
DA:216,1
DA:228,1
DA:238,1
DA:242,1
DA:243,1
DA:244,1
DA:251,1
DA:254,1
DA:255,3
DA:258,3
DA:259,1
DA:261,2
DA:262,1
DA:265,1
DA:276,1
DA:277,1
DA:278,1
DA:284,1
LF:79
LH:79
BRDA:16,0,0,3
BRDA:21,1,0,1
BRDA:21,1,1,2
BRDA:29,2,0,1
BRDA:29,2,1,1
BRDA:110,3,0,1
BRDA:110,3,1,2
BRDA:113,4,0,1
BRDA:113,4,1,1
BRDA:130,5,0,1
BRDA:130,5,1,1
BRDA:152,6,0,1
BRDA:152,6,1,2
BRDA:153,7,0,1
BRDA:153,7,1,2
BRDA:190,8,0,1
BRDA:190,8,1,2
BRDA:193,9,0,1
BRDA:193,9,1,1
BRDA:193,10,0,2
BRDA:193,10,1,1
BRDA:243,11,0,1
BRDA:243,11,1,0
BRDA:258,12,0,1
BRDA:258,12,1,2
BRDA:261,13,0,1
BRDA:261,13,1,1
BRDA:261,14,0,2
BRDA:261,14,1,1
BRDA:277,15,0,1
BRDA:277,15,1,0
BRDA:279,16,0,1
BRDA:279,16,1,0
BRF:33
BRH:30
end_of_record
TN:
SF:src\services\pdf.service.ts
FN:5,(anonymous_0)
FN:58,(anonymous_1)
FN:73,(anonymous_2)
FNF:3
FNH:3
FNDA:3,(anonymous_0)
FNDA:1,(anonymous_1)
FNDA:1,(anonymous_2)
DA:1,1
DA:2,1
DA:3,1
DA:5,1
DA:6,3
DA:19,3
DA:20,3
DA:23,3
DA:33,3
DA:35,2
DA:48,2
DA:49,1
DA:54,2
DA:55,2
DA:58,1
DA:59,1
DA:60,1
DA:62,1
DA:63,1
DA:65,1
DA:70,1
DA:73,1
DA:74,1
DA:75,1
DA:77,1
DA:78,1
DA:81,1
LF:27
LH:27
BRDA:19,0,0,0
BRDA:19,0,1,3
BRDA:19,1,0,3
BRDA:19,1,1,3
BRDA:20,2,0,0
BRDA:20,2,1,3
BRDA:33,3,0,2
BRDA:33,3,1,1
BRDA:48,4,0,1
BRDA:48,4,1,1
BRDA:60,5,0,0
BRDA:60,5,1,1
BRDA:75,6,0,0
BRDA:75,6,1,1
BRDA:77,7,0,1
BRDA:77,7,1,0
BRF:16
BRH:11
end_of_record
TN:
SF:src\services\progress.service.ts
FN:4,(anonymous_0)
FN:39,(anonymous_1)
FN:63,(anonymous_2)
FN:65,(anonymous_3)
FN:66,(anonymous_4)
FNF:5
FNH:5
FNDA:3,(anonymous_0)
FNDA:2,(anonymous_1)
FNDA:2,(anonymous_2)
FNDA:2,(anonymous_3)
FNDA:3,(anonymous_4)
DA:1,1
DA:2,1
DA:4,1
DA:5,3
DA:6,3
DA:8,2
DA:12,2
DA:14,2
DA:15,1
DA:26,1
DA:39,1
DA:40,2
DA:41,2
DA:43,1
DA:63,2
DA:64,1
DA:65,1
DA:66,2
DA:67,3
DA:71,1
DA:73,1
LF:21
LH:21
BRDA:6,0,0,1
BRDA:6,0,1,2
BRDA:12,1,0,2
BRDA:12,1,1,0
BRDA:12,2,0,0
BRDA:12,2,1,0
BRDA:14,3,0,1
BRDA:14,3,1,1
BRDA:18,4,0,1
BRDA:18,4,1,0
BRDA:20,5,0,1
BRDA:20,5,1,0
BRDA:21,6,0,1
BRDA:21,6,1,0
BRDA:30,7,0,1
BRDA:30,7,1,0
BRDA:31,8,0,1
BRDA:31,8,1,0
BRDA:32,9,0,1
BRDA:32,9,1,0
BRDA:41,10,0,1
BRDA:41,10,1,1
BRDA:67,11,0,1
BRDA:67,11,1,2
BRDA:67,12,0,3
BRDA:67,12,1,2
BRDA:71,13,0,1
BRDA:71,13,1,0
BRF:28
BRH:18
end_of_record
TN:
SF:src\services\quest.service.ts
FN:5,(anonymous_0)
FN:26,(anonymous_1)
FN:36,(anonymous_2)
FN:43,(anonymous_3)
FN:45,(anonymous_4)
FN:56,(anonymous_5)
FN:68,(anonymous_6)
FN:70,(anonymous_7)
FN:76,(anonymous_8)
FN:115,(anonymous_9)
FN:116,(anonymous_10)
FN:118,(anonymous_11)
FNF:12
FNH:12
FNDA:2,(anonymous_0)
FNDA:2,(anonymous_1)
FNDA:2,(anonymous_2)
FNDA:2,(anonymous_3)
FNDA:3,(anonymous_4)
FNDA:2,(anonymous_5)
FNDA:1,(anonymous_6)
FNDA:2,(anonymous_7)
FNDA:3,(anonymous_8)
FNDA:3,(anonymous_9)
FNDA:4,(anonymous_10)
FNDA:4,(anonymous_11)
DA:1,1
DA:2,1
DA:3,1
DA:5,1
DA:6,2
DA:7,2
DA:9,1
DA:11,1
DA:26,1
DA:27,2
DA:28,2
DA:30,1
DA:36,1
DA:37,2
DA:38,2
DA:40,1
DA:43,1
DA:44,2
DA:45,3
DA:47,2
DA:48,4
DA:49,3
DA:56,1
DA:57,2
DA:62,2
DA:64,1
DA:68,1
DA:70,2
DA:76,1
DA:77,3
DA:80,3
DA:82,3
DA:85,3
DA:87,2
DA:89,2
DA:102,2
DA:103,2
DA:106,2
DA:111,2
DA:115,3
DA:116,4
DA:118,4
DA:120,2
LF:43
LH:43
BRDA:7,0,0,1
BRDA:7,0,1,1
BRDA:9,1,0,1
BRDA:9,1,1,1
BRDA:20,2,0,1
BRDA:20,2,1,1
BRDA:28,3,0,1
BRDA:28,3,1,1
BRDA:38,4,0,1
BRDA:38,4,1,1
BRDA:48,5,0,1
BRDA:48,5,1,3
BRDA:62,6,0,1
BRDA:62,6,1,1
BRDA:72,7,0,2
BRDA:72,7,1,1
BRDA:80,8,0,0
BRDA:80,8,1,3
BRDA:85,9,0,1
BRDA:85,9,1,2
BRDA:87,10,0,2
BRDA:87,10,1,0
BRDA:102,11,0,2
BRDA:102,11,1,0
BRDA:125,12,0,1
BRDA:125,12,1,1
BRF:26
BRH:23
end_of_record
TN:
SF:src\services\recharge.service.ts
FN:4,(anonymous_0)
FN:28,(anonymous_1)
FN:74,(anonymous_2)
FN:98,(anonymous_3)
FNF:4
FNH:0
FNDA:0,(anonymous_0)
FNDA:0,(anonymous_1)
FNDA:0,(anonymous_2)
FNDA:0,(anonymous_3)
DA:1,0
DA:2,0
DA:4,0
DA:5,0
DA:25,0
DA:27,0
DA:28,0
DA:30,0
DA:31,0
DA:32,0
DA:33,0
DA:34,0
DA:35,0
DA:37,0
DA:38,0
DA:39,0
DA:44,0
DA:45,0
DA:46,0
DA:47,0
DA:48,0
DA:50,0
DA:51,0
DA:52,0
DA:53,0
DA:54,0
DA:55,0
DA:56,0
DA:62,0
DA:74,0
DA:75,0
DA:77,0
DA:95,0
DA:96,0
DA:97,0
DA:98,0
DA:99,0
DA:100,0
DA:101,0
DA:105,0
DA:106,0
DA:107,0
DA:108,0
DA:109,0
DA:110,0
DA:116,0
DA:117,0
DA:123,0
LF:48
LH:0
BRDA:25,0,0,0
BRDA:25,0,1,0
BRDA:37,1,0,0
BRDA:37,1,1,0
BRDA:44,2,0,0
BRDA:44,2,1,0
BRDA:50,3,0,0
BRDA:50,3,1,0
BRDA:53,4,0,0
BRDA:53,4,1,0
BRDA:65,5,0,0
BRDA:65,5,1,0
BRDA:66,6,0,0
BRDA:66,6,1,0
BRDA:75,7,0,0
BRDA:75,7,1,0
BRDA:96,8,0,0
BRDA:96,8,1,0
BRDA:99,9,0,0
BRDA:99,9,1,0
BRDA:105,10,0,0
BRDA:105,10,1,0
BRDA:109,11,0,0
BRDA:109,11,1,0
BRF:24
BRH:0
end_of_record
TN:
SF:src\services\recommendation.service.ts
FN:9,(anonymous_0)
FN:35,(anonymous_1)
FN:56,(anonymous_2)
FN:65,(anonymous_3)
FN:76,(anonymous_4)
FN:95,(anonymous_5)
FN:96,(anonymous_6)
FN:103,(anonymous_7)
FNF:8
FNH:8
FNDA:3,(anonymous_0)
FNDA:1,(anonymous_1)
FNDA:2,(anonymous_2)
FNDA:1,(anonymous_3)
FNDA:1,(anonymous_4)
FNDA:1,(anonymous_5)
FNDA:1,(anonymous_6)
FNDA:1,(anonymous_7)
DA:1,1
DA:9,1
DA:13,3
DA:17,3
DA:18,3
DA:20,3
DA:32,3
DA:35,1
DA:36,1
DA:37,1
DA:39,1
DA:53,1
DA:56,1
DA:60,2
DA:65,2
DA:67,2
DA:68,1
DA:71,1
DA:76,1
DA:78,1
DA:93,1
DA:94,1
DA:95,1
DA:96,1
DA:97,1
DA:100,0
DA:103,1
DA:107,1
DA:123,1
LF:29
LH:28
BRDA:11,0,0,2
BRDA:17,1,0,1
BRDA:17,1,1,2
BRDA:18,2,0,1
BRDA:18,2,1,2
BRDA:67,3,0,1
BRDA:67,3,1,1
BRDA:93,4,0,1
BRDA:93,4,1,0
BRF:9
BRH:8
end_of_record
TN:
SF:src\services\s3.service.ts
FN:13,(anonymous_0)
FN:24,(anonymous_1)
FN:32,(anonymous_2)
FNF:3
FNH:0
FNDA:0,(anonymous_0)
FNDA:0,(anonymous_1)
FNDA:0,(anonymous_2)
DA:1,0
DA:2,0
DA:3,0
DA:5,0
DA:13,0
DA:14,0
DA:20,0
DA:21,0
DA:24,0
DA:25,0
DA:29,0
DA:32,0
DA:33,0
DA:37,0
LF:14
LH:0
BRDA:13,0,0,0
BRDA:32,1,0,0
BRF:2
BRH:0
end_of_record
TN:
SF:src\services\search.service.ts
FN:20,(anonymous_0)
FN:40,(anonymous_1)
FN:91,(anonymous_2)
FN:140,(anonymous_3)
FNF:4
FNH:4
FNDA:2,(anonymous_0)
FNDA:2,(anonymous_1)
FNDA:1,(anonymous_2)
FNDA:1,(anonymous_3)
DA:1,1
DA:2,1
DA:20,1
DA:24,2
DA:25,2
DA:27,2
DA:28,2
DA:30,2
DA:31,1
DA:33,2
DA:34,1
DA:37,2
DA:40,1
DA:44,2
DA:45,2
DA:46,2
DA:48,2
DA:49,2
DA:53,2
DA:63,2
DA:76,2
DA:80,2
DA:91,1
DA:95,1
DA:96,1
DA:97,1
DA:99,1
DA:100,1
DA:104,1
DA:112,1
DA:125,1
DA:129,1
DA:140,1
DA:144,1
DA:145,1
DA:146,1
DA:148,1
DA:171,1
DA:182,1
LF:39
LH:39
BRDA:24,0,0,1
BRDA:24,0,1,1
BRDA:27,1,0,2
BRDA:27,1,1,0
BRDA:30,2,0,1
BRDA:30,2,1,1
BRDA:33,3,0,1
BRDA:33,3,1,1
BRDA:44,4,0,0
BRDA:48,5,0,1
BRDA:48,5,1,1
BRDA:49,6,0,1
BRDA:49,6,1,1
BRDA:57,7,0,0
BRDA:57,7,1,2
BRDA:58,8,0,0
BRDA:58,8,1,2
BRDA:59,9,0,0
BRDA:59,9,1,2
BRDA:60,10,0,0
BRDA:60,10,1,2
BRDA:85,11,0,2
BRDA:85,11,1,0
BRDA:86,12,0,2
BRDA:86,12,1,0
BRDA:95,13,0,0
BRDA:99,14,0,0
BRDA:99,14,1,1
BRDA:100,15,0,1
BRDA:100,15,1,0
BRDA:108,16,0,0
BRDA:108,16,1,1
BRDA:109,17,0,0
BRDA:109,17,1,1
BRDA:134,18,0,1
BRDA:134,18,1,0
BRDA:135,19,0,1
BRDA:135,19,1,0
BRF:38
BRH:23
end_of_record
TN:
SF:src\services\slide.service.ts
FN:5,(anonymous_0)
FN:40,(anonymous_1)
FN:50,(anonymous_2)
FN:57,(anonymous_3)
FN:59,(anonymous_4)
FN:71,(anonymous_5)
FN:83,(anonymous_6)
FN:85,(anonymous_7)
FN:91,(anonymous_8)
FNF:9
FNH:9
FNDA:3,(anonymous_0)
FNDA:2,(anonymous_1)
FNDA:2,(anonymous_2)
FNDA:2,(anonymous_3)
FNDA:5,(anonymous_4)
FNDA:2,(anonymous_5)
FNDA:1,(anonymous_6)
FNDA:2,(anonymous_7)
FNDA:4,(anonymous_8)
DA:1,1
DA:2,1
DA:3,1
DA:5,1
DA:6,3
DA:7,3
DA:9,2
DA:11,2
DA:40,1
DA:41,2
DA:42,2
DA:44,1
DA:50,1
DA:51,2
DA:52,2
DA:54,1
DA:57,1
DA:58,2
DA:59,5
DA:61,2
DA:62,5
DA:63,5
DA:64,4
DA:71,1
DA:72,2
DA:77,2
DA:79,1
DA:83,1
DA:85,2
DA:91,1
DA:92,4
DA:95,4
DA:97,3
DA:100,3
DA:102,2
DA:104,2
DA:117,2
DA:118,1
DA:121,2
LF:39
LH:39
BRDA:7,0,0,1
BRDA:7,0,1,2
BRDA:9,1,0,2
BRDA:9,1,1,1
BRDA:34,2,0,2
BRDA:34,2,1,1
BRDA:42,3,0,1
BRDA:42,3,1,1
BRDA:52,4,0,1
BRDA:52,4,1,1
BRDA:63,5,0,1
BRDA:63,5,1,4
BRDA:77,6,0,1
BRDA:77,6,1,1
BRDA:87,7,0,2
BRDA:87,7,1,1
BRDA:95,8,0,1
BRDA:95,8,1,3
BRDA:100,9,0,1
BRDA:100,9,1,2
BRDA:102,10,0,1
BRDA:102,10,1,1
BRDA:117,11,0,1
BRDA:117,11,1,1
BRF:24
BRH:24
end_of_record
TN:
SF:src\services\user.service.ts
FN:8,(anonymous_0)
FN:29,(anonymous_1)
FN:64,(anonymous_2)
FN:66,(anonymous_3)
FN:81,(anonymous_4)
FN:127,(anonymous_5)
FN:139,(anonymous_6)
FN:158,(anonymous_7)
FN:167,(anonymous_8)
FN:180,(anonymous_9)
FNF:10
FNH:10
FNDA:4,(anonymous_0)
FNDA:4,(anonymous_1)
FNDA:2,(anonymous_2)
FNDA:1,(anonymous_3)
FNDA:3,(anonymous_4)
FNDA:1,(anonymous_5)
FNDA:3,(anonymous_6)
FNDA:2,(anonymous_7)
FNDA:2,(anonymous_8)
FNDA:2,(anonymous_9)
DA:1,1
DA:2,1
DA:8,4
DA:29,1
DA:30,4
DA:47,4
DA:48,2
DA:52,2
DA:61,2
DA:63,2
DA:64,2
DA:65,2
DA:66,2
DA:68,2
DA:81,1
DA:82,3
DA:83,3
DA:84,1
DA:88,2
DA:93,2
DA:94,2
DA:95,2
DA:96,2
DA:97,2
DA:99,2
DA:123,2
DA:127,1
DA:128,1
DA:135,1
DA:139,1
DA:140,3
DA:141,3
DA:143,2
DA:144,2
DA:149,2
DA:154,2
DA:158,1
DA:159,2
DA:163,2
DA:167,1
DA:168,2
DA:169,2
DA:171,1
DA:176,1
DA:180,1
DA:181,2
DA:182,2
DA:184,1
DA:189,1
LF:49
LH:49
BRDA:47,0,0,2
BRDA:47,0,1,2
BRDA:47,1,0,4
BRDA:47,1,1,3
BRDA:53,2,0,2
BRDA:53,2,1,1
BRDA:54,3,0,2
BRDA:54,3,1,1
BRDA:56,4,0,2
BRDA:56,4,1,1
BRDA:66,5,0,2
BRDA:66,5,1,1
BRDA:66,6,0,1
BRDA:66,6,1,1
BRDA:81,7,0,3
BRDA:83,8,0,1
BRDA:83,8,1,2
BRDA:83,9,0,3
BRDA:83,9,1,2
BRDA:93,10,0,1
BRDA:93,10,1,1
BRDA:94,11,0,1
BRDA:94,11,1,1
BRDA:95,12,0,1
BRDA:95,12,1,1
BRDA:96,13,0,1
BRDA:96,13,1,1
BRDA:97,14,0,1
BRDA:97,14,1,1
BRDA:141,15,0,1
BRDA:141,15,1,2
BRDA:143,16,0,2
BRDA:143,16,1,1
BRDA:163,17,0,2
BRDA:163,17,1,1
BRDA:169,18,0,1
BRDA:169,18,1,1
BRDA:182,19,0,1
BRDA:182,19,1,1
BRF:39
BRH:39
end_of_record
