TN:
SF:src\controllers\admin.controller.ts
FN:6,(anonymous_6)
FN:17,(anonymous_7)
FN:22,(anonymous_8)
FN:27,(anonymous_9)
FN:32,(anonymous_10)
FN:37,(anonymous_11)
FNF:6
FNH:0
FNDA:0,(anonymous_6)
FNDA:0,(anonymous_7)
FNDA:0,(anonymous_8)
FNDA:0,(anonymous_9)
FNDA:0,(anonymous_10)
FNDA:0,(anonymous_11)
DA:2,0
DA:3,0
DA:4,0
DA:6,0
DA:7,0
DA:8,0
DA:9,0
DA:17,0
DA:18,0
DA:19,0
DA:22,0
DA:23,0
DA:24,0
DA:27,0
DA:28,0
DA:29,0
DA:32,0
DA:33,0
DA:34,0
DA:37,0
DA:38,0
DA:39,0
LF:22
LH:0
BRF:0
BRH:0
end_of_record
TN:
SF:src\controllers\auth.controller.ts
FN:6,(anonymous_6)
FN:11,(anonymous_7)
FN:17,(anonymous_8)
FN:23,(anonymous_9)
FN:29,(anonymous_10)
FN:35,(anonymous_11)
FNF:6
FNH:0
FNDA:0,(anonymous_6)
FNDA:0,(anonymous_7)
FNDA:0,(anonymous_8)
FNDA:0,(anonymous_9)
FNDA:0,(anonymous_10)
FNDA:0,(anonymous_11)
DA:2,0
DA:3,0
DA:4,0
DA:6,0
DA:7,0
DA:8,0
DA:11,0
DA:12,0
DA:13,0
DA:14,0
DA:17,0
DA:18,0
DA:19,0
DA:20,0
DA:23,0
DA:24,0
DA:25,0
DA:26,0
DA:29,0
DA:30,0
DA:31,0
DA:32,0
DA:35,0
DA:36,0
DA:37,0
DA:38,0
LF:26
LH:0
BRF:0
BRH:0
end_of_record
TN:
SF:src\controllers\category.controller.ts
FN:6,(anonymous_6)
FN:11,(anonymous_7)
FN:22,(anonymous_8)
FN:27,(anonymous_9)
FN:32,(anonymous_10)
FNF:5
FNH:0
FNDA:0,(anonymous_6)
FNDA:0,(anonymous_7)
FNDA:0,(anonymous_8)
FNDA:0,(anonymous_9)
FNDA:0,(anonymous_10)
DA:2,0
DA:3,0
DA:4,0
DA:6,0
DA:7,0
DA:8,0
DA:11,0
DA:12,0
DA:13,0
DA:14,0
DA:22,0
DA:23,0
DA:24,0
DA:27,0
DA:28,0
DA:29,0
DA:32,0
DA:33,0
DA:34,0
LF:19
LH:0
BRF:0
BRH:0
end_of_record
TN:
SF:src\controllers\course.controller.ts
FN:6,(anonymous_6)
FN:11,(anonymous_7)
FN:22,(anonymous_8)
FN:33,(anonymous_9)
FN:40,(anonymous_10)
FN:45,(anonymous_11)
FN:50,(anonymous_12)
FNF:7
FNH:0
FNDA:0,(anonymous_6)
FNDA:0,(anonymous_7)
FNDA:0,(anonymous_8)
FNDA:0,(anonymous_9)
FNDA:0,(anonymous_10)
FNDA:0,(anonymous_11)
FNDA:0,(anonymous_12)
DA:2,0
DA:3,0
DA:4,0
DA:6,0
DA:7,0
DA:8,0
DA:11,0
DA:12,0
DA:13,0
DA:14,0
DA:22,0
DA:23,0
DA:24,0
DA:25,0
DA:33,0
DA:35,0
DA:36,0
DA:37,0
DA:40,0
DA:41,0
DA:42,0
DA:45,0
DA:46,0
DA:47,0
DA:50,0
DA:51,0
DA:52,0
DA:53,0
LF:28
LH:0
BRDA:53,0,0,0
BRDA:53,0,1,0
BRF:2
BRH:0
end_of_record
TN:
SF:src\controllers\enrollment.controller.ts
FN:6,(anonymous_6)
FN:13,(anonymous_7)
FN:20,(anonymous_8)
FN:32,(anonymous_9)
FNF:4
FNH:0
FNDA:0,(anonymous_6)
FNDA:0,(anonymous_7)
FNDA:0,(anonymous_8)
FNDA:0,(anonymous_9)
DA:2,0
DA:3,0
DA:4,0
DA:6,0
DA:7,0
DA:8,0
DA:9,0
DA:10,0
DA:13,0
DA:14,0
DA:15,0
DA:16,0
DA:17,0
DA:20,0
DA:21,0
DA:22,0
DA:23,0
DA:24,0
DA:32,0
DA:33,0
DA:34,0
DA:35,0
DA:36,0
LF:23
LH:0
BRF:0
BRH:0
end_of_record
TN:
SF:src\controllers\lesson.controller.ts
FN:6,(anonymous_6)
FN:11,(anonymous_7)
FN:23,(anonymous_8)
FN:28,(anonymous_9)
FN:33,(anonymous_10)
FNF:5
FNH:0
FNDA:0,(anonymous_6)
FNDA:0,(anonymous_7)
FNDA:0,(anonymous_8)
FNDA:0,(anonymous_9)
FNDA:0,(anonymous_10)
DA:2,0
DA:3,0
DA:4,0
DA:6,0
DA:7,0
DA:8,0
DA:11,0
DA:12,0
DA:13,0
DA:14,0
DA:15,0
DA:23,0
DA:24,0
DA:25,0
DA:28,0
DA:29,0
DA:30,0
DA:33,0
DA:34,0
DA:35,0
LF:20
LH:0
BRF:0
BRH:0
end_of_record
TN:
SF:src\controllers\module.controller.ts
FN:6,(anonymous_6)
FN:11,(anonymous_7)
FN:23,(anonymous_8)
FN:29,(anonymous_9)
FN:34,(anonymous_10)
FNF:5
FNH:0
FNDA:0,(anonymous_6)
FNDA:0,(anonymous_7)
FNDA:0,(anonymous_8)
FNDA:0,(anonymous_9)
FNDA:0,(anonymous_10)
DA:2,0
DA:3,0
DA:4,0
DA:6,0
DA:7,0
DA:8,0
DA:11,0
DA:12,0
DA:13,0
DA:14,0
DA:15,0
DA:23,0
DA:24,0
DA:25,0
DA:26,0
DA:29,0
DA:30,0
DA:31,0
DA:34,0
DA:35,0
DA:36,0
LF:21
LH:0
BRF:0
BRH:0
end_of_record
TN:
SF:src\controllers\progress.controller.ts
FN:6,(anonymous_6)
FN:13,(anonymous_7)
FNF:2
FNH:0
FNDA:0,(anonymous_6)
FNDA:0,(anonymous_7)
DA:2,0
DA:3,0
DA:4,0
DA:6,0
DA:7,0
DA:8,0
DA:9,0
DA:10,0
DA:13,0
DA:14,0
DA:15,0
DA:16,0
DA:17,0
LF:13
LH:0
BRF:0
BRH:0
end_of_record
TN:
SF:src\controllers\user.controller.ts
FN:7,(anonymous_6)
FN:13,(anonymous_7)
FN:19,(anonymous_8)
FN:25,(anonymous_9)
FN:31,(anonymous_10)
FN:37,(anonymous_11)
FN:43,(anonymous_12)
FN:53,(anonymous_13)
FNF:8
FNH:0
FNDA:0,(anonymous_6)
FNDA:0,(anonymous_7)
FNDA:0,(anonymous_8)
FNDA:0,(anonymous_9)
FNDA:0,(anonymous_10)
FNDA:0,(anonymous_11)
FNDA:0,(anonymous_12)
FNDA:0,(anonymous_13)
DA:2,0
DA:3,0
DA:4,0
DA:5,0
DA:7,0
DA:8,0
DA:9,0
DA:10,0
DA:13,0
DA:14,0
DA:15,0
DA:16,0
DA:19,0
DA:20,0
DA:21,0
DA:22,0
DA:25,0
DA:26,0
DA:27,0
DA:28,0
DA:31,0
DA:32,0
DA:33,0
DA:34,0
DA:37,0
DA:38,0
DA:39,0
DA:40,0
DA:43,0
DA:44,0
DA:45,0
DA:46,0
DA:48,0
DA:49,0
DA:50,0
DA:53,0
DA:54,0
DA:55,0
DA:56,0
LF:39
LH:0
BRDA:45,0,0,0
BRDA:45,0,1,0
BRF:2
BRH:0
end_of_record
TN:
SF:src\services\admin.service.ts
FN:5,(anonymous_0)
FN:46,(anonymous_1)
FN:59,(anonymous_2)
FN:77,(anonymous_3)
FN:87,(anonymous_4)
FN:96,(anonymous_5)
FNF:6
FNH:6
FNDA:2,(anonymous_0)
FNDA:2,(anonymous_1)
FNDA:1,(anonymous_2)
FNDA:1,(anonymous_3)
FNDA:1,(anonymous_4)
FNDA:1,(anonymous_5)
DA:1,1
DA:2,1
DA:5,1
DA:6,2
DA:7,2
DA:9,2
DA:10,2
DA:11,1
DA:17,2
DA:18,2
DA:19,2
DA:20,2
DA:22,2
DA:43,2
DA:46,1
DA:47,2
DA:55,2
DA:56,1
DA:59,1
DA:60,1
DA:74,1
DA:77,1
DA:78,1
DA:84,1
DA:87,1
DA:88,1
DA:93,1
DA:96,1
DA:97,1
DA:102,1
LF:30
LH:30
BRDA:10,0,0,1
BRDA:10,0,1,1
BRDA:17,1,0,1
BRDA:17,1,1,1
BRDA:18,2,0,0
BRDA:18,2,1,2
BRDA:19,3,0,0
BRDA:19,3,1,2
BRDA:20,4,0,0
BRDA:20,4,1,2
BRDA:55,5,0,1
BRDA:55,5,1,1
BRF:12
BRH:9
end_of_record
TN:
SF:src\services\auth.service.ts
FN:15,(anonymous_1)
FN:64,(anonymous_2)
FN:107,(anonymous_3)
FN:125,(anonymous_4)
FN:130,(anonymous_5)
FN:144,(anonymous_6)
FNF:6
FNH:6
FNDA:2,(anonymous_1)
FNDA:3,(anonymous_2)
FNDA:2,(anonymous_3)
FNDA:1,(anonymous_4)
FNDA:2,(anonymous_5)
FNDA:2,(anonymous_6)
DA:1,1
DA:2,1
DA:3,1
DA:4,1
DA:5,1
DA:6,1
DA:7,1
DA:8,1
DA:10,1
DA:11,1
DA:12,1
DA:13,1
DA:15,1
DA:16,2
DA:19,2
DA:20,2
DA:21,1
DA:25,1
DA:27,1
DA:49,1
DA:50,1
DA:51,1
DA:54,1
DA:61,1
DA:64,1
DA:66,3
DA:67,3
DA:68,3
DA:69,1
DA:70,1
DA:73,2
DA:74,2
DA:75,0
DA:78,2
DA:79,2
DA:81,1
DA:82,1
DA:83,1
DA:85,1
DA:89,1
DA:92,1
DA:93,1
DA:94,1
DA:97,1
DA:104,1
DA:107,1
DA:108,2
DA:109,2
DA:110,1
DA:111,1
DA:112,0
DA:115,1
DA:116,1
DA:118,1
DA:119,0
DA:121,1
DA:125,1
DA:126,1
DA:127,1
DA:130,1
DA:131,2
DA:132,2
DA:134,1
DA:137,1
DA:138,1
DA:140,1
DA:141,1
DA:144,1
DA:145,2
DA:146,2
DA:147,1
DA:148,1
DA:149,0
DA:152,1
DA:153,1
DA:159,1
DA:160,1
DA:162,1
DA:164,1
DA:165,0
DA:167,1
LF:81
LH:76
BRDA:20,0,0,1
BRDA:20,0,1,1
BRDA:68,1,0,1
BRDA:68,1,1,2
BRDA:68,2,0,3
BRDA:68,2,1,1
BRDA:74,3,0,0
BRDA:74,3,1,2
BRDA:74,4,0,2
BRDA:74,4,1,2
BRDA:79,5,0,1
BRDA:79,5,1,1
BRDA:82,6,0,1
BRDA:82,6,1,0
BRDA:111,7,0,0
BRDA:111,7,1,1
BRDA:111,8,0,1
BRDA:111,8,1,1
BRDA:118,9,0,0
BRDA:118,9,1,1
BRDA:132,10,0,1
BRDA:132,10,1,1
BRDA:148,11,0,0
BRDA:148,11,1,1
BRDA:148,12,0,1
BRDA:148,12,1,1
BRDA:164,13,0,0
BRDA:164,13,1,1
BRF:28
BRH:22
end_of_record
TN:
SF:src\services\category.service.ts
FN:4,(anonymous_0)
FN:10,(anonymous_1)
FN:39,(anonymous_2)
FN:54,(anonymous_3)
FN:64,(anonymous_4)
FNF:5
FNH:5
FNDA:1,(anonymous_0)
FNDA:2,(anonymous_1)
FNDA:2,(anonymous_2)
FNDA:2,(anonymous_3)
FNDA:2,(anonymous_4)
DA:1,1
DA:2,1
DA:4,1
DA:5,1
DA:10,1
DA:11,2
DA:12,2
DA:14,2
DA:15,2
DA:16,2
DA:21,2
DA:23,2
DA:36,2
DA:39,1
DA:40,2
DA:50,2
DA:51,1
DA:54,1
DA:55,2
DA:56,2
DA:58,1
DA:64,1
DA:65,2
DA:66,2
DA:69,1
LF:25
LH:25
BRDA:15,0,0,2
BRDA:15,0,1,0
BRDA:21,1,0,1
BRDA:21,1,1,1
BRDA:50,2,0,1
BRDA:50,2,1,1
BRDA:56,3,0,1
BRDA:56,3,1,1
BRDA:66,4,0,1
BRDA:66,4,1,1
BRF:10
BRH:9
end_of_record
TN:
SF:src\services\course.service.ts
FN:4,(anonymous_0)
FN:13,(anonymous_1)
FN:75,(anonymous_2)
FN:110,(anonymous_3)
FN:123,(anonymous_4)
FN:134,(anonymous_5)
FNF:6
FNH:6
FNDA:1,(anonymous_0)
FNDA:3,(anonymous_1)
FNDA:3,(anonymous_2)
FNDA:2,(anonymous_3)
FNDA:2,(anonymous_4)
FNDA:1,(anonymous_5)
DA:1,1
DA:2,1
DA:4,1
DA:5,1
DA:13,1
DA:26,3
DA:27,3
DA:29,3
DA:30,3
DA:31,1
DA:37,3
DA:38,3
DA:39,3
DA:40,1
DA:41,1
DA:42,1
DA:44,3
DA:45,3
DA:46,3
DA:47,2
DA:48,2
DA:50,1
DA:53,3
DA:54,3
DA:56,3
DA:72,3
DA:75,1
DA:76,3
DA:77,3
DA:78,2
DA:81,3
DA:106,3
DA:107,2
DA:110,1
DA:111,2
DA:112,2
DA:114,1
DA:123,1
DA:124,2
DA:125,2
DA:128,1
DA:134,1
DA:135,1
DA:136,1
DA:138,1
LF:45
LH:45
BRDA:13,0,0,0
BRDA:30,1,0,1
BRDA:30,1,1,2
BRDA:37,2,0,1
BRDA:37,2,1,2
BRDA:38,3,0,1
BRDA:38,3,1,2
BRDA:39,4,0,1
BRDA:39,4,1,2
BRDA:39,5,0,3
BRDA:39,5,1,2
BRDA:41,6,0,1
BRDA:41,6,1,0
BRDA:42,7,0,1
BRDA:42,7,1,0
BRDA:44,8,0,1
BRDA:44,8,1,2
BRDA:45,9,0,0
BRDA:45,9,1,3
BRDA:46,10,0,2
BRDA:46,10,1,1
BRDA:75,11,0,0
BRDA:77,12,0,2
BRDA:77,12,1,1
BRDA:86,13,0,1
BRDA:86,13,1,2
BRDA:90,14,0,1
BRDA:90,14,1,2
BRDA:106,15,0,1
BRDA:106,15,1,2
BRDA:112,16,0,1
BRDA:112,16,1,1
BRDA:125,17,0,1
BRDA:125,17,1,1
BRDA:136,18,0,0
BRDA:136,18,1,1
BRF:36
BRH:30
end_of_record
TN:
SF:src\services\email.service.ts
FN:9,(anonymous_1)
FN:31,(anonymous_2)
FNF:2
FNH:0
FNDA:0,(anonymous_1)
FNDA:0,(anonymous_2)
DA:1,0
DA:2,0
DA:3,0
DA:5,0
DA:6,0
DA:9,0
DA:10,0
DA:11,0
DA:12,0
DA:15,0
DA:22,0
DA:23,0
DA:24,0
DA:26,0
DA:27,0
DA:31,0
DA:32,0
DA:33,0
DA:41,0
LF:19
LH:0
BRDA:5,0,0,0
BRDA:5,0,1,0
BRDA:10,1,0,0
BRDA:10,1,1,0
BRF:4
BRH:0
end_of_record
TN:
SF:src\services\enrollment.service.ts
FN:4,(anonymous_0)
FN:35,(anonymous_1)
FN:47,(anonymous_2)
FN:75,(anonymous_3)
FNF:4
FNH:4
FNDA:4,(anonymous_0)
FNDA:2,(anonymous_1)
FNDA:1,(anonymous_2)
FNDA:1,(anonymous_3)
DA:1,1
DA:2,1
DA:4,1
DA:6,4
DA:9,4
DA:12,3
DA:15,3
DA:16,2
DA:17,1
DA:20,1
DA:27,1
DA:35,1
DA:36,2
DA:39,2
DA:41,1
DA:47,1
DA:48,1
DA:49,1
DA:51,1
DA:52,1
DA:72,1
DA:75,1
DA:76,1
DA:77,1
DA:79,1
DA:80,1
DA:95,1
LF:27
LH:27
BRDA:9,0,0,1
BRDA:9,0,1,3
BRDA:15,1,0,2
BRDA:15,1,1,1
BRDA:16,2,0,1
BRDA:16,2,1,1
BRDA:39,3,0,1
BRDA:39,3,1,1
BRDA:39,4,0,2
BRDA:39,4,1,1
BRF:10
BRH:10
end_of_record
TN:
SF:src\services\lesson.service.ts
FN:4,(anonymous_0)
FN:14,(anonymous_1)
FN:41,(anonymous_2)
FN:55,(anonymous_3)
FN:65,(anonymous_4)
FNF:5
FNH:5
FNDA:2,(anonymous_0)
FNDA:2,(anonymous_1)
FNDA:2,(anonymous_2)
FNDA:2,(anonymous_3)
FNDA:2,(anonymous_4)
DA:1,1
DA:2,1
DA:4,1
DA:6,2
DA:7,2
DA:9,1
DA:14,1
DA:15,2
DA:16,2
DA:18,2
DA:19,2
DA:20,1
DA:21,1
DA:22,0
DA:25,2
DA:38,2
DA:41,1
DA:42,2
DA:51,2
DA:52,1
DA:55,1
DA:56,2
DA:57,2
DA:59,1
DA:65,1
DA:66,2
DA:67,2
DA:69,1
LF:28
LH:27
BRDA:7,0,0,1
BRDA:7,0,1,1
BRDA:14,1,0,0
BRDA:19,2,0,1
BRDA:19,2,1,1
BRDA:21,3,0,0
BRDA:21,3,1,1
BRDA:51,4,0,1
BRDA:51,4,1,1
BRDA:57,5,0,1
BRDA:57,5,1,1
BRDA:67,6,0,1
BRDA:67,6,1,1
BRF:13
BRH:11
end_of_record
TN:
SF:src\services\module.service.ts
FN:4,(anonymous_0)
FN:17,(anonymous_1)
FN:44,(anonymous_2)
FN:73,(anonymous_3)
FN:83,(anonymous_4)
FNF:5
FNH:5
FNDA:2,(anonymous_0)
FNDA:2,(anonymous_1)
FNDA:3,(anonymous_2)
FNDA:2,(anonymous_3)
FNDA:2,(anonymous_4)
DA:1,1
DA:2,1
DA:4,1
DA:6,2
DA:7,2
DA:9,1
DA:17,1
DA:18,2
DA:19,2
DA:21,2
DA:22,2
DA:23,1
DA:24,1
DA:25,0
DA:28,2
DA:41,2
DA:44,1
DA:45,3
DA:46,3
DA:47,2
DA:50,3
DA:69,3
DA:70,2
DA:73,1
DA:74,2
DA:75,2
DA:77,1
DA:83,1
DA:84,2
DA:85,2
DA:88,1
LF:31
LH:30
BRDA:7,0,0,1
BRDA:7,0,1,1
BRDA:17,1,0,0
BRDA:22,2,0,1
BRDA:22,2,1,1
BRDA:24,3,0,0
BRDA:24,3,1,1
BRDA:44,4,0,0
BRDA:46,5,0,2
BRDA:46,5,1,1
BRDA:55,6,0,1
BRDA:55,6,1,2
BRDA:69,7,0,1
BRDA:69,7,1,2
BRDA:75,8,0,1
BRDA:75,8,1,1
BRDA:85,9,0,1
BRDA:85,9,1,1
BRF:18
BRH:15
end_of_record
TN:
SF:src\services\progress.service.ts
FN:4,(anonymous_0)
FN:36,(anonymous_1)
FN:61,(anonymous_2)
FN:63,(anonymous_3)
FN:64,(anonymous_4)
FNF:5
FNH:5
FNDA:3,(anonymous_0)
FNDA:2,(anonymous_1)
FNDA:2,(anonymous_2)
FNDA:2,(anonymous_3)
FNDA:3,(anonymous_4)
DA:1,1
DA:2,1
DA:4,1
DA:6,3
DA:7,3
DA:9,2
DA:13,2
DA:14,1
DA:24,1
DA:36,1
DA:38,2
DA:39,2
DA:41,1
DA:61,2
DA:62,1
DA:63,1
DA:64,2
DA:65,3
DA:69,1
DA:71,1
LF:20
LH:20
BRDA:7,0,0,1
BRDA:7,0,1,2
BRDA:13,1,0,1
BRDA:13,1,1,1
BRDA:17,2,0,1
BRDA:17,2,1,0
BRDA:18,3,0,1
BRDA:18,3,1,0
BRDA:19,4,0,1
BRDA:19,4,1,0
BRDA:28,5,0,1
BRDA:28,5,1,0
BRDA:29,6,0,1
BRDA:29,6,1,0
BRDA:39,7,0,1
BRDA:39,7,1,1
BRDA:65,8,0,2
BRDA:65,8,1,1
BRDA:65,9,0,3
BRDA:65,9,1,2
BRDA:69,10,0,1
BRDA:69,10,1,0
BRF:22
BRH:16
end_of_record
TN:
SF:src\services\user.service.ts
FN:8,(anonymous_0)
FN:29,(anonymous_1)
FN:64,(anonymous_2)
FN:66,(anonymous_3)
FN:81,(anonymous_4)
FN:127,(anonymous_5)
FN:139,(anonymous_6)
FN:158,(anonymous_7)
FN:167,(anonymous_8)
FN:180,(anonymous_9)
FNF:10
FNH:10
FNDA:2,(anonymous_0)
FNDA:2,(anonymous_1)
FNDA:2,(anonymous_2)
FNDA:1,(anonymous_3)
FNDA:2,(anonymous_4)
FNDA:1,(anonymous_5)
FNDA:2,(anonymous_6)
FNDA:2,(anonymous_7)
FNDA:1,(anonymous_8)
FNDA:1,(anonymous_9)
DA:1,1
DA:2,1
DA:8,2
DA:29,1
DA:30,2
DA:47,2
DA:48,1
DA:52,1
DA:61,1
DA:63,1
DA:64,2
DA:65,1
DA:66,1
DA:68,1
DA:81,1
DA:82,2
DA:83,2
DA:84,1
DA:88,1
DA:93,1
DA:94,1
DA:95,1
DA:96,1
DA:97,1
DA:99,1
DA:123,1
DA:127,1
DA:128,1
DA:135,1
DA:139,1
DA:140,2
DA:141,2
DA:143,1
DA:144,1
DA:149,1
DA:154,1
DA:158,1
DA:159,2
DA:163,2
DA:167,1
DA:168,1
DA:169,1
DA:171,1
DA:176,1
DA:180,1
DA:181,1
DA:182,1
DA:184,1
DA:189,1
LF:49
LH:49
BRDA:47,0,0,1
BRDA:47,0,1,1
BRDA:47,1,0,2
BRDA:47,1,1,1
BRDA:53,2,0,1
BRDA:53,2,1,0
BRDA:54,3,0,1
BRDA:54,3,1,0
BRDA:56,4,0,1
BRDA:56,4,1,0
BRDA:66,5,0,1
BRDA:66,5,1,0
BRDA:66,6,0,1
BRDA:66,6,1,1
BRDA:81,7,0,2
BRDA:83,8,0,1
BRDA:83,8,1,1
BRDA:83,9,0,2
BRDA:83,9,1,1
BRDA:93,10,0,0
BRDA:93,10,1,1
BRDA:94,11,0,0
BRDA:94,11,1,1
BRDA:95,12,0,0
BRDA:95,12,1,1
BRDA:96,13,0,0
BRDA:96,13,1,1
BRDA:97,14,0,0
BRDA:97,14,1,1
BRDA:141,15,0,1
BRDA:141,15,1,1
BRDA:143,16,0,1
BRDA:143,16,1,0
BRDA:163,17,0,2
BRDA:163,17,1,1
BRDA:169,18,0,0
BRDA:169,18,1,1
BRDA:182,19,0,0
BRDA:182,19,1,1
BRF:39
BRH:27
end_of_record
